<?xml version="1.0" encoding="UTF-8"?>
<coverage generated="1772808277644" clover="3.2.0">
  <project timestamp="1772808277644" name="All files">
    <metrics statements="2199" coveredstatements="591" conditionals="1413" coveredconditionals="358" methods="380" coveredmethods="108" elements="3992" coveredelements="1057" complexity="0" loc="2199" ncloc="2199" packages="26" files="72" classes="72"/>
    <package name="src">
      <metrics statements="97" coveredstatements="0" conditionals="59" coveredconditionals="0" methods="10" coveredmethods="0"/>
      <file name="app.module.ts" path="C:\Users\Admin\Desktop\TzDraft\backend\src\app.module.ts">
        <metrics statements="13" coveredstatements="0" conditionals="0" coveredconditionals="0" methods="0" coveredmethods="0"/>
        <line num="1" count="0" type="stmt"/>
        <line num="2" count="0" type="stmt"/>
        <line num="3" count="0" type="stmt"/>
        <line num="4" count="0" type="stmt"/>
        <line num="5" count="0" type="stmt"/>
        <line num="6" count="0" type="stmt"/>
        <line num="7" count="0" type="stmt"/>
        <line num="8" count="0" type="stmt"/>
        <line num="9" count="0" type="stmt"/>
        <line num="10" count="0" type="stmt"/>
        <line num="11" count="0" type="stmt"/>
        <line num="12" count="0" type="stmt"/>
        <line num="38" count="0" type="stmt"/>
      </file>
      <file name="instrument.ts" path="C:\Users\Admin\Desktop\TzDraft\backend\src\instrument.ts">
        <metrics statements="2" coveredstatements="0" conditionals="2" coveredconditionals="0" methods="0" coveredmethods="0"/>
        <line num="3" count="0" type="stmt"/>
        <line num="5" count="0" type="stmt"/>
      </file>
      <file name="main.ts" path="C:\Users\Admin\Desktop\TzDraft\backend\src\main.ts">
        <metrics statements="82" coveredstatements="0" conditionals="57" coveredconditionals="0" methods="10" coveredmethods="0"/>
        <line num="2" count="0" type="stmt"/>
        <line num="3" count="0" type="stmt"/>
        <line num="4" count="0" type="stmt"/>
        <line num="5" count="0" type="stmt"/>
        <line num="6" count="0" type="stmt"/>
        <line num="8" count="0" type="stmt"/>
        <line num="11" count="0" type="stmt"/>
        <line num="13" count="0" type="stmt"/>
        <line num="18" count="0" type="stmt"/>
        <line num="21" count="0" type="stmt"/>
        <line num="25" count="0" type="cond" truecount="0" falsecount="5"/>
        <line num="32" count="0" type="stmt"/>
        <line num="34" count="0" type="stmt"/>
        <line num="36" count="0" type="cond" truecount="0" falsecount="2"/>
        <line num="41" count="0" type="stmt"/>
        <line num="43" count="0" type="stmt"/>
        <line num="45" count="0" type="stmt"/>
        <line num="48" count="0" type="cond" truecount="0" falsecount="2"/>
        <line num="49" count="0" type="cond" truecount="0" falsecount="4"/>
        <line num="50" count="0" type="stmt"/>
        <line num="52" count="0" type="stmt"/>
        <line num="55" count="0" type="stmt"/>
        <line num="57" count="0" type="cond" truecount="0" falsecount="2"/>
        <line num="58" count="0" type="stmt"/>
        <line num="59" count="0" type="cond" truecount="0" falsecount="2"/>
        <line num="60" count="0" type="cond" truecount="0" falsecount="2"/>
        <line num="61" count="0" type="stmt"/>
        <line num="63" count="0" type="stmt"/>
        <line num="64" count="0" type="cond" truecount="0" falsecount="2"/>
        <line num="65" count="0" type="stmt"/>
        <line num="66" count="0" type="stmt"/>
        <line num="67" count="0" type="stmt"/>
        <line num="68" count="0" type="cond" truecount="0" falsecount="2"/>
        <line num="69" count="0" type="cond" truecount="0" falsecount="2"/>
        <line num="70" count="0" type="stmt"/>
        <line num="71" count="0" type="stmt"/>
        <line num="72" count="0" type="cond" truecount="0" falsecount="2"/>
        <line num="73" count="0" type="cond" truecount="0" falsecount="2"/>
        <line num="74" count="0" type="stmt"/>
        <line num="78" count="0" type="stmt"/>
        <line num="79" count="0" type="stmt"/>
        <line num="80" count="0" type="stmt"/>
        <line num="81" count="0" type="cond" truecount="0" falsecount="2"/>
        <line num="84" count="0" type="stmt"/>
        <line num="87" count="0" type="cond" truecount="0" falsecount="2"/>
        <line num="90" count="0" type="stmt"/>
        <line num="101" count="0" type="stmt"/>
        <line num="102" count="0" type="cond" truecount="0" falsecount="2"/>
        <line num="105" count="0" type="cond" truecount="0" falsecount="2"/>
        <line num="106" count="0" type="stmt"/>
        <line num="109" count="0" type="stmt"/>
        <line num="110" count="0" type="stmt"/>
        <line num="111" count="0" type="stmt"/>
        <line num="113" count="0" type="stmt"/>
        <line num="114" count="0" type="stmt"/>
        <line num="115" count="0" type="cond" truecount="0" falsecount="2"/>
        <line num="116" count="0" type="stmt"/>
        <line num="117" count="0" type="stmt"/>
        <line num="118" count="0" type="stmt"/>
        <line num="119" count="0" type="stmt"/>
        <line num="121" count="0" type="stmt"/>
        <line num="124" count="0" type="stmt"/>
        <line num="125" count="0" type="stmt"/>
        <line num="126" count="0" type="stmt"/>
        <line num="128" count="0" type="cond" truecount="0" falsecount="2"/>
        <line num="132" count="0" type="stmt"/>
        <line num="135" count="0" type="cond" truecount="0" falsecount="2"/>
        <line num="136" count="0" type="stmt"/>
        <line num="138" count="0" type="stmt"/>
        <line num="141" count="0" type="stmt"/>
        <line num="143" count="0" type="stmt"/>
        <line num="144" count="0" type="stmt"/>
        <line num="148" count="0" type="stmt"/>
        <line num="149" count="0" type="stmt"/>
        <line num="150" count="0" type="stmt"/>
        <line num="154" count="0" type="stmt"/>
        <line num="157" count="0" type="stmt"/>
        <line num="165" count="0" type="cond" truecount="0" falsecount="2"/>
        <line num="168" count="0" type="stmt"/>
        <line num="170" count="0" type="cond" truecount="0" falsecount="2"/>
        <line num="171" count="0" type="stmt"/>
        <line num="174" count="0" type="stmt"/>
      </file>
    </package>
    <package name="src.application.use-cases">
      <metrics statements="308" coveredstatements="104" conditionals="205" coveredconditionals="59" methods="40" coveredmethods="6"/>
      <file name="create-game.use-case.ts" path="C:\Users\Admin\Desktop\TzDraft\backend\src\application\use-cases\create-game.use-case.ts">
        <metrics statements="62" coveredstatements="5" conditionals="49" coveredconditionals="0" methods="9" coveredmethods="0"/>
        <line num="1" count="1" type="stmt"/>
        <line num="9" count="1" type="stmt"/>
        <line num="10" count="1" type="stmt"/>
        <line num="15" count="1" type="stmt"/>
        <line num="19" count="0" type="stmt"/>
        <line num="20" count="0" type="stmt"/>
        <line num="21" count="0" type="stmt"/>
        <line num="22" count="0" type="stmt"/>
        <line num="24" count="0" type="stmt"/>
        <line num="32" count="1" type="stmt"/>
        <line num="35" count="0" type="stmt"/>
        <line num="47" count="0" type="stmt"/>
        <line num="59" count="0" type="stmt"/>
        <line num="60" count="0" type="stmt"/>
        <line num="73" count="0" type="cond" truecount="0" falsecount="2"/>
        <line num="74" count="0" type="cond" truecount="0" falsecount="2"/>
        <line num="75" count="0" type="cond" truecount="0" falsecount="2"/>
        <line num="76" count="0" type="cond" truecount="0" falsecount="2"/>
        <line num="78" count="0" type="stmt"/>
        <line num="90" count="0" type="stmt"/>
        <line num="91" count="0" type="stmt"/>
        <line num="105" count="0" type="stmt"/>
        <line num="107" count="0" type="stmt"/>
        <line num="110" count="0" type="cond" truecount="0" falsecount="2"/>
        <line num="111" count="0" type="cond" truecount="0" falsecount="2"/>
        <line num="112" count="0" type="cond" truecount="0" falsecount="2"/>
        <line num="113" count="0" type="cond" truecount="0" falsecount="2"/>
        <line num="115" count="0" type="stmt"/>
        <line num="136" count="0" type="stmt"/>
        <line num="137" count="0" type="stmt"/>
        <line num="144" count="0" type="stmt"/>
        <line num="145" count="0" type="cond" truecount="0" falsecount="2"/>
        <line num="146" count="0" type="stmt"/>
        <line num="148" count="0" type="cond" truecount="0" falsecount="2"/>
        <line num="149" count="0" type="stmt"/>
        <line num="151" count="0" type="cond" truecount="0" falsecount="4"/>
        <line num="152" count="0" type="stmt"/>
        <line num="154" count="0" type="stmt"/>
        <line num="162" count="0" type="stmt"/>
        <line num="163" count="0" type="cond" truecount="0" falsecount="2"/>
        <line num="164" count="0" type="stmt"/>
        <line num="166" count="0" type="cond" truecount="0" falsecount="2"/>
        <line num="167" count="0" type="stmt"/>
        <line num="169" count="0" type="cond" truecount="0" falsecount="4"/>
        <line num="170" count="0" type="stmt"/>
        <line num="176" count="0" type="cond" truecount="0" falsecount="2"/>
        <line num="179" count="0" type="cond" truecount="0" falsecount="2"/>
        <line num="180" count="0" type="stmt"/>
        <line num="182" count="0" type="stmt"/>
        <line num="191" count="0" type="stmt"/>
        <line num="192" count="0" type="cond" truecount="0" falsecount="2"/>
        <line num="193" count="0" type="cond" truecount="0" falsecount="2"/>
        <line num="194" count="0" type="stmt"/>
        <line num="198" count="0" type="stmt"/>
        <line num="199" count="0" type="stmt"/>
        <line num="201" count="0" type="stmt"/>
        <line num="213" count="0" type="stmt"/>
        <line num="214" count="0" type="stmt"/>
        <line num="221" count="0" type="stmt"/>
        <line num="223" count="0" type="cond" truecount="0" falsecount="2"/>
        <line num="224" count="0" type="stmt"/>
        <line num="227" count="0" type="stmt"/>
      </file>
      <file name="end-game.use-case.ts" path="C:\Users\Admin\Desktop\TzDraft\backend\src\application\use-cases\end-game.use-case.ts">
        <metrics statements="43" coveredstatements="4" conditionals="24" coveredconditionals="3" methods="6" coveredmethods="0"/>
        <line num="1" count="1" type="stmt"/>
        <line num="3" count="1" type="stmt"/>
        <line num="4" count="1" type="stmt"/>
        <line num="12" count="1" type="stmt"/>
        <line num="15" count="0" type="stmt"/>
        <line num="16" count="0" type="cond" truecount="3" falsecount="1"/>
        <line num="23" count="0" type="stmt"/>
        <line num="24" count="0" type="cond" truecount="0" falsecount="2"/>
        <line num="25" count="0" type="stmt"/>
        <line num="27" count="0" type="stmt"/>
        <line num="30" count="0" type="cond" truecount="0" falsecount="2"/>
        <line num="32" count="0" type="stmt"/>
        <line num="33" count="0" type="stmt"/>
        <line num="34" count="0" type="stmt"/>
        <line num="40" count="0" type="stmt"/>
        <line num="47" count="0" type="stmt"/>
        <line num="48" count="0" type="cond" truecount="0" falsecount="2"/>
        <line num="49" count="0" type="stmt"/>
        <line num="51" count="0" type="stmt"/>
        <line num="54" count="0" type="cond" truecount="0" falsecount="2"/>
        <line num="56" count="0" type="stmt"/>
        <line num="57" count="0" type="stmt"/>
        <line num="58" count="0" type="stmt"/>
        <line num="70" count="0" type="stmt"/>
        <line num="71" count="0" type="cond" truecount="0" falsecount="2"/>
        <line num="72" count="0" type="stmt"/>
        <line num="74" count="0" type="stmt"/>
        <line num="76" count="0" type="stmt"/>
        <line num="77" count="0" type="stmt"/>
        <line num="78" count="0" type="stmt"/>
        <line num="92" count="0" type="stmt"/>
        <line num="93" count="0" type="cond" truecount="0" falsecount="2"/>
        <line num="94" count="0" type="stmt"/>
        <line num="96" count="0" type="stmt"/>
        <line num="98" count="0" type="stmt"/>
        <line num="99" count="0" type="stmt"/>
        <line num="100" count="0" type="cond" truecount="0" falsecount="2"/>
        <line num="102" count="0" type="cond" truecount="0" falsecount="2"/>
        <line num="103" count="0" type="stmt"/>
        <line num="106" count="0" type="stmt"/>
        <line num="107" count="0" type="stmt"/>
        <line num="115" count="0" type="cond" truecount="0" falsecount="4"/>
        <line num="116" count="0" type="stmt"/>
      </file>
      <file name="get-ai-move.use-case.ts" path="C:\Users\Admin\Desktop\TzDraft\backend\src\application\use-cases\get-ai-move.use-case.ts">
        <metrics statements="20" coveredstatements="0" conditionals="12" coveredconditionals="0" methods="3" coveredmethods="0"/>
        <line num="1" count="0" type="stmt"/>
        <line num="2" count="0" type="stmt"/>
        <line num="28" count="0" type="stmt"/>
        <line num="29" count="0" type="stmt"/>
        <line num="31" count="0" type="cond" truecount="0" falsecount="4"/>
        <line num="46" count="0" type="stmt"/>
        <line num="48" count="0" type="cond" truecount="0" falsecount="2"/>
        <line num="49" count="0" type="stmt"/>
        <line num="53" count="0" type="cond" truecount="0" falsecount="2"/>
        <line num="54" count="0" type="stmt"/>
        <line num="57" count="0" type="stmt"/>
        <line num="60" count="0" type="stmt"/>
        <line num="61" count="0" type="stmt"/>
        <line num="67" count="0" type="stmt"/>
        <line num="75" count="0" type="stmt"/>
        <line num="76" count="0" type="stmt"/>
        <line num="77" count="0" type="stmt"/>
        <line num="78" count="0" type="cond" truecount="0" falsecount="2"/>
        <line num="80" count="0" type="stmt"/>
        <line num="83" count="0" type="stmt"/>
      </file>
      <file name="get-game-state.use-case.ts" path="C:\Users\Admin\Desktop\TzDraft\backend\src\application\use-cases\get-game-state.use-case.ts">
        <metrics statements="20" coveredstatements="0" conditionals="10" coveredconditionals="0" methods="4" coveredmethods="0"/>
        <line num="1" count="0" type="stmt"/>
        <line num="6" count="0" type="stmt"/>
        <line num="14" count="0" type="stmt"/>
        <line num="17" count="0" type="stmt"/>
        <line num="19" count="0" type="stmt"/>
        <line num="20" count="0" type="cond" truecount="0" falsecount="4"/>
        <line num="31" count="0" type="stmt"/>
        <line num="32" count="0" type="cond" truecount="0" falsecount="2"/>
        <line num="33" count="0" type="stmt"/>
        <line num="36" count="0" type="stmt"/>
        <line num="37" count="0" type="stmt"/>
        <line num="39" count="0" type="stmt"/>
        <line num="59" count="0" type="stmt"/>
        <line num="60" count="0" type="cond" truecount="0" falsecount="2"/>
        <line num="61" count="0" type="stmt"/>
        <line num="64" count="0" type="stmt"/>
        <line num="69" count="0" type="stmt"/>
        <line num="71" count="0" type="stmt"/>
        <line num="82" count="0" type="stmt"/>
        <line num="89" count="0" type="stmt"/>
      </file>
      <file name="get-legal-moves.use-case.ts" path="C:\Users\Admin\Desktop\TzDraft\backend\src\application\use-cases\get-legal-moves.use-case.ts">
        <metrics statements="17" coveredstatements="0" conditionals="6" coveredconditionals="0" methods="3" coveredmethods="0"/>
        <line num="1" count="0" type="stmt"/>
        <line num="3" count="0" type="stmt"/>
        <line num="5" count="0" type="stmt"/>
        <line num="12" count="0" type="stmt"/>
        <line num="17" count="0" type="stmt"/>
        <line num="19" count="0" type="stmt"/>
        <line num="26" count="0" type="stmt"/>
        <line num="27" count="0" type="cond" truecount="0" falsecount="2"/>
        <line num="28" count="0" type="stmt"/>
        <line num="31" count="0" type="stmt"/>
        <line num="38" count="0" type="stmt"/>
        <line num="39" count="0" type="cond" truecount="0" falsecount="2"/>
        <line num="40" count="0" type="stmt"/>
        <line num="43" count="0" type="stmt"/>
        <line num="44" count="0" type="cond" truecount="0" falsecount="2"/>
        <line num="45" count="0" type="stmt"/>
        <line num="48" count="0" type="stmt"/>
      </file>
      <file name="join-queue.use-case.ts" path="C:\Users\Admin\Desktop\TzDraft\backend\src\application\use-cases\join-queue.use-case.ts">
        <metrics statements="46" coveredstatements="38" conditionals="28" coveredconditionals="15" methods="4" coveredmethods="3"/>
        <line num="1" count="1" type="stmt"/>
        <line num="2" count="1" type="stmt"/>
        <line num="3" count="1" type="stmt"/>
        <line num="5" count="1" type="stmt"/>
        <line num="6" count="1" type="stmt"/>
        <line num="7" count="1" type="stmt"/>
        <line num="10" count="1" type="stmt"/>
        <line num="11" count="1" type="stmt"/>
        <line num="20" count="1" type="stmt"/>
        <line num="23" count="1" type="stmt"/>
        <line num="24" count="1" type="cond" truecount="3" falsecount="1"/>
        <line num="33" count="2" type="stmt"/>
        <line num="34" count="3" type="stmt"/>
        <line num="35" count="3" type="stmt"/>
        <line num="38" count="3" type="stmt"/>
        <line num="39" count="3" type="stmt"/>
        <line num="44" count="3" type="stmt"/>
        <line num="47" count="3" type="stmt"/>
        <line num="54" count="3" type="cond" truecount="1" falsecount="1"/>
        <line num="55" count="0" type="stmt"/>
        <line num="61" count="3" type="stmt"/>
        <line num="63" count="3" type="cond" truecount="1" falsecount="1"/>
        <line num="77" count="3" type="stmt"/>
        <line num="86" count="3" type="cond" truecount="2" falsecount="0"/>
        <line num="88" count="2" type="stmt"/>
        <line num="92" count="2" type="cond" truecount="2" falsecount="0"/>
        <line num="93" count="1" type="stmt"/>
        <line num="97" count="1" type="stmt"/>
        <line num="107" count="1" type="cond" truecount="1" falsecount="1"/>
        <line num="108" count="0" type="stmt"/>
        <line num="113" count="1" type="cond" truecount="1" falsecount="1"/>
        <line num="117" count="1" type="stmt"/>
        <line num="128" count="1" type="stmt"/>
        <line num="130" count="1" type="stmt"/>
        <line num="159" count="1" type="stmt"/>
        <line num="167" count="1" type="stmt"/>
        <line num="187" count="1" type="stmt"/>
        <line num="192" count="3" type="cond" truecount="2" falsecount="0"/>
        <line num="193" count="1" type="stmt"/>
        <line num="196" count="2" type="stmt"/>
        <line num="198" count="0" type="cond" truecount="0" falsecount="2"/>
        <line num="203" count="0" type="stmt"/>
        <line num="205" count="0" type="stmt"/>
        <line num="210" count="0" type="stmt"/>
        <line num="218" count="0" type="stmt"/>
        <line num="222" count="0" type="stmt"/>
      </file>
      <file name="make-move.use-case.ts" path="C:\Users\Admin\Desktop\TzDraft\backend\src\application\use-cases\make-move.use-case.ts">
        <metrics statements="72" coveredstatements="53" conditionals="60" coveredconditionals="38" methods="6" coveredmethods="3"/>
        <line num="1" count="1" type="stmt"/>
        <line num="8" count="1" type="stmt"/>
        <line num="11" count="1" type="stmt"/>
        <line num="12" count="1" type="stmt"/>
        <line num="13" count="1" type="stmt"/>
        <line num="15" count="1" type="stmt"/>
        <line num="21" count="1" type="stmt"/>
        <line num="28" count="1" type="stmt"/>
        <line num="34" count="11" type="stmt"/>
        <line num="36" count="11" type="stmt"/>
        <line num="37" count="0" type="stmt"/>
        <line num="38" count="11" type="cond" truecount="6" falsecount="2"/>
        <line num="39" count="11" type="stmt"/>
        <line num="41" count="11" type="stmt"/>
        <line num="42" count="11" type="stmt"/>
        <line num="59" count="11" type="stmt"/>
        <line num="60" count="11" type="cond" truecount="2" falsecount="0"/>
        <line num="61" count="1" type="stmt"/>
        <line num="65" count="10" type="stmt"/>
        <line num="68" count="9" type="stmt"/>
        <line num="69" count="9" type="stmt"/>
        <line num="72" count="9" type="stmt"/>
        <line num="73" count="9" type="stmt"/>
        <line num="74" count="9" type="stmt"/>
        <line num="76" count="9" type="stmt"/>
        <line num="84" count="9" type="cond" truecount="5" falsecount="0"/>
        <line num="85" count="2" type="stmt"/>
        <line num="91" count="7" type="stmt"/>
        <line num="105" count="7" type="stmt"/>
        <line num="108" count="7" type="cond" truecount="1" falsecount="1"/>
        <line num="109" count="7" type="cond" truecount="2" falsecount="0"/>
        <line num="110" count="2" type="stmt"/>
        <line num="111" count="2" type="cond" truecount="1" falsecount="1"/>
        <line num="112" count="2" type="stmt"/>
        <line num="118" count="7" type="cond" truecount="2" falsecount="0"/>
        <line num="119" count="5" type="cond" truecount="1" falsecount="1"/>
        <line num="120" count="0" type="stmt"/>
        <line num="121" count="5" type="cond" truecount="1" falsecount="1"/>
        <line num="124" count="0" type="stmt"/>
        <line num="125" count="5" type="cond" truecount="1" falsecount="1"/>
        <line num="128" count="0" type="stmt"/>
        <line num="129" count="5" type="cond" truecount="1" falsecount="1"/>
        <line num="132" count="0" type="stmt"/>
        <line num="137" count="7" type="stmt"/>
        <line num="142" count="7" type="stmt"/>
        <line num="144" count="7" type="cond" truecount="2" falsecount="2"/>
        <line num="145" count="0" type="stmt"/>
        <line num="146" count="0" type="stmt"/>
        <line num="147" count="0" type="stmt"/>
        <line num="149" count="0" type="cond" truecount="0" falsecount="2"/>
        <line num="150" count="0" type="stmt"/>
        <line num="152" count="0" type="stmt"/>
        <line num="156" count="0" type="cond" truecount="0" falsecount="2"/>
        <line num="157" count="0" type="cond" truecount="0" falsecount="2"/>
        <line num="158" count="0" type="stmt"/>
        <line num="159" count="0" type="cond" truecount="0" falsecount="2"/>
        <line num="160" count="0" type="stmt"/>
        <line num="164" count="0" type="stmt"/>
        <line num="169" count="0" type="stmt"/>
        <line num="173" count="7" type="stmt"/>
        <line num="174" count="7" type="stmt"/>
        <line num="177" count="7" type="stmt"/>
        <line num="188" count="7" type="cond" truecount="4" falsecount="0"/>
        <line num="190" count="2" type="stmt"/>
        <line num="200" count="2" type="cond" truecount="1" falsecount="1"/>
        <line num="205" count="2" type="stmt"/>
        <line num="212" count="7" type="stmt"/>
        <line num="222" count="10" type="cond" truecount="2" falsecount="0"/>
        <line num="223" count="9" type="stmt"/>
        <line num="225" count="1" type="cond" truecount="1" falsecount="1"/>
        <line num="226" count="0" type="stmt"/>
        <line num="228" count="1" type="stmt"/>
      </file>
      <file name="rating.service.ts" path="C:\Users\Admin\Desktop\TzDraft\backend\src\application\use-cases\rating.service.ts">
        <metrics statements="15" coveredstatements="4" conditionals="16" coveredconditionals="3" methods="4" coveredmethods="0"/>
        <line num="1" count="1" type="stmt"/>
        <line num="2" count="1" type="stmt"/>
        <line num="3" count="1" type="stmt"/>
        <line num="11" count="1" type="stmt"/>
        <line num="12" count="0" type="cond" truecount="3" falsecount="1"/>
        <line num="24" count="0" type="cond" truecount="0" falsecount="4"/>
        <line num="26" count="0" type="stmt"/>
        <line num="27" count="0" type="stmt"/>
        <line num="41" count="0" type="cond" truecount="0" falsecount="4"/>
        <line num="43" count="0" type="stmt"/>
        <line num="52" count="0" type="stmt"/>
        <line num="74" count="0" type="cond" truecount="0" falsecount="2"/>
        <line num="75" count="0" type="cond" truecount="0" falsecount="2"/>
        <line num="76" count="0" type="stmt"/>
        <line num="77" count="0" type="stmt"/>
      </file>
      <file name="use-cases.module.ts" path="C:\Users\Admin\Desktop\TzDraft\backend\src\application\use-cases\use-cases.module.ts">
        <metrics statements="13" coveredstatements="0" conditionals="0" coveredconditionals="0" methods="1" coveredmethods="0"/>
        <line num="1" count="0" type="stmt"/>
        <line num="2" count="0" type="stmt"/>
        <line num="3" count="0" type="stmt"/>
        <line num="4" count="0" type="stmt"/>
        <line num="5" count="0" type="stmt"/>
        <line num="6" count="0" type="stmt"/>
        <line num="7" count="0" type="stmt"/>
        <line num="8" count="0" type="stmt"/>
        <line num="9" count="0" type="stmt"/>
        <line num="10" count="0" type="stmt"/>
        <line num="11" count="0" type="stmt"/>
        <line num="18" count="0" type="stmt"/>
        <line num="38" count="0" type="stmt"/>
      </file>
    </package>
    <package name="src.auth">
      <metrics statements="246" coveredstatements="0" conditionals="155" coveredconditionals="0" methods="37" coveredmethods="0"/>
      <file name="auth.controller.ts" path="C:\Users\Admin\Desktop\TzDraft\backend\src\auth\auth.controller.ts">
        <metrics statements="72" coveredstatements="0" conditionals="44" coveredconditionals="0" methods="17" coveredmethods="0"/>
        <line num="1" count="0" type="stmt"/>
        <line num="15" count="0" type="stmt"/>
        <line num="16" count="0" type="stmt"/>
        <line num="17" count="0" type="stmt"/>
        <line num="18" count="0" type="stmt"/>
        <line num="25" count="0" type="stmt"/>
        <line num="26" count="0" type="stmt"/>
        <line num="27" count="0" type="stmt"/>
        <line num="30" count="0" type="stmt"/>
        <line num="32" count="0" type="cond" truecount="0" falsecount="8"/>
        <line num="33" count="0" type="stmt"/>
        <line num="37" count="0" type="stmt"/>
        <line num="38" count="0" type="cond" truecount="0" falsecount="2"/>
        <line num="40" count="0" type="stmt"/>
        <line num="41" count="0" type="stmt"/>
        <line num="42" count="0" type="stmt"/>
        <line num="43" count="0" type="cond" truecount="0" falsecount="2"/>
        <line num="44" count="0" type="stmt"/>
        <line num="48" count="0" type="stmt"/>
        <line num="52" count="0" type="stmt"/>
        <line num="53" count="0" type="stmt"/>
        <line num="55" count="0" type="stmt"/>
        <line num="67" count="0" type="stmt"/>
        <line num="68" count="0" type="stmt"/>
        <line num="73" count="0" type="cond" truecount="0" falsecount="4"/>
        <line num="74" count="0" type="stmt"/>
        <line num="80" count="0" type="cond" truecount="0" falsecount="4"/>
        <line num="81" count="0" type="stmt"/>
        <line num="87" count="0" type="cond" truecount="0" falsecount="4"/>
        <line num="88" count="0" type="stmt"/>
        <line num="94" count="0" type="cond" truecount="0" falsecount="4"/>
        <line num="95" count="0" type="stmt"/>
        <line num="96" count="0" type="stmt"/>
        <line num="102" count="0" type="stmt"/>
        <line num="107" count="0" type="stmt"/>
        <line num="108" count="0" type="cond" truecount="0" falsecount="2"/>
        <line num="110" count="0" type="cond" truecount="0" falsecount="2"/>
        <line num="111" count="0" type="stmt"/>
        <line num="114" count="0" type="stmt"/>
        <line num="118" count="0" type="stmt"/>
        <line num="119" count="0" type="stmt"/>
        <line num="120" count="0" type="stmt"/>
        <line num="122" count="0" type="stmt"/>
        <line num="128" count="0" type="stmt"/>
        <line num="134" count="0" type="stmt"/>
        <line num="135" count="0" type="cond" truecount="0" falsecount="2"/>
        <line num="136" count="0" type="cond" truecount="0" falsecount="2"/>
        <line num="137" count="0" type="stmt"/>
        <line num="140" count="0" type="stmt"/>
        <line num="141" count="0" type="stmt"/>
        <line num="142" count="0" type="stmt"/>
        <line num="147" count="0" type="stmt"/>
        <line num="148" count="0" type="stmt"/>
        <line num="153" count="0" type="stmt"/>
        <line num="154" count="0" type="stmt"/>
        <line num="159" count="0" type="stmt"/>
        <line num="160" count="0" type="stmt"/>
        <line num="165" count="0" type="stmt"/>
        <line num="169" count="0" type="stmt"/>
        <line num="174" count="0" type="cond" truecount="0" falsecount="4"/>
        <line num="175" count="0" type="stmt"/>
        <line num="185" count="0" type="stmt"/>
        <line num="192" count="0" type="stmt"/>
        <line num="193" count="0" type="cond" truecount="0" falsecount="2"/>
        <line num="194" count="0" type="stmt"/>
        <line num="196" count="0" type="stmt"/>
        <line num="199" count="0" type="stmt"/>
        <line num="202" count="0" type="stmt"/>
        <line num="203" count="0" type="stmt"/>
        <line num="204" count="0" type="stmt"/>
        <line num="206" count="0" type="stmt"/>
        <line num="208" count="0" type="stmt"/>
      </file>
      <file name="auth.module.ts" path="C:\Users\Admin\Desktop\TzDraft\backend\src\auth\auth.module.ts">
        <metrics statements="16" coveredstatements="0" conditionals="0" coveredconditionals="0" methods="1" coveredmethods="0"/>
        <line num="1" count="0" type="stmt"/>
        <line num="2" count="0" type="stmt"/>
        <line num="3" count="0" type="stmt"/>
        <line num="4" count="0" type="stmt"/>
        <line num="5" count="0" type="stmt"/>
        <line num="6" count="0" type="stmt"/>
        <line num="7" count="0" type="stmt"/>
        <line num="8" count="0" type="stmt"/>
        <line num="9" count="0" type="stmt"/>
        <line num="10" count="0" type="stmt"/>
        <line num="11" count="0" type="stmt"/>
        <line num="12" count="0" type="stmt"/>
        <line num="13" count="0" type="stmt"/>
        <line num="14" count="0" type="stmt"/>
        <line num="24" count="0" type="stmt"/>
        <line num="44" count="0" type="stmt"/>
      </file>
      <file name="auth.service.ts" path="C:\Users\Admin\Desktop\TzDraft\backend\src\auth\auth.service.ts">
        <metrics statements="126" coveredstatements="0" conditionals="80" coveredconditionals="0" methods="14" coveredmethods="0"/>
        <line num="1" count="0" type="stmt"/>
        <line num="8" count="0" type="stmt"/>
        <line num="9" count="0" type="stmt"/>
        <line num="10" count="0" type="stmt"/>
        <line num="11" count="0" type="stmt"/>
        <line num="12" count="0" type="stmt"/>
        <line num="14" count="0" type="stmt"/>
        <line num="15" count="0" type="stmt"/>
        <line num="18" count="0" type="stmt"/>
        <line num="20" count="0" type="cond" truecount="0" falsecount="8"/>
        <line num="21" count="0" type="cond" truecount="0" falsecount="4"/>
        <line num="22" count="0" type="cond" truecount="0" falsecount="4"/>
        <line num="23" count="0" type="stmt"/>
        <line num="28" count="0" type="cond" truecount="0" falsecount="2"/>
        <line num="29" count="0" type="stmt"/>
        <line num="33" count="0" type="stmt"/>
        <line num="36" count="0" type="stmt"/>
        <line num="46" count="0" type="cond" truecount="0" falsecount="2"/>
        <line num="47" count="0" type="stmt"/>
        <line num="53" count="0" type="stmt"/>
        <line num="65" count="0" type="cond" truecount="0" falsecount="2"/>
        <line num="66" count="0" type="stmt"/>
        <line num="72" count="0" type="stmt"/>
        <line num="75" count="0" type="stmt"/>
        <line num="97" count="0" type="stmt"/>
        <line num="102" count="0" type="stmt"/>
        <line num="104" count="0" type="stmt"/>
        <line num="121" count="0" type="stmt"/>
        <line num="133" count="0" type="cond" truecount="0" falsecount="2"/>
        <line num="134" count="0" type="stmt"/>
        <line num="138" count="0" type="cond" truecount="0" falsecount="2"/>
        <line num="139" count="0" type="stmt"/>
        <line num="145" count="0" type="stmt"/>
        <line num="149" count="0" type="cond" truecount="0" falsecount="2"/>
        <line num="150" count="0" type="stmt"/>
        <line num="154" count="0" type="stmt"/>
        <line num="161" count="0" type="stmt"/>
        <line num="162" count="0" type="stmt"/>
        <line num="163" count="0" type="cond" truecount="0" falsecount="4"/>
        <line num="164" count="0" type="stmt"/>
        <line num="168" count="0" type="stmt"/>
        <line num="172" count="0" type="stmt"/>
        <line num="174" count="0" type="stmt"/>
        <line num="193" count="0" type="stmt"/>
        <line num="198" count="0" type="cond" truecount="0" falsecount="4"/>
        <line num="199" count="0" type="stmt"/>
        <line num="203" count="0" type="stmt"/>
        <line num="208" count="0" type="stmt"/>
        <line num="212" count="0" type="stmt"/>
        <line num="221" count="0" type="stmt"/>
        <line num="225" count="0" type="cond" truecount="0" falsecount="4"/>
        <line num="226" count="0" type="stmt"/>
        <line num="229" count="0" type="stmt"/>
        <line num="234" count="0" type="stmt"/>
        <line num="238" count="0" type="stmt"/>
        <line num="242" count="0" type="stmt"/>
        <line num="246" count="0" type="cond" truecount="0" falsecount="2"/>
        <line num="248" count="0" type="stmt"/>
        <line num="255" count="0" type="stmt"/>
        <line num="260" count="0" type="stmt"/>
        <line num="261" count="0" type="stmt"/>
        <line num="270" count="0" type="stmt"/>
        <line num="272" count="0" type="stmt"/>
        <line num="282" count="0" type="stmt"/>
        <line num="286" count="0" type="cond" truecount="0" falsecount="4"/>
        <line num="287" count="0" type="stmt"/>
        <line num="290" count="0" type="stmt"/>
        <line num="292" count="0" type="stmt"/>
        <line num="297" count="0" type="stmt"/>
        <line num="301" count="0" type="stmt"/>
        <line num="309" count="0" type="stmt"/>
        <line num="312" count="0" type="stmt"/>
        <line num="324" count="0" type="cond" truecount="0" falsecount="2"/>
        <line num="325" count="0" type="stmt"/>
        <line num="331" count="0" type="stmt"/>
        <line num="335" count="0" type="cond" truecount="0" falsecount="2"/>
        <line num="336" count="0" type="stmt"/>
        <line num="340" count="0" type="stmt"/>
        <line num="341" count="0" type="stmt"/>
        <line num="347" count="0" type="stmt"/>
        <line num="351" count="0" type="stmt"/>
        <line num="361" count="0" type="stmt"/>
        <line num="366" count="0" type="cond" truecount="0" falsecount="2"/>
        <line num="368" count="0" type="cond" truecount="0" falsecount="4"/>
        <line num="369" count="0" type="stmt"/>
        <line num="377" count="0" type="cond" truecount="0" falsecount="2"/>
        <line num="378" count="0" type="stmt"/>
        <line num="387" count="0" type="stmt"/>
        <line num="391" count="0" type="stmt"/>
        <line num="392" count="0" type="stmt"/>
        <line num="394" count="0" type="stmt"/>
        <line num="414" count="0" type="stmt"/>
        <line num="419" count="0" type="stmt"/>
        <line num="424" count="0" type="stmt"/>
        <line num="425" count="0" type="stmt"/>
        <line num="426" count="0" type="stmt"/>
        <line num="428" count="0" type="stmt"/>
        <line num="429" count="0" type="stmt"/>
        <line num="433" count="0" type="cond" truecount="0" falsecount="2"/>
        <line num="434" count="0" type="stmt"/>
        <line num="438" count="0" type="stmt"/>
        <line num="439" count="0" type="stmt"/>
        <line num="440" count="0" type="stmt"/>
        <line num="443" count="0" type="stmt"/>
        <line num="448" count="0" type="stmt"/>
        <line num="450" count="0" type="stmt"/>
        <line num="451" count="0" type="stmt"/>
        <line num="452" count="0" type="stmt"/>
        <line num="454" count="0" type="stmt"/>
        <line num="455" count="0" type="stmt"/>
        <line num="459" count="0" type="cond" truecount="0" falsecount="2"/>
        <line num="460" count="0" type="stmt"/>
        <line num="464" count="0" type="stmt"/>
        <line num="465" count="0" type="stmt"/>
        <line num="468" count="0" type="stmt"/>
        <line num="475" count="0" type="stmt"/>
        <line num="476" count="0" type="stmt"/>
        <line num="477" count="0" type="stmt"/>
        <line num="478" count="0" type="stmt"/>
        <line num="480" count="0" type="stmt"/>
        <line num="491" count="0" type="stmt"/>
        <line num="493" count="0" type="stmt"/>
        <line num="511" count="0" type="stmt"/>
        <line num="520" count="0" type="stmt"/>
        <line num="529" count="0" type="stmt"/>
        <line num="537" count="0" type="stmt"/>
      </file>
      <file name="otp.service.ts" path="C:\Users\Admin\Desktop\TzDraft\backend\src\auth\otp.service.ts">
        <metrics statements="32" coveredstatements="0" conditionals="31" coveredconditionals="0" methods="5" coveredmethods="0"/>
        <line num="1" count="0" type="stmt"/>
        <line num="2" count="0" type="stmt"/>
        <line num="3" count="0" type="stmt"/>
        <line num="4" count="0" type="stmt"/>
        <line num="12" count="0" type="stmt"/>
        <line num="14" count="0" type="cond" truecount="0" falsecount="8"/>
        <line num="15" count="0" type="stmt"/>
        <line num="22" count="0" type="stmt"/>
        <line num="34" count="0" type="stmt"/>
        <line num="36" count="0" type="stmt"/>
        <line num="40" count="0" type="cond" truecount="0" falsecount="4"/>
        <line num="41" count="0" type="stmt"/>
        <line num="46" count="0" type="cond" truecount="0" falsecount="2"/>
        <line num="50" count="0" type="stmt"/>
        <line num="56" count="0" type="stmt"/>
        <line num="59" count="0" type="stmt"/>
        <line num="69" count="0" type="stmt"/>
        <line num="71" count="0" type="cond" truecount="0" falsecount="2"/>
        <line num="72" count="0" type="stmt"/>
        <line num="75" count="0" type="stmt"/>
        <line num="94" count="0" type="stmt"/>
        <line num="97" count="0" type="stmt"/>
        <line num="108" count="0" type="cond" truecount="0" falsecount="2"/>
        <line num="109" count="0" type="stmt"/>
        <line num="113" count="0" type="cond" truecount="0" falsecount="2"/>
        <line num="114" count="0" type="stmt"/>
        <line num="118" count="0" type="stmt"/>
        <line num="125" count="0" type="stmt"/>
        <line num="129" count="0" type="cond" truecount="0" falsecount="4"/>
        <line num="130" count="0" type="stmt"/>
        <line num="136" count="0" type="stmt"/>
        <line num="143" count="0" type="stmt"/>
      </file>
    </package>
    <package name="src.auth.decorators">
      <metrics statements="7" coveredstatements="0" conditionals="0" coveredconditionals="0" methods="2" coveredmethods="0"/>
      <file name="current-user.decorator.ts" path="C:\Users\Admin\Desktop\TzDraft\backend\src\auth\decorators\current-user.decorator.ts">
        <metrics statements="4" coveredstatements="0" conditionals="0" coveredconditionals="0" methods="1" coveredmethods="0"/>
        <line num="1" count="0" type="stmt"/>
        <line num="3" count="0" type="stmt"/>
        <line num="5" count="0" type="stmt"/>
        <line num="6" count="0" type="stmt"/>
      </file>
      <file name="public.decorator.ts" path="C:\Users\Admin\Desktop\TzDraft\backend\src\auth\decorators\public.decorator.ts">
        <metrics statements="3" coveredstatements="0" conditionals="0" coveredconditionals="0" methods="1" coveredmethods="0"/>
        <line num="1" count="0" type="stmt"/>
        <line num="3" count="0" type="stmt"/>
        <line num="4" count="0" type="stmt"/>
      </file>
    </package>
    <package name="src.auth.dto">
      <metrics statements="32" coveredstatements="0" conditionals="0" coveredconditionals="0" methods="4" coveredmethods="0"/>
      <file name="auth-response.dto.ts" path="C:\Users\Admin\Desktop\TzDraft\backend\src\auth\dto\auth-response.dto.ts">
        <metrics statements="1" coveredstatements="0" conditionals="0" coveredconditionals="0" methods="0" coveredmethods="0"/>
        <line num="1" count="0" type="stmt"/>
      </file>
      <file name="index.ts" path="C:\Users\Admin\Desktop\TzDraft\backend\src\auth\dto\index.ts">
        <metrics statements="5" coveredstatements="0" conditionals="0" coveredconditionals="0" methods="4" coveredmethods="0"/>
        <line num="1" count="0" type="stmt"/>
        <line num="2" count="0" type="stmt"/>
        <line num="3" count="0" type="stmt"/>
        <line num="4" count="0" type="stmt"/>
        <line num="5" count="0" type="stmt"/>
      </file>
      <file name="login.dto.ts" path="C:\Users\Admin\Desktop\TzDraft\backend\src\auth\dto\login.dto.ts">
        <metrics statements="4" coveredstatements="0" conditionals="0" coveredconditionals="0" methods="0" coveredmethods="0"/>
        <line num="1" count="0" type="stmt"/>
        <line num="3" count="0" type="stmt"/>
        <line num="6" count="0" type="stmt"/>
        <line num="10" count="0" type="stmt"/>
      </file>
      <file name="otp.dto.ts" path="C:\Users\Admin\Desktop\TzDraft\backend\src\auth\dto\otp.dto.ts">
        <metrics statements="12" coveredstatements="0" conditionals="0" coveredconditionals="0" methods="0" coveredmethods="0"/>
        <line num="1" count="0" type="stmt"/>
        <line num="11" count="0" type="stmt"/>
        <line num="16" count="0" type="stmt"/>
        <line num="20" count="0" type="stmt"/>
        <line num="23" count="0" type="stmt"/>
        <line num="28" count="0" type="stmt"/>
        <line num="33" count="0" type="stmt"/>
        <line num="37" count="0" type="stmt"/>
        <line num="40" count="0" type="stmt"/>
        <line num="45" count="0" type="stmt"/>
        <line num="51" count="0" type="stmt"/>
        <line num="57" count="0" type="stmt"/>
      </file>
      <file name="register.dto.ts" path="C:\Users\Admin\Desktop\TzDraft\backend\src\auth\dto\register.dto.ts">
        <metrics statements="10" coveredstatements="0" conditionals="0" coveredconditionals="0" methods="0" coveredmethods="0"/>
        <line num="1" count="0" type="stmt"/>
        <line num="9" count="0" type="stmt"/>
        <line num="15" count="0" type="stmt"/>
        <line num="20" count="0" type="stmt"/>
        <line num="24" count="0" type="stmt"/>
        <line num="28" count="0" type="stmt"/>
        <line num="32" count="0" type="stmt"/>
        <line num="36" count="0" type="stmt"/>
        <line num="40" count="0" type="stmt"/>
        <line num="44" count="0" type="stmt"/>
      </file>
    </package>
    <package name="src.auth.guards">
      <metrics statements="38" coveredstatements="5" conditionals="24" coveredconditionals="6" methods="6" coveredmethods="0"/>
      <file name="google-oauth.guard.ts" path="C:\Users\Admin\Desktop\TzDraft\backend\src\auth\guards\google-oauth.guard.ts">
        <metrics statements="5" coveredstatements="0" conditionals="2" coveredconditionals="0" methods="1" coveredmethods="0"/>
        <line num="1" count="0" type="stmt"/>
        <line num="2" count="0" type="stmt"/>
        <line num="6" count="0" type="stmt"/>
        <line num="8" count="0" type="cond" truecount="0" falsecount="2"/>
        <line num="10" count="0" type="stmt"/>
      </file>
      <file name="jwt-auth.guard.ts" path="C:\Users\Admin\Desktop\TzDraft\backend\src\auth\guards\jwt-auth.guard.ts">
        <metrics statements="11" coveredstatements="0" conditionals="6" coveredconditionals="0" methods="2" coveredmethods="0"/>
        <line num="1" count="0" type="stmt"/>
        <line num="2" count="0" type="stmt"/>
        <line num="3" count="0" type="stmt"/>
        <line num="4" count="0" type="stmt"/>
        <line num="7" count="0" type="stmt"/>
        <line num="8" count="0" type="cond" truecount="0" falsecount="4"/>
        <line num="9" count="0" type="stmt"/>
        <line num="14" count="0" type="stmt"/>
        <line num="19" count="0" type="cond" truecount="0" falsecount="2"/>
        <line num="20" count="0" type="stmt"/>
        <line num="23" count="0" type="stmt"/>
      </file>
      <file name="ws-jwt.guard.ts" path="C:\Users\Admin\Desktop\TzDraft\backend\src\auth\guards\ws-jwt.guard.ts">
        <metrics statements="22" coveredstatements="5" conditionals="16" coveredconditionals="6" methods="3" coveredmethods="0"/>
        <line num="1" count="1" type="stmt"/>
        <line num="7" count="1" type="stmt"/>
        <line num="8" count="1" type="stmt"/>
        <line num="10" count="1" type="stmt"/>
        <line num="13" count="1" type="stmt"/>
        <line num="15" count="0" type="cond" truecount="6" falsecount="2"/>
        <line num="16" count="0" type="stmt"/>
        <line num="20" count="0" type="stmt"/>
        <line num="21" count="0" type="stmt"/>
        <line num="22" count="0" type="stmt"/>
        <line num="24" count="0" type="cond" truecount="0" falsecount="2"/>
        <line num="25" count="0" type="stmt"/>
        <line num="28" count="0" type="stmt"/>
        <line num="33" count="0" type="stmt"/>
        <line num="37" count="0" type="stmt"/>
        <line num="39" count="0" type="stmt"/>
        <line num="45" count="0" type="stmt"/>
        <line num="46" count="0" type="cond" truecount="0" falsecount="2"/>
        <line num="49" count="0" type="stmt"/>
        <line num="50" count="0" type="cond" truecount="0" falsecount="2"/>
        <line num="52" count="0" type="stmt"/>
        <line num="53" count="0" type="cond" truecount="0" falsecount="2"/>
      </file>
    </package>
    <package name="src.auth.strategies">
      <metrics statements="41" coveredstatements="0" conditionals="48" coveredconditionals="0" methods="4" coveredmethods="0"/>
      <file name="google.strategy.ts" path="C:\Users\Admin\Desktop\TzDraft\backend\src\auth\strategies\google.strategy.ts">
        <metrics statements="22" coveredstatements="0" conditionals="24" coveredconditionals="0" methods="2" coveredmethods="0"/>
        <line num="1" count="0" type="stmt"/>
        <line num="2" count="0" type="stmt"/>
        <line num="3" count="0" type="stmt"/>
        <line num="4" count="0" type="stmt"/>
        <line num="5" count="0" type="stmt"/>
        <line num="8" count="0" type="stmt"/>
        <line num="10" count="0" type="cond" truecount="0" falsecount="8"/>
        <line num="11" count="0" type="stmt"/>
        <line num="13" count="0" type="stmt"/>
        <line num="15" count="0" type="cond" truecount="0" falsecount="2"/>
        <line num="17" count="0" type="cond" truecount="0" falsecount="2"/>
        <line num="18" count="0" type="cond" truecount="0" falsecount="2"/>
        <line num="21" count="0" type="cond" truecount="0" falsecount="4"/>
        <line num="23" count="0" type="stmt"/>
        <line num="25" count="0" type="cond" truecount="0" falsecount="4"/>
        <line num="26" count="0" type="stmt"/>
        <line num="28" count="0" type="cond" truecount="0" falsecount="2"/>
        <line num="29" count="0" type="stmt"/>
        <line num="32" count="0" type="stmt"/>
        <line num="46" count="0" type="stmt"/>
        <line num="48" count="0" type="stmt"/>
        <line num="55" count="0" type="stmt"/>
      </file>
      <file name="jwt.strategy.ts" path="C:\Users\Admin\Desktop\TzDraft\backend\src\auth\strategies\jwt.strategy.ts">
        <metrics statements="19" coveredstatements="0" conditionals="24" coveredconditionals="0" methods="2" coveredmethods="0"/>
        <line num="1" count="0" type="stmt"/>
        <line num="2" count="0" type="stmt"/>
        <line num="3" count="0" type="stmt"/>
        <line num="4" count="0" type="stmt"/>
        <line num="5" count="0" type="stmt"/>
        <line num="8" count="0" type="stmt"/>
        <line num="10" count="0" type="cond" truecount="0" falsecount="8"/>
        <line num="11" count="0" type="stmt"/>
        <line num="13" count="0" type="stmt"/>
        <line num="14" count="0" type="cond" truecount="0" falsecount="2"/>
        <line num="15" count="0" type="stmt"/>
        <line num="18" count="0" type="stmt"/>
        <line num="25" count="0" type="stmt"/>
        <line num="42" count="0" type="cond" truecount="0" falsecount="2"/>
        <line num="43" count="0" type="stmt"/>
        <line num="46" count="0" type="stmt"/>
        <line num="48" count="0" type="cond" truecount="0" falsecount="4"/>
        <line num="49" count="0" type="stmt"/>
        <line num="55" count="0" type="stmt"/>
      </file>
    </package>
    <package name="src.domain.game.entities">
      <metrics statements="134" coveredstatements="91" conditionals="118" coveredconditionals="38" methods="44" coveredmethods="26"/>
      <file name="game.entity.ts" path="C:\Users\Admin\Desktop\TzDraft\backend\src\domain\game\entities\game.entity.ts">
        <metrics statements="116" coveredstatements="76" conditionals="115" coveredconditionals="35" methods="38" coveredmethods="23"/>
        <line num="1" count="4" type="stmt"/>
        <line num="2" count="4" type="stmt"/>
        <line num="3" count="4" type="stmt"/>
        <line num="4" count="4" type="stmt"/>
        <line num="17" count="4" type="stmt"/>
        <line num="29" count="37" type="stmt"/>
        <line num="31" count="37" type="stmt"/>
        <line num="33" count="37" type="stmt"/>
        <line num="36" count="37" type="stmt"/>
        <line num="37" count="37" type="stmt"/>
        <line num="38" count="37" type="stmt"/>
        <line num="39" count="37" type="stmt"/>
        <line num="40" count="37" type="cond" truecount="1" falsecount="0"/>
        <line num="41" count="37" type="cond" truecount="1" falsecount="0"/>
        <line num="42" count="37" type="cond" truecount="1" falsecount="0"/>
        <line num="43" count="37" type="cond" truecount="1" falsecount="0"/>
        <line num="44" count="37" type="stmt"/>
        <line num="49" count="37" type="cond" truecount="1" falsecount="0"/>
        <line num="56" count="37" type="cond" truecount="1" falsecount="0"/>
        <line num="57" count="37" type="cond" truecount="1" falsecount="0"/>
        <line num="59" count="37" type="stmt"/>
        <line num="60" count="37" type="stmt"/>
        <line num="61" count="37" type="stmt"/>
        <line num="62" count="37" type="stmt"/>
        <line num="63" count="37" type="stmt"/>
        <line num="64" count="37" type="stmt"/>
        <line num="65" count="37" type="stmt"/>
        <line num="66" count="37" type="stmt"/>
        <line num="71" count="30" type="stmt"/>
        <line num="75" count="116" type="stmt"/>
        <line num="79" count="0" type="stmt"/>
        <line num="83" count="46" type="stmt"/>
        <line num="87" count="16" type="stmt"/>
        <line num="91" count="7" type="stmt"/>
        <line num="95" count="1" type="stmt"/>
        <line num="99" count="1" type="stmt"/>
        <line num="103" count="1" type="stmt"/>
        <line num="110" count="36" type="cond" truecount="1" falsecount="1"/>
        <line num="111" count="0" type="stmt"/>
        <line num="113" count="36" type="stmt"/>
        <line num="114" count="36" type="stmt"/>
        <line num="121" count="7" type="cond" truecount="1" falsecount="1"/>
        <line num="122" count="0" type="stmt"/>
        <line num="125" count="7" type="cond" truecount="1" falsecount="1"/>
        <line num="126" count="0" type="stmt"/>
        <line num="130" count="7" type="stmt"/>
        <line num="133" count="7" type="stmt"/>
        <line num="134" count="7" type="stmt"/>
        <line num="138" count="7" type="stmt"/>
        <line num="141" count="7" type="stmt"/>
        <line num="144" count="7" type="stmt"/>
        <line num="154" count="4" type="cond" truecount="1" falsecount="1"/>
        <line num="155" count="0" type="stmt"/>
        <line num="158" count="4" type="stmt"/>
        <line num="159" count="4" type="stmt"/>
        <line num="160" count="4" type="stmt"/>
        <line num="161" count="4" type="stmt"/>
        <line num="168" count="0" type="cond" truecount="0" falsecount="2"/>
        <line num="169" count="0" type="stmt"/>
        <line num="176" count="0" type="stmt"/>
        <line num="183" count="35" type="stmt"/>
        <line num="193" count="0" type="cond" truecount="0" falsecount="2"/>
        <line num="200" count="12" type="stmt"/>
        <line num="207" count="0" type="cond" truecount="0" falsecount="2"/>
        <line num="211" count="5" type="stmt"/>
        <line num="214" count="5" type="stmt"/>
        <line num="217" count="5" type="stmt"/>
        <line num="228" count="7" type="stmt"/>
        <line num="229" count="7" type="stmt"/>
        <line num="230" count="7" type="stmt"/>
        <line num="232" count="7" type="cond" truecount="2" falsecount="0"/>
        <line num="235" count="7" type="cond" truecount="2" falsecount="2"/>
        <line num="236" count="7" type="stmt"/>
        <line num="238" count="0" type="stmt"/>
        <line num="242" count="7" type="stmt"/>
        <line num="243" count="7" type="stmt"/>
        <line num="245" count="7" type="cond" truecount="1" falsecount="2"/>
        <line num="247" count="7" type="cond" truecount="1" falsecount="2"/>
        <line num="249" count="7" type="cond" truecount="3" falsecount="1"/>
        <line num="250" count="7" type="stmt"/>
        <line num="252" count="0" type="cond" truecount="0" falsecount="2"/>
        <line num="255" count="0" type="cond" truecount="0" falsecount="2"/>
        <line num="256" count="0" type="cond" truecount="0" falsecount="2"/>
        <line num="264" count="7" type="stmt"/>
        <line num="265" count="7" type="stmt"/>
        <line num="267" count="7" type="cond" truecount="5" falsecount="15"/>
        <line num="273" count="7" type="cond" truecount="1" falsecount="1"/>
        <line num="274" count="7" type="stmt"/>
        <line num="276" count="0" type="stmt"/>
        <line num="303" count="0" type="stmt"/>
        <line num="304" count="0" type="stmt"/>
        <line num="305" count="0" type="stmt"/>
        <line num="308" count="0" type="cond" truecount="0" falsecount="2"/>
        <line num="309" count="0" type="stmt"/>
        <line num="313" count="0" type="stmt"/>
        <line num="317" count="0" type="cond" truecount="0" falsecount="2"/>
        <line num="318" count="0" type="cond" truecount="0" falsecount="2"/>
        <line num="319" count="0" type="stmt"/>
        <line num="322" count="0" type="cond" truecount="0" falsecount="2"/>
        <line num="323" count="0" type="stmt"/>
        <line num="325" count="0" type="stmt"/>
        <line num="367" count="35" type="stmt"/>
        <line num="371" count="35" type="stmt"/>
        <line num="372" count="0" type="stmt"/>
        <line num="373" count="0" type="stmt"/>
        <line num="375" count="0" type="cond" truecount="0" falsecount="2"/>
        <line num="376" count="0" type="cond" truecount="0" falsecount="2"/>
        <line num="377" count="0" type="stmt"/>
        <line num="379" count="0" type="cond" truecount="0" falsecount="2"/>
        <line num="380" count="0" type="stmt"/>
        <line num="382" count="0" type="stmt"/>
        <line num="401" count="0" type="stmt"/>
        <line num="410" count="0" type="stmt"/>
        <line num="417" count="0" type="stmt"/>
        <line num="423" count="0" type="stmt"/>
        <line num="432" count="0" type="stmt"/>
      </file>
      <file name="move.entity.ts" path="C:\Users\Admin\Desktop\TzDraft\backend\src\domain\game\entities\move.entity.ts">
        <metrics statements="18" coveredstatements="15" conditionals="3" coveredconditionals="3" methods="6" coveredmethods="3"/>
        <line num="8" count="4" type="stmt"/>
        <line num="10" count="19" type="stmt"/>
        <line num="11" count="19" type="stmt"/>
        <line num="12" count="19" type="stmt"/>
        <line num="13" count="19" type="stmt"/>
        <line num="14" count="19" type="stmt"/>
        <line num="15" count="19" type="stmt"/>
        <line num="16" count="19" type="stmt"/>
        <line num="17" count="19" type="stmt"/>
        <line num="18" count="19" type="stmt"/>
        <line num="19" count="19" type="cond" truecount="1" falsecount="0"/>
        <line num="26" count="0" type="stmt"/>
        <line num="33" count="0" type="stmt"/>
        <line num="44" count="12" type="cond" truecount="2" falsecount="0"/>
        <line num="46" count="9" type="stmt"/>
        <line num="47" count="27" type="stmt"/>
        <line num="50" count="3" type="stmt"/>
        <line num="55" count="0" type="stmt"/>
      </file>
    </package>
    <package name="src.domain.game.services">
      <metrics statements="318" coveredstatements="221" conditionals="187" coveredconditionals="135" methods="43" coveredmethods="32"/>
      <file name="capture-finding.service.ts" path="C:\Users\Admin\Desktop\TzDraft\backend\src\domain\game\services\capture-finding.service.ts">
        <metrics statements="93" coveredstatements="91" conditionals="59" coveredconditionals="53" methods="10" coveredmethods="9"/>
        <line num="3" count="4" type="stmt"/>
        <line num="4" count="4" type="stmt"/>
        <line num="5" count="4" type="stmt"/>
        <line num="24" count="4" type="stmt"/>
        <line num="29" count="41" type="stmt"/>
        <line num="30" count="41" type="stmt"/>
        <line num="32" count="41" type="stmt"/>
        <line num="33" count="42" type="stmt"/>
        <line num="34" count="42" type="stmt"/>
        <line num="37" count="41" type="stmt"/>
        <line num="44" count="54" type="stmt"/>
        <line num="45" count="54" type="stmt"/>
        <line num="47" count="54" type="stmt"/>
        <line num="48" count="114" type="cond" truecount="2" falsecount="0"/>
        <line num="51" count="114" type="stmt"/>
        <line num="54" count="54" type="stmt"/>
        <line num="71" count="168" type="stmt"/>
        <line num="73" count="168" type="cond" truecount="2" falsecount="0"/>
        <line num="75" count="168" type="stmt"/>
        <line num="76" count="168" type="stmt"/>
        <line num="78" count="168" type="cond" truecount="2" falsecount="0"/>
        <line num="84" count="8" type="stmt"/>
        <line num="85" count="160" type="cond" truecount="1" falsecount="1"/>
        <line num="87" count="160" type="stmt"/>
        <line num="88" count="160" type="stmt"/>
        <line num="90" count="160" type="cond" truecount="4" falsecount="0"/>
        <line num="91" count="43" type="cond" truecount="1" falsecount="1"/>
        <line num="93" count="43" type="stmt"/>
        <line num="94" count="43" type="stmt"/>
        <line num="96" count="43" type="cond" truecount="6" falsecount="0"/>
        <line num="97" count="6" type="stmt"/>
        <line num="98" count="37" type="cond" truecount="1" falsecount="1"/>
        <line num="100" count="37" type="stmt"/>
        <line num="101" count="37" type="cond" truecount="2" falsecount="0"/>
        <line num="103" count="34" type="stmt"/>
        <line num="104" count="34" type="stmt"/>
        <line num="106" count="34" type="stmt"/>
        <line num="107" count="34" type="stmt"/>
        <line num="108" count="34" type="cond" truecount="2" falsecount="0"/>
        <line num="111" count="34" type="stmt"/>
        <line num="112" count="34" type="stmt"/>
        <line num="113" count="34" type="stmt"/>
        <line num="115" count="34" type="stmt"/>
        <line num="125" count="34" type="cond" truecount="2" falsecount="0"/>
        <line num="126" count="1" type="stmt"/>
        <line num="129" count="33" type="stmt"/>
        <line num="130" count="33" type="stmt"/>
        <line num="132" count="33" type="stmt"/>
        <line num="133" count="66" type="stmt"/>
        <line num="142" count="66" type="stmt"/>
        <line num="145" count="33" type="cond" truecount="2" falsecount="0"/>
        <line num="146" count="31" type="stmt"/>
        <line num="152" count="2" type="stmt"/>
        <line num="168" count="28" type="stmt"/>
        <line num="170" count="28" type="cond" truecount="2" falsecount="0"/>
        <line num="172" count="28" type="stmt"/>
        <line num="173" count="28" type="stmt"/>
        <line num="174" count="28" type="stmt"/>
        <line num="176" count="28" type="stmt"/>
        <line num="177" count="28" type="stmt"/>
        <line num="179" count="28" type="cond" truecount="4" falsecount="0"/>
        <line num="180" count="63" type="stmt"/>
        <line num="181" count="63" type="stmt"/>
        <line num="183" count="63" type="cond" truecount="2" falsecount="0"/>
        <line num="184" count="3" type="cond" truecount="1" falsecount="1"/>
        <line num="185" count="3" type="cond" truecount="2" falsecount="0"/>
        <line num="186" count="2" type="cond" truecount="1" falsecount="1"/>
        <line num="187" count="2" type="stmt"/>
        <line num="188" count="60" type="cond" truecount="2" falsecount="0"/>
        <line num="190" count="4" type="stmt"/>
        <line num="191" count="4" type="stmt"/>
        <line num="192" count="4" type="stmt"/>
        <line num="194" count="4" type="stmt"/>
        <line num="195" count="4" type="stmt"/>
        <line num="199" count="4" type="stmt"/>
        <line num="200" count="4" type="stmt"/>
        <line num="202" count="4" type="stmt"/>
        <line num="203" count="4" type="stmt"/>
        <line num="205" count="4" type="stmt"/>
        <line num="206" count="16" type="stmt"/>
        <line num="215" count="16" type="stmt"/>
        <line num="218" count="4" type="cond" truecount="1" falsecount="1"/>
        <line num="219" count="4" type="stmt"/>
        <line num="228" count="0" type="stmt"/>
        <line num="232" count="0" type="stmt"/>
        <line num="236" count="62" type="stmt"/>
        <line num="237" count="62" type="stmt"/>
        <line num="243" count="28" type="stmt"/>
        <line num="255" count="3" type="stmt"/>
        <line num="257" count="3" type="stmt"/>
        <line num="259" count="3" type="cond" truecount="3" falsecount="0"/>
        <line num="261" count="2" type="stmt"/>
        <line num="269" count="3" type="stmt"/>
      </file>
      <file name="game-rules.service.ts" path="C:\Users\Admin\Desktop\TzDraft\backend\src\domain\game\services\game-rules.service.ts">
        <metrics statements="74" coveredstatements="65" conditionals="60" coveredconditionals="49" methods="13" coveredmethods="13"/>
        <line num="3" count="2" type="stmt"/>
        <line num="5" count="2" type="stmt"/>
        <line num="10" count="2" type="stmt"/>
        <line num="16" count="2" type="stmt"/>
        <line num="20" count="42" type="stmt"/>
        <line num="27" count="5" type="cond" truecount="2" falsecount="0"/>
        <line num="28" count="1" type="stmt"/>
        <line num="31" count="4" type="stmt"/>
        <line num="34" count="4" type="cond" truecount="4" falsecount="0"/>
        <line num="35" count="1" type="stmt"/>
        <line num="38" count="3" type="cond" truecount="4" falsecount="0"/>
        <line num="39" count="1" type="stmt"/>
        <line num="42" count="2" type="stmt"/>
        <line num="49" count="2" type="cond" truecount="2" falsecount="0"/>
        <line num="50" count="1" type="stmt"/>
        <line num="52" count="1" type="stmt"/>
        <line num="59" count="11" type="cond" truecount="2" falsecount="0"/>
        <line num="60" count="1" type="stmt"/>
        <line num="64" count="10" type="stmt"/>
        <line num="65" count="10" type="cond" truecount="2" falsecount="0"/>
        <line num="66" count="3" type="stmt"/>
        <line num="70" count="7" type="cond" truecount="2" falsecount="0"/>
        <line num="71" count="1" type="stmt"/>
        <line num="74" count="6" type="stmt"/>
        <line num="81" count="6" type="stmt"/>
        <line num="82" count="6" type="stmt"/>
        <line num="85" count="6" type="cond" truecount="2" falsecount="0"/>
        <line num="86" count="1" type="stmt"/>
        <line num="88" count="5" type="cond" truecount="2" falsecount="0"/>
        <line num="89" count="3" type="stmt"/>
        <line num="93" count="2" type="stmt"/>
        <line num="94" count="2" type="stmt"/>
        <line num="96" count="2" type="cond" truecount="4" falsecount="0"/>
        <line num="97" count="1" type="stmt"/>
        <line num="99" count="1" type="cond" truecount="2" falsecount="2"/>
        <line num="100" count="0" type="stmt"/>
        <line num="103" count="1" type="stmt"/>
        <line num="111" count="15" type="stmt"/>
        <line num="116" count="15" type="cond" truecount="2" falsecount="0"/>
        <line num="117" count="8" type="stmt"/>
        <line num="121" count="7" type="stmt"/>
        <line num="123" count="7" type="stmt"/>
        <line num="124" count="6" type="cond" truecount="2" falsecount="0"/>
        <line num="125" count="3" type="stmt"/>
        <line num="129" count="4" type="stmt"/>
        <line num="136" count="6" type="stmt"/>
        <line num="139" count="6" type="cond" truecount="1" falsecount="1"/>
        <line num="156" count="6" type="stmt"/>
        <line num="157" count="10" type="cond" truecount="1" falsecount="1"/>
        <line num="158" count="0" type="stmt"/>
        <line num="159" count="0" type="stmt"/>
        <line num="160" count="0" type="cond" truecount="0" falsecount="4"/>
        <line num="161" count="0" type="stmt"/>
        <line num="162" count="0" type="cond" truecount="0" falsecount="2"/>
        <line num="163" count="0" type="stmt"/>
        <line num="165" count="0" type="stmt"/>
        <line num="168" count="10" type="stmt"/>
        <line num="169" count="10" type="stmt"/>
        <line num="172" count="10" type="cond" truecount="6" falsecount="0"/>
        <line num="173" count="3" type="stmt"/>
        <line num="177" count="7" type="cond" truecount="1" falsecount="1"/>
        <line num="178" count="0" type="stmt"/>
        <line num="181" count="7" type="stmt"/>
        <line num="184" count="7" type="cond" truecount="2" falsecount="0"/>
        <line num="185" count="3" type="stmt"/>
        <line num="190" count="3" type="stmt"/>
        <line num="198" count="8" type="stmt"/>
        <line num="199" count="8" type="stmt"/>
        <line num="201" count="8" type="stmt"/>
        <line num="211" count="8" type="stmt"/>
        <line num="216" count="7" type="stmt"/>
        <line num="221" count="7" type="stmt"/>
        <line num="228" count="1" type="stmt"/>
        <line num="235" count="2" type="stmt"/>
      </file>
      <file name="index.ts" path="C:\Users\Admin\Desktop\TzDraft\backend\src\domain\game\services\index.ts">
        <metrics statements="4" coveredstatements="0" conditionals="0" coveredconditionals="0" methods="0" coveredmethods="0"/>
        <line num="2" count="0" type="stmt"/>
        <line num="3" count="0" type="stmt"/>
        <line num="4" count="0" type="stmt"/>
        <line num="5" count="0" type="stmt"/>
      </file>
      <file name="move-generator.service.ts" path="C:\Users\Admin\Desktop\TzDraft\backend\src\domain\game\services\move-generator.service.ts">
        <metrics statements="63" coveredstatements="0" conditionals="24" coveredconditionals="0" methods="8" coveredmethods="0"/>
        <line num="2" count="0" type="stmt"/>
        <line num="4" count="0" type="stmt"/>
        <line num="7" count="0" type="stmt"/>
        <line num="8" count="0" type="stmt"/>
        <line num="15" count="0" type="stmt"/>
        <line num="19" count="0" type="stmt"/>
        <line num="26" count="0" type="stmt"/>
        <line num="29" count="0" type="stmt"/>
        <line num="34" count="0" type="cond" truecount="0" falsecount="2"/>
        <line num="36" count="0" type="stmt"/>
        <line num="37" count="0" type="stmt"/>
        <line num="38" count="0" type="stmt"/>
        <line num="44" count="0" type="stmt"/>
        <line num="56" count="0" type="stmt"/>
        <line num="59" count="0" type="stmt"/>
        <line num="63" count="0" type="stmt"/>
        <line num="65" count="0" type="stmt"/>
        <line num="66" count="0" type="stmt"/>
        <line num="67" count="0" type="stmt"/>
        <line num="70" count="0" type="stmt"/>
        <line num="78" count="0" type="stmt"/>
        <line num="83" count="0" type="cond" truecount="0" falsecount="2"/>
        <line num="84" count="0" type="stmt"/>
        <line num="85" count="0" type="stmt"/>
        <line num="86" count="0" type="stmt"/>
        <line num="92" count="0" type="stmt"/>
        <line num="107" count="0" type="stmt"/>
        <line num="114" count="0" type="stmt"/>
        <line num="115" count="0" type="stmt"/>
        <line num="116" count="0" type="stmt"/>
        <line num="118" count="0" type="stmt"/>
        <line num="119" count="0" type="cond" truecount="0" falsecount="2"/>
        <line num="120" count="0" type="stmt"/>
        <line num="121" count="0" type="stmt"/>
        <line num="123" count="0" type="cond" truecount="0" falsecount="4"/>
        <line num="124" count="0" type="stmt"/>
        <line num="125" count="0" type="cond" truecount="0" falsecount="2"/>
        <line num="126" count="0" type="stmt"/>
        <line num="129" count="0" type="stmt"/>
        <line num="130" count="0" type="stmt"/>
        <line num="131" count="0" type="stmt"/>
        <line num="142" count="0" type="stmt"/>
        <line num="144" count="0" type="stmt"/>
        <line num="145" count="0" type="stmt"/>
        <line num="148" count="0" type="stmt"/>
        <line num="149" count="0" type="stmt"/>
        <line num="152" count="0" type="cond" truecount="0" falsecount="6"/>
        <line num="153" count="0" type="stmt"/>
        <line num="157" count="0" type="cond" truecount="0" falsecount="2"/>
        <line num="158" count="0" type="stmt"/>
        <line num="161" count="0" type="stmt"/>
        <line num="164" count="0" type="cond" truecount="0" falsecount="2"/>
        <line num="165" count="0" type="stmt"/>
        <line num="166" count="0" type="stmt"/>
        <line num="168" count="0" type="stmt"/>
        <line num="169" count="0" type="stmt"/>
        <line num="171" count="0" type="stmt"/>
        <line num="183" count="0" type="stmt"/>
        <line num="188" count="0" type="stmt"/>
        <line num="195" count="0" type="stmt"/>
        <line num="207" count="0" type="stmt"/>
        <line num="209" count="0" type="stmt"/>
        <line num="210" count="0" type="cond" truecount="0" falsecount="2"/>
      </file>
      <file name="move-validation.service.ts" path="C:\Users\Admin\Desktop\TzDraft\backend\src\domain\game\services\move-validation.service.ts">
        <metrics statements="84" coveredstatements="65" conditionals="44" coveredconditionals="33" methods="12" coveredmethods="10"/>
        <line num="2" count="2" type="stmt"/>
        <line num="5" count="2" type="stmt"/>
        <line num="6" count="2" type="stmt"/>
        <line num="10" count="2" type="stmt"/>
        <line num="11" count="2" type="stmt"/>
        <line num="16" count="2" type="stmt"/>
        <line num="22" count="2" type="stmt"/>
        <line num="26" count="24" type="stmt"/>
        <line num="39" count="22" type="stmt"/>
        <line num="41" count="22" type="stmt"/>
        <line num="44" count="21" type="stmt"/>
        <line num="47" count="20" type="stmt"/>
        <line num="50" count="18" type="stmt"/>
        <line num="56" count="18" type="cond" truecount="2" falsecount="0"/>
        <line num="57" count="12" type="stmt"/>
        <line num="68" count="6" type="stmt"/>
        <line num="70" count="10" type="cond" truecount="1" falsecount="1"/>
        <line num="71" count="10" type="stmt"/>
        <line num="76" count="0" type="stmt"/>
        <line num="84" count="22" type="cond" truecount="2" falsecount="0"/>
        <line num="85" count="1" type="stmt"/>
        <line num="93" count="21" type="cond" truecount="2" falsecount="0"/>
        <line num="94" count="1" type="stmt"/>
        <line num="106" count="20" type="stmt"/>
        <line num="108" count="20" type="cond" truecount="2" falsecount="0"/>
        <line num="109" count="1" type="stmt"/>
        <line num="112" count="19" type="cond" truecount="2" falsecount="0"/>
        <line num="113" count="1" type="stmt"/>
        <line num="116" count="18" type="stmt"/>
        <line num="132" count="12" type="stmt"/>
        <line num="133" count="12" type="cond" truecount="4" falsecount="0"/>
        <line num="136" count="9" type="cond" truecount="1" falsecount="1"/>
        <line num="137" count="0" type="stmt"/>
        <line num="139" count="0" type="stmt"/>
        <line num="142" count="9" type="stmt"/>
        <line num="145" count="12" type="cond" truecount="2" falsecount="0"/>
        <line num="146" count="3" type="stmt"/>
        <line num="150" count="9" type="stmt"/>
        <line num="151" count="9" type="stmt"/>
        <line num="157" count="9" type="stmt"/>
        <line num="170" count="9" type="stmt"/>
        <line num="173" count="9" type="stmt"/>
        <line num="174" count="9" type="stmt"/>
        <line num="178" count="9" type="stmt"/>
        <line num="180" count="9" type="stmt"/>
        <line num="197" count="6" type="cond" truecount="2" falsecount="0"/>
        <line num="198" count="1" type="stmt"/>
        <line num="205" count="5" type="cond" truecount="2" falsecount="0"/>
        <line num="206" count="2" type="stmt"/>
        <line num="212" count="3" type="stmt"/>
        <line num="213" count="3" type="stmt"/>
        <line num="215" count="3" type="stmt"/>
        <line num="216" count="3" type="stmt"/>
        <line num="218" count="3" type="stmt"/>
        <line num="231" count="3" type="stmt"/>
        <line num="233" count="3" type="stmt"/>
        <line num="249" count="5" type="stmt"/>
        <line num="250" count="5" type="stmt"/>
        <line num="252" count="5" type="stmt"/>
        <line num="253" count="5" type="stmt"/>
        <line num="254" count="5" type="stmt"/>
        <line num="255" count="5" type="stmt"/>
        <line num="258" count="5" type="cond" truecount="3" falsecount="1"/>
        <line num="259" count="0" type="stmt"/>
        <line num="263" count="5" type="cond" truecount="1" falsecount="1"/>
        <line num="264" count="0" type="stmt"/>
        <line num="268" count="5" type="cond" truecount="3" falsecount="1"/>
        <line num="269" count="0" type="stmt"/>
        <line num="272" count="5" type="stmt"/>
        <line num="273" count="5" type="stmt"/>
        <line num="274" count="10" type="cond" truecount="2" falsecount="0"/>
        <line num="286" count="0" type="stmt"/>
        <line num="287" count="0" type="stmt"/>
        <line num="288" count="0" type="stmt"/>
        <line num="289" count="0" type="stmt"/>
        <line num="291" count="0" type="stmt"/>
        <line num="292" count="0" type="stmt"/>
        <line num="294" count="0" type="cond" truecount="0" falsecount="2"/>
        <line num="295" count="0" type="stmt"/>
        <line num="296" count="0" type="cond" truecount="0" falsecount="2"/>
        <line num="297" count="0" type="stmt"/>
        <line num="299" count="0" type="stmt"/>
        <line num="300" count="0" type="stmt"/>
        <line num="303" count="0" type="stmt"/>
      </file>
    </package>
    <package name="src.domain.game.types">
      <metrics statements="35" coveredstatements="32" conditionals="6" coveredconditionals="6" methods="9" coveredmethods="9"/>
      <file name="capture-path.type.ts" path="C:\Users\Admin\Desktop\TzDraft\backend\src\domain\game\types\capture-path.type.ts">
        <metrics statements="6" coveredstatements="6" conditionals="4" coveredconditionals="4" methods="1" coveredmethods="1"/>
        <line num="29" count="4" type="stmt"/>
        <line num="39" count="4" type="stmt"/>
        <line num="40" count="96" type="cond" truecount="2" falsecount="0"/>
        <line num="42" count="7" type="stmt"/>
        <line num="46" count="89" type="cond" truecount="2" falsecount="0"/>
        <line num="47" count="89" type="stmt"/>
      </file>
      <file name="index.ts" path="C:\Users\Admin\Desktop\TzDraft\backend\src\domain\game\types\index.ts">
        <metrics statements="3" coveredstatements="0" conditionals="0" coveredconditionals="0" methods="0" coveredmethods="0"/>
        <line num="2" count="0" type="stmt"/>
        <line num="3" count="0" type="stmt"/>
        <line num="4" count="0" type="stmt"/>
      </file>
      <file name="validation-error.type.ts" path="C:\Users\Admin\Desktop\TzDraft\backend\src\domain\game\types\validation-error.type.ts">
        <metrics statements="26" coveredstatements="26" conditionals="2" coveredconditionals="2" methods="8" coveredmethods="8"/>
        <line num="5" count="2" type="cond" truecount="2" falsecount="0"/>
        <line num="7" count="2" type="stmt"/>
        <line num="8" count="2" type="stmt"/>
        <line num="11" count="2" type="stmt"/>
        <line num="14" count="2" type="stmt"/>
        <line num="15" count="2" type="stmt"/>
        <line num="18" count="2" type="stmt"/>
        <line num="19" count="2" type="stmt"/>
        <line num="20" count="2" type="stmt"/>
        <line num="21" count="2" type="stmt"/>
        <line num="24" count="2" type="stmt"/>
        <line num="25" count="2" type="stmt"/>
        <line num="26" count="2" type="stmt"/>
        <line num="27" count="2" type="stmt"/>
        <line num="28" count="2" type="stmt"/>
        <line num="35" count="2" type="stmt"/>
        <line num="37" count="10" type="stmt"/>
        <line num="39" count="10" type="stmt"/>
        <line num="41" count="10" type="stmt"/>
        <line num="42" count="10" type="stmt"/>
        <line num="46" count="1" type="stmt"/>
        <line num="53" count="1" type="stmt"/>
        <line num="61" count="1" type="stmt"/>
        <line num="69" count="1" type="stmt"/>
        <line num="77" count="3" type="stmt"/>
        <line num="84" count="2" type="stmt"/>
      </file>
    </package>
    <package name="src.domain.game.value-objects">
      <metrics statements="83" coveredstatements="63" conditionals="44" coveredconditionals="24" methods="37" coveredmethods="28"/>
      <file name="board-state.vo.ts" path="C:\Users\Admin\Desktop\TzDraft\backend\src\domain\game\value-objects\board-state.vo.ts">
        <metrics statements="47" coveredstatements="37" conditionals="13" coveredconditionals="6" methods="23" coveredmethods="18"/>
        <line num="1" count="5" type="stmt"/>
        <line num="2" count="5" type="stmt"/>
[...]
        <line num="73" count="0" type="stmt"/>
        <line num="79" count="0" type="stmt"/>
        <line num="84" count="0" type="cond" truecount="0" falsecount="2"/>
        <line num="85" count="0" type="stmt"/>
        <line num="88" count="0" type="stmt"/>
        <line num="92" count="0" type="stmt"/>
        <line num="101" count="0" type="stmt"/>
        <line num="108" count="0" type="stmt"/>
      </file>
      <file name="repository.module.ts" path="C:\Users\Admin\Desktop\TzDraft\backend\src\infrastructure\repositories\repository.module.ts">
        <metrics statements="6" coveredstatements="0" conditionals="0" coveredconditionals="0" methods="0" coveredmethods="0"/>
        <line num="1" count="0" type="stmt"/>
        <line num="2" count="0" type="stmt"/>
        <line num="3" count="0" type="stmt"/>
        <line num="4" count="0" type="stmt"/>
        <line num="5" count="0" type="stmt"/>
        <line num="29" count="0" type="stmt"/>
      </file>
    </package>
    <package name="src.infrastructure.sms">
      <metrics statements="35" coveredstatements="0" conditionals="22" coveredconditionals="0" methods="3" coveredmethods="0"/>
      <file name="beam-africa.service.ts" path="C:\Users\Admin\Desktop\TzDraft\backend\src\infrastructure\sms\beam-africa.service.ts">
        <metrics statements="35" coveredstatements="0" conditionals="22" coveredconditionals="0" methods="3" coveredmethods="0"/>
        <line num="1" count="0" type="stmt"/>
        <line num="2" count="0" type="stmt"/>
        <line num="3" count="0" type="stmt"/>
        <line num="10" count="0" type="stmt"/>
        <line num="11" count="0" type="stmt"/>
        <line num="15" count="0" type="stmt"/>
        <line num="17" count="0" type="cond" truecount="0" falsecount="4"/>
        <line num="18" count="0" type="cond" truecount="0" falsecount="2"/>
        <line num="19" count="0" type="cond" truecount="0" falsecount="2"/>
        <line num="20" count="0" type="stmt"/>
        <line num="23" count="0" type="cond" truecount="0" falsecount="4"/>
        <line num="24" count="0" type="stmt"/>
        <line num="35" count="0" type="stmt"/>
        <line num="37" count="0" type="stmt"/>
        <line num="38" count="0" type="stmt"/>
        <line num="39" count="0" type="stmt"/>
        <line num="42" count="0" type="stmt"/>
        <line num="44" count="0" type="stmt"/>
        <line num="46" count="0" type="stmt"/>
        <line num="68" count="0" type="stmt"/>
        <line num="73" count="0" type="cond" truecount="0" falsecount="2"/>
        <line num="77" count="0" type="stmt"/>
        <line num="78" count="0" type="stmt"/>
        <line num="80" count="0" type="stmt"/>
        <line num="83" count="0" type="stmt"/>
        <line num="86" count="0" type="stmt"/>
        <line num="89" count="0" type="cond" truecount="0" falsecount="2"/>
        <line num="90" count="0" type="stmt"/>
        <line num="91" count="0" type="stmt"/>
        <line num="94" count="0" type="stmt"/>
        <line num="102" count="0" type="stmt"/>
        <line num="103" count="0" type="stmt"/>
        <line num="110" count="0" type="cond" truecount="0" falsecount="2"/>
        <line num="112" count="0" type="stmt"/>
        <line num="113" count="0" type="stmt"/>
      </file>
    </package>
    <package name="src.infrastructure.tasks">
      <metrics statements="20" coveredstatements="0" conditionals="16" coveredconditionals="0" methods="3" coveredmethods="0"/>
      <file name="cleanup.service.ts" path="C:\Users\Admin\Desktop\TzDraft\backend\src\infrastructure\tasks\cleanup.service.ts">
        <metrics statements="16" coveredstatements="0" conditionals="16" coveredconditionals="0" methods="3" coveredmethods="0"/>
        <line num="1" count="0" type="stmt"/>
        <line num="2" count="0" type="stmt"/>
        <line num="3" count="0" type="stmt"/>
        <line num="10" count="0" type="stmt"/>
        <line num="11" count="0" type="stmt"/>
        <line num="13" count="0" type="cond" truecount="0" falsecount="4"/>
        <line num="21" count="0" type="cond" truecount="0" falsecount="4"/>
        <line num="22" count="0" type="stmt"/>
        <line num="24" count="0" type="stmt"/>
        <line num="34" count="0" type="cond" truecount="0" falsecount="2"/>
        <line num="35" count="0" type="stmt"/>
        <line num="44" count="0" type="cond" truecount="0" falsecount="4"/>
        <line num="45" count="0" type="stmt"/>
        <line num="47" count="0" type="stmt"/>
        <line num="51" count="0" type="cond" truecount="0" falsecount="2"/>
        <line num="52" count="0" type="stmt"/>
      </file>
      <file name="tasks.module.ts" path="C:\Users\Admin\Desktop\TzDraft\backend\src\infrastructure\tasks\tasks.module.ts">
        <metrics statements="4" coveredstatements="0" conditionals="0" coveredconditionals="0" methods="0" coveredmethods="0"/>
        <line num="1" count="0" type="stmt"/>
        <line num="2" count="0" type="stmt"/>
        <line num="3" count="0" type="stmt"/>
        <line num="9" count="0" type="stmt"/>
      </file>
    </package>
    <package name="src.interface.http">
      <metrics statements="10" coveredstatements="0" conditionals="0" coveredconditionals="0" methods="0" coveredmethods="0"/>
      <file name="http.module.ts" path="C:\Users\Admin\Desktop\TzDraft\backend\src\interface\http\http.module.ts">
        <metrics statements="10" coveredstatements="0" conditionals="0" coveredconditionals="0" methods="0" coveredmethods="0"/>
        <line num="1" count="0" type="stmt"/>
        <line num="2" count="0" type="stmt"/>
        <line num="3" count="0" type="stmt"/>
        <line num="4" count="0" type="stmt"/>
        <line num="5" count="0" type="stmt"/>
        <line num="6" count="0" type="stmt"/>
        <line num="7" count="0" type="stmt"/>
        <line num="8" count="0" type="stmt"/>
        <line num="9" count="0" type="stmt"/>
        <line num="25" count="0" type="stmt"/>
      </file>
    </package>
    <package name="src.interface.http.controllers">
      <metrics statements="109" coveredstatements="0" conditionals="92" coveredconditionals="0" methods="24" coveredmethods="0"/>
      <file name="ai.controller.ts" path="C:\Users\Admin\Desktop\TzDraft\backend\src\interface\http\controllers\ai.controller.ts">
        <metrics statements="9" coveredstatements="0" conditionals="8" coveredconditionals="0" methods="2" coveredmethods="0"/>
        <line num="1" count="0" type="stmt"/>
        <line num="2" count="0" type="stmt"/>
        <line num="3" count="0" type="stmt"/>
        <line num="5" count="0" type="stmt"/>
        <line num="25" count="0" type="stmt"/>
        <line num="26" count="0" type="cond" truecount="0" falsecount="4"/>
        <line num="32" count="0" type="stmt"/>
        <line num="33" count="0" type="stmt"/>
        <line num="41" count="0" type="stmt"/>
      </file>
      <file name="game.controller.ts" path="C:\Users\Admin\Desktop\TzDraft\backend\src\interface\http\controllers\game.controller.ts">
        <metrics statements="61" coveredstatements="0" conditionals="60" coveredconditionals="0" methods="13" coveredmethods="0"/>
        <line num="1" count="0" type="stmt"/>
        <line num="11" count="0" type="stmt"/>
        <line num="17" count="0" type="stmt"/>
        <line num="18" count="0" type="stmt"/>
        <line num="19" count="0" type="stmt"/>
        <line num="20" count="0" type="stmt"/>
        <line num="21" count="0" type="stmt"/>
        <line num="22" count="0" type="stmt"/>
        <line num="27" count="0" type="stmt"/>
        <line num="28" count="0" type="stmt"/>
        <line num="29" count="0" type="stmt"/>
        <line num="30" count="0" type="stmt"/>
        <line num="40" count="0" type="stmt"/>
        <line num="42" count="0" type="cond" truecount="0" falsecount="8"/>
        <line num="43" count="0" type="cond" truecount="0" falsecount="4"/>
        <line num="44" count="0" type="cond" truecount="0" falsecount="4"/>
        <line num="45" count="0" type="cond" truecount="0" falsecount="4"/>
        <line num="46" count="0" type="stmt"/>
        <line num="56" count="0" type="cond" truecount="0" falsecount="4"/>
        <line num="57" count="0" type="stmt"/>
        <line num="64" count="0" type="stmt"/>
        <line num="77" count="0" type="cond" truecount="0" falsecount="4"/>
        <line num="78" count="0" type="stmt"/>
        <line num="85" count="0" type="stmt"/>
        <line num="98" count="0" type="stmt"/>
        <line num="104" count="0" type="cond" truecount="0" falsecount="2"/>
        <line num="110" count="0" type="stmt"/>
        <line num="117" count="0" type="stmt"/>
        <line num="130" count="0" type="stmt"/>
        <line num="131" count="0" type="stmt"/>
        <line num="137" count="0" type="stmt"/>
        <line num="139" count="0" type="stmt"/>
        <line num="152" count="0" type="stmt"/>
        <line num="153" count="0" type="stmt"/>
        <line num="155" count="0" type="stmt"/>
        <line num="156" count="0" type="stmt"/>
        <line num="169" count="0" type="cond" truecount="0" falsecount="4"/>
        <line num="170" count="0" type="stmt"/>
        <line num="177" count="0" type="cond" truecount="0" falsecount="2"/>
        <line num="179" count="0" type="stmt"/>
        <line num="185" count="0" type="stmt"/>
        <line num="201" count="0" type="stmt"/>
        <line num="202" count="0" type="stmt"/>
        <line num="212" count="0" type="stmt"/>
        <line num="213" count="0" type="stmt"/>
        <line num="215" count="0" type="stmt"/>
        <line num="231" count="0" type="stmt"/>
        <line num="232" count="0" type="stmt"/>
        <line num="233" count="0" type="stmt"/>
        <line num="238" count="0" type="stmt"/>
        <line num="247" count="0" type="stmt"/>
        <line num="248" count="0" type="stmt"/>
        <line num="249" count="0" type="stmt"/>
        <line num="254" count="0" type="stmt"/>
        <line num="263" count="0" type="stmt"/>
        <line num="264" count="0" type="stmt"/>
        <line num="267" count="0" type="stmt"/>
        <line num="272" count="0" type="stmt"/>
        <line num="281" count="0" type="stmt"/>
        <line num="286" count="0" type="stmt"/>
        <line num="292" count="0" type="stmt"/>
      </file>
      <file name="move.controller.ts" path="C:\Users\Admin\Desktop\TzDraft\backend\src\interface\http\controllers\move.controller.ts">
        <metrics statements="30" coveredstatements="0" conditionals="16" coveredconditionals="0" methods="7" coveredmethods="0"/>
        <line num="1" count="0" type="stmt"/>
        <line num="12" count="0" type="stmt"/>
        <line num="18" count="0" type="stmt"/>
        <line num="19" count="0" type="stmt"/>
        <line num="20" count="0" type="stmt"/>
        <line num="21" count="0" type="stmt"/>
        <line num="22" count="0" type="stmt"/>
        <line num="23" count="0" type="stmt"/>
        <line num="33" count="0" type="stmt"/>
        <line num="35" count="0" type="cond" truecount="0" falsecount="8"/>
        <line num="36" count="0" type="cond" truecount="0" falsecount="4"/>
        <line num="37" count="0" type="stmt"/>
        <line num="48" count="0" type="stmt"/>
        <line num="53" count="0" type="stmt"/>
        <line num="61" count="0" type="stmt"/>
        <line num="73" count="0" type="stmt"/>
        <line num="74" count="0" type="stmt"/>
        <line num="76" count="0" type="stmt"/>
        <line num="88" count="0" type="stmt"/>
        <line num="92" count="0" type="stmt"/>
        <line num="97" count="0" type="stmt"/>
        <line num="110" count="0" type="stmt"/>
        <line num="111" count="0" type="stmt"/>
        <line num="113" count="0" type="stmt"/>
        <line num="126" count="0" type="stmt"/>
        <line num="127" count="0" type="stmt"/>
        <line num="129" count="0" type="stmt"/>
        <line num="143" count="0" type="stmt"/>
        <line num="144" count="0" type="stmt"/>
        <line num="146" count="0" type="stmt"/>
      </file>
      <file name="support.controller.ts" path="C:\Users\Admin\Desktop\TzDraft\backend\src\interface\http\controllers\support.controller.ts">
        <metrics statements="9" coveredstatements="0" conditionals="8" coveredconditionals="0" methods="2" coveredmethods="0"/>
        <line num="1" count="0" type="stmt"/>
        <line num="2" count="0" type="stmt"/>
        <line num="3" count="0" type="stmt"/>
        <line num="6" count="0" type="stmt"/>
        <line num="7" count="0" type="cond" truecount="0" falsecount="4"/>
        <line num="11" count="0" type="stmt"/>
        <line num="14" count="0" type="stmt"/>
        <line num="16" count="0" type="stmt"/>
        <line num="22" count="0" type="stmt"/>
      </file>
    </package>
    <package name="src.interface.http.dtos">
      <metrics statements="41" coveredstatements="0" conditionals="10" coveredconditionals="0" methods="1" coveredmethods="0"/>
      <file name="create-game.dto.ts" path="C:\Users\Admin\Desktop\TzDraft\backend\src\interface\http\dtos\create-game.dto.ts">
        <metrics statements="18" coveredstatements="0" conditionals="4" coveredconditionals="0" methods="0" coveredmethods="0"/>
        <line num="1" count="0" type="stmt"/>
        <line num="9" count="0" type="stmt"/>
        <line num="10" count="0" type="stmt"/>
        <line num="18" count="0" type="stmt"/>
        <line num="24" count="0" type="stmt"/>
        <line num="33" count="0" type="stmt"/>
        <line num="39" count="0" type="stmt"/>
        <line num="46" count="0" type="stmt"/>
        <line num="49" count="0" type="stmt"/>
        <line num="53" count="0" type="stmt"/>
        <line num="58" count="0" type="stmt"/>
        <line num="63" count="0" type="stmt"/>
        <line num="69" count="0" type="stmt"/>
        <line num="72" count="0" type="stmt"/>
        <line num="76" count="0" type="cond" truecount="0" falsecount="4"/>
        <line num="81" count="0" type="stmt"/>
        <line num="89" count="0" type="stmt"/>
        <line num="94" count="0" type="stmt"/>
      </file>
      <file name="join-queue.dto.ts" path="C:\Users\Admin\Desktop\TzDraft\backend\src\interface\http\dtos\join-queue.dto.ts">
        <metrics statements="6" coveredstatements="0" conditionals="4" coveredconditionals="0" methods="0" coveredmethods="0"/>
        <line num="1" count="0" type="stmt"/>
        <line num="2" count="0" type="stmt"/>
        <line num="5" count="0" type="stmt"/>
        <line num="8" count="0" type="stmt"/>
        <line num="14" count="0" type="cond" truecount="0" falsecount="4"/>
        <line num="19" count="0" type="stmt"/>
      </file>
      <file name="make-move.dto.ts" path="C:\Users\Admin\Desktop\TzDraft\backend\src\interface\http\dtos\make-move.dto.ts">
        <metrics statements="6" coveredstatements="0" conditionals="0" coveredconditionals="0" methods="0" coveredmethods="0"/>
        <line num="1" count="0" type="stmt"/>
        <line num="2" count="0" type="stmt"/>
        <line num="7" count="0" type="stmt"/>
        <line num="16" count="0" type="stmt"/>
        <line num="26" count="0" type="stmt"/>
        <line num="35" count="0" type="stmt"/>
      </file>
      <file name="support.dto.ts" path="C:\Users\Admin\Desktop\TzDraft\backend\src\interface\http\dtos\support.dto.ts">
        <metrics statements="11" coveredstatements="0" conditionals="2" coveredconditionals="0" methods="1" coveredmethods="0"/>
        <line num="1" count="0" type="stmt"/>
        <line num="9" count="0" type="cond" truecount="0" falsecount="2"/>
        <line num="10" count="0" type="stmt"/>
        <line num="11" count="0" type="stmt"/>
        <line num="12" count="0" type="stmt"/>
        <line num="13" count="0" type="stmt"/>
        <line num="16" count="0" type="stmt"/>
        <line num="19" count="0" type="stmt"/>
        <line num="23" count="0" type="stmt"/>
        <line num="27" count="0" type="stmt"/>
        <line num="31" count="0" type="stmt"/>
      </file>
    </package>
    <package name="src.shared.constants">
      <metrics statements="37" coveredstatements="37" conditionals="14" coveredconditionals="14" methods="7" coveredmethods="7"/>
      <file name="game.constants.ts" path="C:\Users\Admin\Desktop\TzDraft\backend\src\shared\constants\game.constants.ts">
        <metrics statements="37" coveredstatements="37" conditionals="14" coveredconditionals="14" methods="7" coveredmethods="7"/>
        <line num="4" count="5" type="cond" truecount="2" falsecount="0"/>
        <line num="5" count="5" type="stmt"/>
        <line num="6" count="5" type="stmt"/>
        <line num="7" count="5" type="stmt"/>
        <line num="8" count="5" type="stmt"/>
        <line num="14" count="5" type="cond" truecount="2" falsecount="0"/>
        <line num="15" count="5" type="stmt"/>
        <line num="16" count="5" type="stmt"/>
        <line num="17" count="5" type="stmt"/>
        <line num="23" count="5" type="cond" truecount="2" falsecount="0"/>
        <line num="24" count="5" type="stmt"/>
        <line num="25" count="5" type="stmt"/>
        <line num="31" count="5" type="cond" truecount="2" falsecount="0"/>
        <line num="32" count="5" type="stmt"/>
        <line num="33" count="5" type="stmt"/>
        <line num="34" count="5" type="stmt"/>
        <line num="40" count="5" type="cond" truecount="2" falsecount="0"/>
        <line num="41" count="5" type="stmt"/>
        <line num="42" count="5" type="stmt"/>
        <line num="43" count="5" type="stmt"/>
        <line num="44" count="5" type="stmt"/>
        <line num="45" count="5" type="stmt"/>
        <line num="46" count="5" type="stmt"/>
        <line num="52" count="5" type="stmt"/>
        <line num="53" count="5" type="stmt"/>
        <line num="54" count="5" type="stmt"/>
        <line num="59" count="5" type="cond" truecount="2" falsecount="0"/>
        <line num="60" count="5" type="stmt"/>
        <line num="61" count="5" type="stmt"/>
        <line num="67" count="5" type="stmt"/>
        <line num="80" count="5" type="cond" truecount="2" falsecount="0"/>
        <line num="81" count="5" type="stmt"/>
        <line num="82" count="5" type="stmt"/>
        <line num="83" count="5" type="stmt"/>
        <line num="89" count="5" type="stmt"/>
        <line num="98" count="5" type="stmt"/>
        <line num="103" count="5" type="stmt"/>
      </file>
    </package>
    <package name="src.shared.utils">
      <metrics statements="19" coveredstatements="0" conditionals="10" coveredconditionals="0" methods="3" coveredmethods="0"/>
      <file name="phone.util.ts" path="C:\Users\Admin\Desktop\TzDraft\backend\src\shared\utils\phone.util.ts">
        <metrics statements="19" coveredstatements="0" conditionals="10" coveredconditionals="0" methods="3" coveredmethods="0"/>
        <line num="11" count="0" type="stmt"/>
        <line num="13" count="0" type="stmt"/>
        <line num="16" count="0" type="cond" truecount="0" falsecount="2"/>
        <line num="17" count="0" type="stmt"/>
        <line num="20" count="0" type="cond" truecount="0" falsecount="2"/>
        <line num="21" count="0" type="stmt"/>
        <line num="24" count="0" type="cond" truecount="0" falsecount="4"/>
        <line num="25" count="0" type="stmt"/>
        <line num="28" count="0" type="stmt"/>
        <line num="36" count="0" type="stmt"/>
        <line num="37" count="0" type="stmt"/>
        <line num="41" count="0" type="stmt"/>
        <line num="43" count="0" type="stmt"/>
        <line num="51" count="0" type="stmt"/>
        <line num="52" count="0" type="stmt"/>
        <line num="54" count="0" type="cond" truecount="0" falsecount="2"/>
        <line num="55" count="0" type="stmt"/>
        <line num="56" count="0" type="stmt"/>
        <line num="59" count="0" type="stmt"/>
      </file>
    </package>
  </project>
</coverage>
