{"C:\\Users\\Admin\\Desktop\\TzDraft\\backend\\src\\app.module.ts": {"path":"C:\\Users\\Admin\\Desktop\\TzDraft\\backend\\src\\app.module.ts","statementMap":{"0":{"start":{"line":1,"column":0},"end":{"line":1,"column":40}},"1":{"start":{"line":2,"column":0},"end":{"line":2,"column":41}},"2":{"start":{"line":3,"column":0},"end":{"line":3,"column":46}},"3":{"start":{"line":4,"column":0},"end":{"line":4,"column":68}},"4":{"start":{"line":5,"column":0},"end":{"line":5,"column":50}},"5":{"start":{"line":6,"column":0},"end":{"line":6,"column":78}},"6":{"start":{"line":7,"column":0},"end":{"line":7,"column":58}},"7":{"start":{"line":8,"column":0},"end":{"line":8,"column":48}},"8":{"start":{"line":9,"column":0},"end":{"line":9,"column":55}},"9":{"start":{"line":10,"column":0},"end":{"line":10,"column":69}},"10":{"start":{"line":11,"column":0},"end":{"line":11,"column":66}},"11":{"start":{"line":12,"column":0},"end":{"line":12,"column":54}},"12":{"start":{"line":38,"column":7},"end":{"line":38,"column":null}},"13":{"start":{"line":38,"column":13},"end":{"line":38,"column":22}},"14":{"start":{"line":38,"column":13},"end":{"line":38,"column":null}}},"fnMap":{},"branchMap":{},"s":{"0":0,"1":0,"2":0,"3":0,"4":0,"5":0,"6":0,"7":0,"8":0,"9":0,"10":0,"11":0,"12":0,"13":0,"14":0},"f":{},"b":{}}
,"C:\\Users\\Admin\\Desktop\\TzDraft\\backend\\src\\instrument.ts": {"path":"C:\\Users\\Admin\\Desktop\\TzDraft\\backend\\src\\instrument.ts","statementMap":{"0":{"start":{"line":3,"column":0},"end":{"line":3,"column":41}},"1":{"start":{"line":5,"column":0},"end":{"line":11,"column":3}}},"fnMap":{},"branchMap":{"0":{"loc":{"start":{"line":8,"column":15},"end":{"line":8,"column":52}},"type":"binary-expr","locations":[{"start":{"line":8,"column":15},"end":{"line":8,"column":35}},{"start":{"line":8,"column":39},"end":{"line":8,"column":52}}]}},"s":{"0":0,"1":0},"f":{},"b":{"0":[0,0]}}
,"C:\\Users\\Admin\\Desktop\\TzDraft\\backend\\src\\main.ts": {"path":"C:\\Users\\Admin\\Desktop\\TzDraft\\backend\\src\\main.ts","statementMap":{"0":{"start":{"line":2,"column":0},"end":{"line":2,"column":22}},"1":{"start":{"line":3,"column":0},"end":{"line":3,"column":43}},"2":{"start":{"line":4,"column":0},"end":{"line":4,"column":41}},"3":{"start":{"line":5,"column":0},"end":{"line":5,"column":56}},"4":{"start":{"line":6,"column":0},"end":{"line":6,"column":47}},"5":{"start":{"line":8,"column":0},"end":{"line":8,"column":43}},"6":{"start":{"line":11,"column":17},"end":{"line":11,"column":54}},"7":{"start":{"line":13,"column":14},"end":{"line":16,"column":4}},"8":{"start":{"line":18,"column":24},"end":{"line":18,"column":46}},"9":{"start":{"line":21,"column":2},"end":{"line":21,"column":28}},"10":{"start":{"line":25,"column":4},"end":{"line":29,"column":27}},"11":{"start":{"line":32,"column":25},"end":{"line":53,"column":6}},"12":{"start":{"line":34,"column":21},"end":{"line":34,"column":34}},"13":{"start":{"line":36,"column":6},"end":{"line":42,"column":7}},"14":{"start":{"line":41,"column":8},"end":{"line":41,"column":42}},"15":{"start":{"line":43,"column":6},"end":{"line":43,"column":20}},"16":{"start":{"line":45,"column":21},"end":{"line":45,"column":46}},"17":{"start":{"line":48,"column":6},"end":{"line":48,"column":39}},"18":{"start":{"line":48,"column":26},"end":{"line":48,"column":39}},"19":{"start":{"line":49,"column":6},"end":{"line":51,"column":7}},"20":{"start":{"line":50,"column":8},"end":{"line":50,"column":24}},"21":{"start":{"line":52,"column":6},"end":{"line":52,"column":55}},"22":{"start":{"line":55,"column":2},"end":{"line":96,"column":5}},"23":{"start":{"line":57,"column":6},"end":{"line":57,"column":47}},"24":{"start":{"line":57,"column":19},"end":{"line":57,"column":47}},"25":{"start":{"line":58,"column":31},"end":{"line":58,"column":56}},"26":{"start":{"line":59,"column":6},"end":{"line":59,"column":68}},"27":{"start":{"line":59,"column":40},"end":{"line":59,"column":68}},"28":{"start":{"line":60,"column":6},"end":{"line":61,"column":36}},"29":{"start":{"line":61,"column":8},"end":{"line":61,"column":36}},"30":{"start":{"line":63,"column":6},"end":{"line":76,"column":7}},"31":{"start":{"line":64,"column":8},"end":{"line":64,"column":51}},"32":{"start":{"line":64,"column":42},"end":{"line":64,"column":51}},"33":{"start":{"line":65,"column":8},"end":{"line":75,"column":18}},"34":{"start":{"line":66,"column":26},"end":{"line":66,"column":66}},"35":{"start":{"line":67,"column":27},"end":{"line":67,"column":52}},"36":{"start":{"line":68,"column":10},"end":{"line":68,"column":63}},"37":{"start":{"line":68,"column":54},"end":{"line":68,"column":63}},"38":{"start":{"line":69,"column":10},"end":{"line":69,"column":55}},"39":{"start":{"line":69,"column":46},"end":{"line":69,"column":55}},"40":{"start":{"line":70,"column":30},"end":{"line":70,"column":46}},"41":{"start":{"line":71,"column":31},"end":{"line":71,"column":48}},"42":{"start":{"line":72,"column":10},"end":{"line":72,"column":53}},"43":{"start":{"line":72,"column":44},"end":{"line":72,"column":53}},"44":{"start":{"line":73,"column":10},"end":{"line":74,"column":40}},"45":{"start":{"line":74,"column":12},"end":{"line":74,"column":40}},"46":{"start":{"line":78,"column":6},"end":{"line":88,"column":16}},"47":{"start":{"line":79,"column":25},"end":{"line":79,"column":50}},"48":{"start":{"line":80,"column":29},"end":{"line":80,"column":46}},"49":{"start":{"line":81,"column":31},"end":{"line":83,"column":33}},"50":{"start":{"line":84,"column":30},"end":{"line":86,"column":10}},"51":{"start":{"line":87,"column":8},"end":{"line":87,"column":80}},"52":{"start":{"line":87,"column":52},"end":{"line":87,"column":80}},"53":{"start":{"line":90,"column":6},"end":{"line":90,"column":35}},"54":{"start":{"line":101,"column":2},"end":{"line":152,"column":5}},"55":{"start":{"line":102,"column":24},"end":{"line":102,"column":57}},"56":{"start":{"line":105,"column":4},"end":{"line":107,"column":5}},"57":{"start":{"line":106,"column":6},"end":{"line":106,"column":20}},"58":{"start":{"line":109,"column":29},"end":{"line":109,"column":31}},"59":{"start":{"line":110,"column":20},"end":{"line":110,"column":21}},"60":{"start":{"line":111,"column":21},"end":{"line":111,"column":32}},"61":{"start":{"line":113,"column":4},"end":{"line":122,"column":7}},"62":{"start":{"line":114,"column":6},"end":{"line":114,"column":32}},"63":{"start":{"line":115,"column":6},"end":{"line":120,"column":7}},"64":{"start":{"line":116,"column":8},"end":{"line":116,"column":39}},"65":{"start":{"line":117,"column":8},"end":{"line":117,"column":38}},"66":{"start":{"line":118,"column":8},"end":{"line":118,"column":61}},"67":{"start":{"line":119,"column":8},"end":{"line":119,"column":15}},"68":{"start":{"line":121,"column":6},"end":{"line":121,"column":25}},"69":{"start":{"line":124,"column":4},"end":{"line":146,"column":7}},"70":{"start":{"line":125,"column":6},"end":{"line":145,"column":7}},"71":{"start":{"line":126,"column":20},"end":{"line":126,"column":58}},"72":{"start":{"line":128,"column":8},"end":{"line":133,"column":9}},"73":{"start":{"line":132,"column":10},"end":{"line":132,"column":72}},"74":{"start":{"line":135,"column":8},"end":{"line":139,"column":9}},"75":{"start":{"line":136,"column":10},"end":{"line":136,"column":24}},"76":{"start":{"line":138,"column":10},"end":{"line":138,"column":37}},"77":{"start":{"line":141,"column":8},"end":{"line":141,"column":15}},"78":{"start":{"line":143,"column":8},"end":{"line":143,"column":64}},"79":{"start":{"line":144,"column":8},"end":{"line":144,"column":56}},"80":{"start":{"line":148,"column":4},"end":{"line":151,"column":7}},"81":{"start":{"line":149,"column":6},"end":{"line":149,"column":58}},"82":{"start":{"line":150,"column":6},"end":{"line":150,"column":55}},"83":{"start":{"line":154,"column":2},"end":{"line":154,"column":42}},"84":{"start":{"line":157,"column":2},"end":{"line":163,"column":4}},"85":{"start":{"line":165,"column":15},"end":{"line":165,"column":48}},"86":{"start":{"line":168,"column":2},"end":{"line":168,"column":36}},"87":{"start":{"line":170,"column":2},"end":{"line":172,"column":3}},"88":{"start":{"line":171,"column":4},"end":{"line":171,"column":76}},"89":{"start":{"line":174,"column":0},"end":{"line":174,"column":12}}},"fnMap":{"0":{"name":"bootstrap","decl":{"start":{"line":10,"column":15},"end":{"line":10,"column":24}},"loc":{"start":{"line":10,"column":24},"end":{"line":173,"column":1}}},"1":{"name":"(anonymous_1)","decl":{"start":{"line":34,"column":9},"end":{"line":34,"column":10}},"loc":{"start":{"line":34,"column":21},"end":{"line":34,"column":34}}},"2":{"name":"(anonymous_2)","decl":{"start":{"line":35,"column":9},"end":{"line":35,"column":10}},"loc":{"start":{"line":35,"column":20},"end":{"line":44,"column":5}}},"3":{"name":"(anonymous_3)","decl":{"start":{"line":45,"column":9},"end":{"line":45,"column":10}},"loc":{"start":{"line":45,"column":21},"end":{"line":45,"column":46}}},"4":{"name":"(anonymous_4)","decl":{"start":{"line":47,"column":13},"end":{"line":47,"column":14}},"loc":{"start":{"line":47,"column":24},"end":{"line":53,"column":5}}},"5":{"name":"(anonymous_5)","decl":{"start":{"line":56,"column":12},"end":{"line":56,"column":13}},"loc":{"start":{"line":56,"column":33},"end":{"line":91,"column":5}}},"6":{"name":"(anonymous_6)","decl":{"start":{"line":101,"column":10},"end":{"line":101,"column":11}},"loc":{"start":{"line":101,"column":34},"end":{"line":152,"column":3}}},"7":{"name":"(anonymous_7)","decl":{"start":{"line":113,"column":19},"end":{"line":113,"column":20}},"loc":{"start":{"line":113,"column":37},"end":{"line":122,"column":5}}},"8":{"name":"(anonymous_8)","decl":{"start":{"line":124,"column":18},"end":{"line":124,"column":21}},"loc":{"start":{"line":124,"column":23},"end":{"line":146,"column":5}}},"9":{"name":"(anonymous_9)","decl":{"start":{"line":148,"column":20},"end":{"line":148,"column":21}},"loc":{"start":{"line":148,"column":28},"end":{"line":151,"column":5}}}},"branchMap":{"0":{"loc":{"start":{"line":14,"column":12},"end":{"line":14,"column":38}},"type":"cond-expr","locations":[{"start":{"line":14,"column":21},"end":{"line":14,"column":26}},{"start":{"line":14,"column":29},"end":{"line":14,"column":38}}]},"1":{"loc":{"start":{"line":25,"column":4},"end":{"line":29,"column":27}},"type":"binary-expr","locations":[{"start":{"line":25,"column":4},"end":{"line":25,"column":45}},{"start":{"line":26,"column":4},"end":{"line":26,"column":44}},{"start":{"line":27,"column":4},"end":{"line":27,"column":45}},{"start":{"line":28,"column":4},"end":{"line":28,"column":40}},{"start":{"line":29,"column":4},"end":{"line":29,"column":27}}]},"2":{"loc":{"start":{"line":36,"column":6},"end":{"line":42,"column":7}},"type":"if","locations":[{"start":{"line":36,"column":6},"end":{"line":42,"column":7}},{"start":{},"end":{}}]},"3":{"loc":{"start":{"line":37,"column":8},"end":{"line":39,"column":48}},"type":"binary-expr","locations":[{"start":{"line":37,"column":8},"end":{"line":37,"column":26}},{"start":{"line":38,"column":8},"end":{"line":38,"column":47}},{"start":{"line":39,"column":9},"end":{"line":39,"column":26}},{"start":{"line":39,"column":30},"end":{"line":39,"column":47}}]},"4":{"loc":{"start":{"line":48,"column":6},"end":{"line":48,"column":39}},"type":"if","locations":[{"start":{"line":48,"column":6},"end":{"line":48,"column":39}},{"start":{},"end":{}}]},"5":{"loc":{"start":{"line":49,"column":6},"end":{"line":51,"column":7}},"type":"if","locations":[{"start":{"line":49,"column":6},"end":{"line":51,"column":7}},{"start":{},"end":{}}]},"6":{"loc":{"start":{"line":49,"column":10},"end":{"line":49,"column":71}},"type":"binary-expr","locations":[{"start":{"line":49,"column":10},"end":{"line":49,"column":38}},{"start":{"line":49,"column":42},"end":{"line":49,"column":71}}]},"7":{"loc":{"start":{"line":57,"column":6},"end":{"line":57,"column":47}},"type":"if","locations":[{"start":{"line":57,"column":6},"end":{"line":57,"column":47}},{"start":{},"end":{}}]},"8":{"loc":{"start":{"line":59,"column":6},"end":{"line":59,"column":68}},"type":"if","locations":[{"start":{"line":59,"column":6},"end":{"line":59,"column":68}},{"start":{},"end":{}}]},"9":{"loc":{"start":{"line":60,"column":6},"end":{"line":61,"column":36}},"type":"if","locations":[{"start":{"line":60,"column":6},"end":{"line":61,"column":36}},{"start":{},"end":{}}]},"10":{"loc":{"start":{"line":64,"column":8},"end":{"line":64,"column":51}},"type":"if","locations":[{"start":{"line":64,"column":8},"end":{"line":64,"column":51}},{"start":{},"end":{}}]},"11":{"loc":{"start":{"line":68,"column":10},"end":{"line":68,"column":63}},"type":"if","locations":[{"start":{"line":68,"column":10},"end":{"line":68,"column":63}},{"start":{},"end":{}}]},"12":{"loc":{"start":{"line":69,"column":10},"end":{"line":69,"column":55}},"type":"if","locations":[{"start":{"line":69,"column":10},"end":{"line":69,"column":55}},{"start":{},"end":{}}]},"13":{"loc":{"start":{"line":72,"column":10},"end":{"line":72,"column":53}},"type":"if","locations":[{"start":{"line":72,"column":10},"end":{"line":72,"column":53}},{"start":{},"end":{}}]},"14":{"loc":{"start":{"line":73,"column":10},"end":{"line":74,"column":40}},"type":"if","locations":[{"start":{"line":73,"column":10},"end":{"line":74,"column":40}},{"start":{},"end":{}}]},"15":{"loc":{"start":{"line":81,"column":31},"end":{"line":83,"column":33}},"type":"cond-expr","locations":[{"start":{"line":82,"column":12},"end":{"line":82,"column":33}},{"start":{"line":83,"column":12},"end":{"line":83,"column":33}}]},"16":{"loc":{"start":{"line":85,"column":10},"end":{"line":85,"column":null}},"type":"cond-expr","locations":[{"start":{"line":85,"column":26},"end":{"line":85,"column":45}},{"start":{"line":85,"column":48},"end":{"line":85,"column":null}}]},"17":{"loc":{"start":{"line":87,"column":8},"end":{"line":87,"column":80}},"type":"if","locations":[{"start":{"line":87,"column":8},"end":{"line":87,"column":80}},{"start":{},"end":{}}]},"18":{"loc":{"start":{"line":102,"column":24},"end":{"line":102,"column":57}},"type":"binary-expr","locations":[{"start":{"line":102,"column":24},"end":{"line":102,"column":51}},{"start":{"line":102,"column":55},"end":{"line":102,"column":57}}]},"19":{"loc":{"start":{"line":105,"column":4},"end":{"line":107,"column":5}},"type":"if","locations":[{"start":{"line":105,"column":4},"end":{"line":107,"column":5}},{"start":{},"end":{}}]},"20":{"loc":{"start":{"line":115,"column":6},"end":{"line":120,"column":7}},"type":"if","locations":[{"start":{"line":115,"column":6},"end":{"line":120,"column":7}},{"start":{},"end":{}}]},"21":{"loc":{"start":{"line":128,"column":8},"end":{"line":133,"column":9}},"type":"if","locations":[{"start":{"line":128,"column":8},"end":{"line":133,"column":9}},{"start":{},"end":{}}]},"22":{"loc":{"start":{"line":129,"column":10},"end":{"line":130,"column":42}},"type":"binary-expr","locations":[{"start":{"line":129,"column":10},"end":{"line":129,"column":47}},{"start":{"line":130,"column":10},"end":{"line":130,"column":42}}]},"23":{"loc":{"start":{"line":135,"column":8},"end":{"line":139,"column":9}},"type":"if","locations":[{"start":{"line":135,"column":8},"end":{"line":139,"column":9}},{"start":{"line":137,"column":15},"end":{"line":139,"column":9}}]},"24":{"loc":{"start":{"line":165,"column":15},"end":{"line":165,"column":48}},"type":"binary-expr","locations":[{"start":{"line":165,"column":15},"end":{"line":165,"column":40}},{"start":{"line":165,"column":44},"end":{"line":165,"column":48}}]},"25":{"loc":{"start":{"line":170,"column":2},"end":{"line":172,"column":3}},"type":"if","locations":[{"start":{"line":170,"column":2},"end":{"line":172,"column":3}},{"start":{},"end":{}}]}},"s":{"0":0,"1":0,"2":0,"3":0,"4":0,"5":0,"6":0,"7":0,"8":0,"9":0,"10":0,"11":0,"12":0,"13":0,"14":0,"15":0,"16":0,"17":0,"18":0,"19":0,"20":0,"21":0,"22":0,"23":0,"24":0,"25":0,"26":0,"27":0,"28":0,"29":0,"30":0,"31":0,"32":0,"33":0,"34":0,"35":0,"36":0,"37":0,"38":0,"39":0,"40":0,"41":0,"42":0,"43":0,"44":0,"45":0,"46":0,"47":0,"48":0,"49":0,"50":0,"51":0,"52":0,"53":0,"54":0,"55":0,"56":0,"57":0,"58":0,"59":0,"60":0,"61":0,"62":0,"63":0,"64":0,"65":0,"66":0,"67":0,"68":0,"69":0,"70":0,"71":0,"72":0,"73":0,"74":0,"75":0,"76":0,"77":0,"78":0,"79":0,"80":0,"81":0,"82":0,"83":0,"84":0,"85":0,"86":0,"87":0,"88":0,"89":0},"f":{"0":0,"1":0,"2":0,"3":0,"4":0,"5":0,"6":0,"7":0,"8":0,"9":0},"b":{"0":[0,0],"1":[0,0,0,0,0],"2":[0,0],"3":[0,0,0,0],"4":[0,0],"5":[0,0],"6":[0,0],"7":[0,0],"8":[0,0],"9":[0,0],"10":[0,0],"11":[0,0],"12":[0,0],"13":[0,0],"14":[0,0],"15":[0,0],"16":[0,0],"17":[0,0],"18":[0,0],"19":[0,0],"20":[0,0],"21":[0,0],"22":[0,0],"23":[0,0],"24":[0,0],"25":[0,0]}}
,"C:\\Users\\Admin\\Desktop\\TzDraft\\backend\\src\\application\\use-cases\\create-game.use-case.ts": {"path":"C:\\Users\\Admin\\Desktop\\TzDraft\\backend\\src\\application\\use-cases\\create-game.use-case.ts","statementMap":{"0":{"start":{"line":1,"column":0},"end":{"line":1,"column":null}},"1":{"start":{"line":9,"column":0},"end":{"line":9,"column":62}},"2":{"start":{"line":10,"column":0},"end":{"line":10,"column":null}},"3":{"start":{"line":15,"column":0},"end":{"line":15,"column":36}},"4":{"start":{"line":19,"column":16},"end":{"line":19,"column":50}},"5":{"start":{"line":20,"column":13},"end":{"line":20,"column":15}},"6":{"start":{"line":21,"column":2},"end":{"line":23,"column":3}},"7":{"start":{"line":21,"column":15},"end":{"line":21,"column":16}},"8":{"start":{"line":22,"column":4},"end":{"line":22,"column":60}},"9":{"start":{"line":24,"column":2},"end":{"line":24,"column":14}},"10":{"start":{"line":32,"column":7},"end":{"line":229,"column":null}},"11":{"start":{"line":35,"column":21},"end":{"line":35,"column":52}},"12":{"start":{"line":47,"column":17},"end":{"line":56,"column":null}},"13":{"start":{"line":59,"column":4},"end":{"line":59,"column":17}},"14":{"start":{"line":60,"column":4},"end":{"line":60,"column":44}},"15":{"start":{"line":73,"column":26},"end":{"line":73,"column":77}},"16":{"start":{"line":74,"column":26},"end":{"line":74,"column":77}},"17":{"start":{"line":75,"column":21},"end":{"line":75,"column":73}},"18":{"start":{"line":76,"column":21},"end":{"line":76,"column":73}},"19":{"start":{"line":78,"column":17},"end":{"line":87,"column":null}},"20":{"start":{"line":90,"column":4},"end":{"line":90,"column":17}},"21":{"start":{"line":91,"column":4},"end":{"line":91,"column":44}},"22":{"start":{"line":105,"column":4},"end":{"line":105,"column":68}},"23":{"start":{"line":107,"column":23},"end":{"line":107,"column":43}},"24":{"start":{"line":110,"column":26},"end":{"line":110,"column":79}},"25":{"start":{"line":111,"column":26},"end":{"line":111,"column":79}},"26":{"start":{"line":112,"column":21},"end":{"line":112,"column":75}},"27":{"start":{"line":113,"column":21},"end":{"line":113,"column":75}},"28":{"start":{"line":115,"column":17},"end":{"line":133,"column":null}},"29":{"start":{"line":136,"column":20},"end":{"line":136,"column":58}},"30":{"start":{"line":137,"column":4},"end":{"line":137,"column":41}},"31":{"start":{"line":144,"column":17},"end":{"line":144,"column":65}},"32":{"start":{"line":145,"column":4},"end":{"line":147,"column":5}},"33":{"start":{"line":146,"column":6},"end":{"line":146,"column":59}},"34":{"start":{"line":148,"column":4},"end":{"line":150,"column":5}},"35":{"start":{"line":149,"column":6},"end":{"line":149,"column":72}},"36":{"start":{"line":151,"column":4},"end":{"line":153,"column":5}},"37":{"start":{"line":152,"column":6},"end":{"line":152,"column":69}},"38":{"start":{"line":154,"column":4},"end":{"line":154,"column":61}},"39":{"start":{"line":162,"column":17},"end":{"line":162,"column":59}},"40":{"start":{"line":163,"column":4},"end":{"line":165,"column":5}},"41":{"start":{"line":164,"column":6},"end":{"line":164,"column":52}},"42":{"start":{"line":166,"column":4},"end":{"line":168,"column":5}},"43":{"start":{"line":167,"column":6},"end":{"line":167,"column":69}},"44":{"start":{"line":169,"column":4},"end":{"line":173,"column":5}},"45":{"start":{"line":170,"column":6},"end":{"line":172,"column":8}},"46":{"start":{"line":176,"column":6},"end":{"line":178,"column":28}},"47":{"start":{"line":179,"column":4},"end":{"line":181,"column":5}},"48":{"start":{"line":180,"column":6},"end":{"line":180,"column":79}},"49":{"start":{"line":182,"column":4},"end":{"line":182,"column":49}},"50":{"start":{"line":191,"column":21},"end":{"line":191,"column":71}},"51":{"start":{"line":192,"column":4},"end":{"line":192,"column":74}},"52":{"start":{"line":192,"column":19},"end":{"line":192,"column":74}},"53":{"start":{"line":193,"column":4},"end":{"line":195,"column":5}},"54":{"start":{"line":194,"column":6},"end":{"line":194,"column":80}},"55":{"start":{"line":198,"column":23},"end":{"line":198,"column":45}},"56":{"start":{"line":199,"column":23},"end":{"line":199,"column":45}},"57":{"start":{"line":201,"column":17},"end":{"line":210,"column":null}},"58":{"start":{"line":213,"column":4},"end":{"line":213,"column":17}},"59":{"start":{"line":214,"column":4},"end":{"line":214,"column":44}},"60":{"start":{"line":221,"column":17},"end":{"line":221,"column":59}},"61":{"start":{"line":223,"column":4},"end":{"line":225,"column":5}},"62":{"start":{"line":224,"column":6},"end":{"line":224,"column":70}},"63":{"start":{"line":227,"column":4},"end":{"line":227,"column":16}},"64":{"start":{"line":32,"column":13},"end":{"line":32,"column":30}},"65":{"start":{"line":32,"column":13},"end":{"line":229,"column":null}}},"fnMap":{"0":{"name":"generateInviteCode","decl":{"start":{"line":18,"column":9},"end":{"line":18,"column":27}},"loc":{"start":{"line":18,"column":27},"end":{"line":25,"column":1}}},"1":{"name":"(anonymous_5)","decl":{"start":{"line":33,"column":2},"end":{"line":33,"column":null}},"loc":{"start":{"line":35,"column":52},"end":{"line":36,"column":6}}},"2":{"name":"(anonymous_6)","decl":{"start":{"line":41,"column":2},"end":{"line":41,"column":7}},"loc":{"start":{"line":45,"column":20},"end":{"line":61,"column":3}}},"3":{"name":"(anonymous_7)","decl":{"start":{"line":66,"column":2},"end":{"line":66,"column":7}},"loc":{"start":{"line":71,"column":40},"end":{"line":92,"column":3}}},"4":{"name":"(anonymous_8)","decl":{"start":{"line":97,"column":2},"end":{"line":97,"column":7}},"loc":{"start":{"line":101,"column":25},"end":{"line":138,"column":3}}},"5":{"name":"(anonymous_9)","decl":{"start":{"line":143,"column":2},"end":{"line":143,"column":7}},"loc":{"start":{"line":143,"column":53},"end":{"line":155,"column":3}}},"6":{"name":"(anonymous_10)","decl":{"start":{"line":161,"column":2},"end":{"line":161,"column":7}},"loc":{"start":{"line":161,"column":53},"end":{"line":183,"column":3}}},"7":{"name":"(anonymous_11)","decl":{"start":{"line":190,"column":2},"end":{"line":190,"column":7}},"loc":{"start":{"line":190,"column":44},"end":{"line":215,"column":3}}},"8":{"name":"(anonymous_12)","decl":{"start":{"line":220,"column":2},"end":{"line":220,"column":7}},"loc":{"start":{"line":220,"column":35},"end":{"line":228,"column":3}}}},"branchMap":{"0":{"loc":{"start":{"line":71,"column":4},"end":{"line":71,"column":40}},"type":"default-arg","locations":[{"start":{"line":71,"column":38},"end":{"line":71,"column":40}}]},"1":{"loc":{"start":{"line":73,"column":26},"end":{"line":73,"column":77}},"type":"cond-expr","locations":[{"start":{"line":73,"column":62},"end":{"line":73,"column":70}},{"start":{"line":73,"column":73},"end":{"line":73,"column":77}}]},"2":{"loc":{"start":{"line":74,"column":26},"end":{"line":74,"column":77}},"type":"cond-expr","locations":[{"start":{"line":74,"column":62},"end":{"line":74,"column":70}},{"start":{"line":74,"column":73},"end":{"line":74,"column":77}}]},"3":{"loc":{"start":{"line":75,"column":21},"end":{"line":75,"column":73}},"type":"cond-expr","locations":[{"start":{"line":75,"column":57},"end":{"line":75,"column":66}},{"start":{"line":75,"column":69},"end":{"line":75,"column":73}}]},"4":{"loc":{"start":{"line":76,"column":21},"end":{"line":76,"column":73}},"type":"cond-expr","locations":[{"start":{"line":76,"column":57},"end":{"line":76,"column":66}},{"start":{"line":76,"column":69},"end":{"line":76,"column":73}}]},"5":{"loc":{"start":{"line":86,"column":6},"end":{"line":86,"column":33}},"type":"binary-expr","locations":[{"start":{"line":86,"column":6},"end":{"line":86,"column":23}},{"start":{"line":86,"column":27},"end":{"line":86,"column":33}}]},"6":{"loc":{"start":{"line":110,"column":26},"end":{"line":110,"column":79}},"type":"cond-expr","locations":[{"start":{"line":110,"column":63},"end":{"line":110,"column":72}},{"start":{"line":110,"column":75},"end":{"line":110,"column":79}}]},"7":{"loc":{"start":{"line":111,"column":26},"end":{"line":111,"column":79}},"type":"cond-expr","locations":[{"start":{"line":111,"column":63},"end":{"line":111,"column":72}},{"start":{"line":111,"column":75},"end":{"line":111,"column":79}}]},"8":{"loc":{"start":{"line":112,"column":21},"end":{"line":112,"column":75}},"type":"cond-expr","locations":[{"start":{"line":112,"column":58},"end":{"line":112,"column":68}},{"start":{"line":112,"column":71},"end":{"line":112,"column":75}}]},"9":{"loc":{"start":{"line":113,"column":21},"end":{"line":113,"column":75}},"type":"cond-expr","locations":[{"start":{"line":113,"column":58},"end":{"line":113,"column":68}},{"start":{"line":113,"column":71},"end":{"line":113,"column":75}}]},"10":{"loc":{"start":{"line":145,"column":4},"end":{"line":147,"column":5}},"type":"if","locations":[{"start":{"line":145,"column":4},"end":{"line":147,"column":5}},{"start":{},"end":{}}]},"11":{"loc":{"start":{"line":148,"column":4},"end":{"line":150,"column":5}},"type":"if","locations":[{"start":{"line":148,"column":4},"end":{"line":150,"column":5}},{"start":{},"end":{}}]},"12":{"loc":{"start":{"line":151,"column":4},"end":{"line":153,"column":5}},"type":"if","locations":[{"start":{"line":151,"column":4},"end":{"line":153,"column":5}},{"start":{},"end":{}}]},"13":{"loc":{"start":{"line":151,"column":8},"end":{"line":151,"column":74}},"type":"binary-expr","locations":[{"start":{"line":151,"column":8},"end":{"line":151,"column":39}},{"start":{"line":151,"column":43},"end":{"line":151,"column":74}}]},"14":{"loc":{"start":{"line":163,"column":4},"end":{"line":165,"column":5}},"type":"if","locations":[{"start":{"line":163,"column":4},"end":{"line":165,"column":5}},{"start":{},"end":{}}]},"15":{"loc":{"start":{"line":166,"column":4},"end":{"line":168,"column":5}},"type":"if","locations":[{"start":{"line":166,"column":4},"end":{"line":168,"column":5}},{"start":{},"end":{}}]},"16":{"loc":{"start":{"line":169,"column":4},"end":{"line":173,"column":5}},"type":"if","locations":[{"start":{"line":169,"column":4},"end":{"line":173,"column":5}},{"start":{},"end":{}}]},"17":{"loc":{"start":{"line":169,"column":8},"end":{"line":169,"column":50}},"type":"binary-expr","locations":[{"start":{"line":169,"column":8},"end":{"line":169,"column":27}},{"start":{"line":169,"column":31},"end":{"line":169,"column":50}}]},"18":{"loc":{"start":{"line":176,"column":6},"end":{"line":178,"column":28}},"type":"cond-expr","locations":[{"start":{"line":177,"column":10},"end":{"line":177,"column":28}},{"start":{"line":178,"column":10},"end":{"line":178,"column":28}}]},"19":{"loc":{"start":{"line":179,"column":4},"end":{"line":181,"column":5}},"type":"if","locations":[{"start":{"line":179,"column":4},"end":{"line":181,"column":5}},{"start":{},"end":{}}]},"20":{"loc":{"start":{"line":192,"column":4},"end":{"line":192,"column":74}},"type":"if","locations":[{"start":{"line":192,"column":4},"end":{"line":192,"column":74}},{"start":{},"end":{}}]},"21":{"loc":{"start":{"line":193,"column":4},"end":{"line":195,"column":5}},"type":"if","locations":[{"start":{"line":193,"column":4},"end":{"line":195,"column":5}},{"start":{},"end":{}}]},"22":{"loc":{"start":{"line":206,"column":6},"end":{"line":206,"column":31}},"type":"binary-expr","locations":[{"start":{"line":206,"column":6},"end":{"line":206,"column":23}},{"start":{"line":206,"column":27},"end":{"line":206,"column":31}}]},"23":{"loc":{"start":{"line":207,"column":6},"end":{"line":207,"column":31}},"type":"binary-expr","locations":[{"start":{"line":207,"column":6},"end":{"line":207,"column":23}},{"start":{"line":207,"column":27},"end":{"line":207,"column":31}}]},"24":{"loc":{"start":{"line":223,"column":4},"end":{"line":225,"column":5}},"type":"if","locations":[{"start":{"line":223,"column":4},"end":{"line":225,"column":5}},{"start":{},"end":{}}]}},"s":{"0":1,"1":1,"2":1,"3":1,"4":0,"5":0,"6":0,"7":0,"8":0,"9":0,"10":1,"11":0,"12":0,"13":0,"14":0,"15":0,"16":0,"17":0,"18":0,"19":0,"20":0,"21":0,"22":0,"23":0,"24":0,"25":0,"26":0,"27":0,"28":0,"29":0,"30":0,"31":0,"32":0,"33":0,"34":0,"35":0,"36":0,"37":0,"38":0,"39":0,"40":0,"41":0,"42":0,"43":0,"44":0,"45":0,"46":0,"47":0,"48":0,"49":0,"50":0,"51":0,"52":0,"53":0,"54":0,"55":0,"56":0,"57":0,"58":0,"59":0,"60":0,"61":0,"62":0,"63":0,"64":1,"65":1},"f":{"0":0,"1":0,"2":0,"3":0,"4":0,"5":0,"6":0,"7":0,"8":0},"b":{"0":[0],"1":[0,0],"2":[0,0],"3":[0,0],"4":[0,0],"5":[0,0],"6":[0,0],"7":[0,0],"8":[0,0],"9":[0,0],"10":[0,0],"11":[0,0],"12":[0,0],"13":[0,0],"14":[0,0],"15":[0,0],"16":[0,0],"17":[0,0],"18":[0,0],"19":[0,0],"20":[0,0],"21":[0,0],"22":[0,0],"23":[0,0],"24":[0,0]}}
,"C:\\Users\\Admin\\Desktop\\TzDraft\\backend\\src\\application\\use-cases\\end-game.use-case.ts": {"path":"C:\\Users\\Admin\\Desktop\\TzDraft\\backend\\src\\application\\use-cases\\end-game.use-case.ts","statementMap":{"0":{"start":{"line":1,"column":0},"end":{"line":1,"column":73}},"1":{"start":{"line":3,"column":0},"end":{"line":3,"column":74}},"2":{"start":{"line":4,"column":0},"end":{"line":4,"column":49}},"3":{"start":{"line":12,"column":7},"end":{"line":119,"column":null}},"4":{"start":{"line":15,"column":21},"end":{"line":15,"column":52}},"5":{"start":{"line":16,"column":21},"end":{"line":16,"column":36}},"6":{"start":{"line":23,"column":17},"end":{"line":23,"column":59}},"7":{"start":{"line":24,"column":4},"end":{"line":26,"column":5}},"8":{"start":{"line":25,"column":6},"end":{"line":25,"column":54}},"9":{"start":{"line":27,"column":4},"end":{"line":27,"column":43}},"10":{"start":{"line":30,"column":6},"end":{"line":30,"column":67}},"11":{"start":{"line":32,"column":4},"end":{"line":32,"column":43}},"12":{"start":{"line":33,"column":4},"end":{"line":33,"column":43}},"13":{"start":{"line":34,"column":4},"end":{"line":39,"column":6}},"14":{"start":{"line":40,"column":4},"end":{"line":40,"column":22}},"15":{"start":{"line":47,"column":17},"end":{"line":47,"column":59}},"16":{"start":{"line":48,"column":4},"end":{"line":50,"column":5}},"17":{"start":{"line":49,"column":6},"end":{"line":49,"column":54}},"18":{"start":{"line":51,"column":4},"end":{"line":51,"column":43}},"19":{"start":{"line":54,"column":6},"end":{"line":54,"column":67}},"20":{"start":{"line":56,"column":4},"end":{"line":56,"column":41}},"21":{"start":{"line":57,"column":4},"end":{"line":57,"column":43}},"22":{"start":{"line":58,"column":4},"end":{"line":63,"column":6}},"23":{"start":{"line":70,"column":17},"end":{"line":70,"column":59}},"24":{"start":{"line":71,"column":4},"end":{"line":73,"column":5}},"25":{"start":{"line":72,"column":6},"end":{"line":72,"column":54}},"26":{"start":{"line":74,"column":4},"end":{"line":74,"column":43}},"27":{"start":{"line":76,"column":4},"end":{"line":76,"column":46}},"28":{"start":{"line":77,"column":4},"end":{"line":77,"column":43}},"29":{"start":{"line":78,"column":4},"end":{"line":83,"column":6}},"30":{"start":{"line":92,"column":17},"end":{"line":92,"column":59}},"31":{"start":{"line":93,"column":4},"end":{"line":95,"column":5}},"32":{"start":{"line":94,"column":6},"end":{"line":94,"column":54}},"33":{"start":{"line":96,"column":4},"end":{"line":96,"column":43}},"34":{"start":{"line":98,"column":22},"end":{"line":98,"column":41}},"35":{"start":{"line":99,"column":20},"end":{"line":99,"column":51}},"36":{"start":{"line":100,"column":21},"end":{"line":100,"column":62}},"37":{"start":{"line":102,"column":4},"end":{"line":104,"column":5}},"38":{"start":{"line":103,"column":6},"end":{"line":103,"column":79}},"39":{"start":{"line":106,"column":4},"end":{"line":106,"column":17}},"40":{"start":{"line":107,"column":4},"end":{"line":107,"column":43}},"41":{"start":{"line":115,"column":4},"end":{"line":117,"column":5}},"42":{"start":{"line":116,"column":6},"end":{"line":116,"column":63}},"43":{"start":{"line":12,"column":13},"end":{"line":12,"column":27}},"44":{"start":{"line":12,"column":13},"end":{"line":119,"column":null}}},"fnMap":{"0":{"name":"(anonymous_4)","decl":{"start":{"line":13,"column":2},"end":{"line":13,"column":null}},"loc":{"start":{"line":16,"column":49},"end":{"line":17,"column":6}}},"1":{"name":"(anonymous_5)","decl":{"start":{"line":22,"column":2},"end":{"line":22,"column":7}},"loc":{"start":{"line":22,"column":47},"end":{"line":41,"column":3}}},"2":{"name":"(anonymous_6)","decl":{"start":{"line":46,"column":2},"end":{"line":46,"column":7}},"loc":{"start":{"line":46,"column":48},"end":{"line":64,"column":3}}},"3":{"name":"(anonymous_7)","decl":{"start":{"line":69,"column":2},"end":{"line":69,"column":7}},"loc":{"start":{"line":69,"column":56},"end":{"line":84,"column":3}}},"4":{"name":"(anonymous_8)","decl":{"start":{"line":91,"column":2},"end":{"line":91,"column":7}},"loc":{"start":{"line":91,"column":46},"end":{"line":109,"column":3}}},"5":{"name":"(anonymous_9)","decl":{"start":{"line":111,"column":10},"end":{"line":111,"column":27}},"loc":{"start":{"line":113,"column":20},"end":{"line":118,"column":3}}}},"branchMap":{"0":{"loc":{"start":{"line":24,"column":4},"end":{"line":26,"column":5}},"type":"if","locations":[{"start":{"line":24,"column":4},"end":{"line":26,"column":5}},{"start":{},"end":{}}]},"1":{"loc":{"start":{"line":30,"column":6},"end":{"line":30,"column":67}},"type":"cond-expr","locations":[{"start":{"line":30,"column":40},"end":{"line":30,"column":52}},{"start":{"line":30,"column":55},"end":{"line":30,"column":67}}]},"2":{"loc":{"start":{"line":48,"column":4},"end":{"line":50,"column":5}},"type":"if","locations":[{"start":{"line":48,"column":4},"end":{"line":50,"column":5}},{"start":{},"end":{}}]},"3":{"loc":{"start":{"line":54,"column":6},"end":{"line":54,"column":67}},"type":"cond-expr","locations":[{"start":{"line":54,"column":40},"end":{"line":54,"column":52}},{"start":{"line":54,"column":55},"end":{"line":54,"column":67}}]},"4":{"loc":{"start":{"line":71,"column":4},"end":{"line":73,"column":5}},"type":"if","locations":[{"start":{"line":71,"column":4},"end":{"line":73,"column":5}},{"start":{},"end":{}}]},"5":{"loc":{"start":{"line":93,"column":4},"end":{"line":95,"column":5}},"type":"if","locations":[{"start":{"line":93,"column":4},"end":{"line":95,"column":5}},{"start":{},"end":{}}]},"6":{"loc":{"start":{"line":100,"column":21},"end":{"line":100,"column":62}},"type":"cond-expr","locations":[{"start":{"line":100,"column":31},"end":{"line":100,"column":45}},{"start":{"line":100,"column":48},"end":{"line":100,"column":62}}]},"7":{"loc":{"start":{"line":102,"column":4},"end":{"line":104,"column":5}},"type":"if","locations":[{"start":{"line":102,"column":4},"end":{"line":104,"column":5}},{"start":{},"end":{}}]},"8":{"loc":{"start":{"line":115,"column":4},"end":{"line":117,"column":5}},"type":"if","locations":[{"start":{"line":115,"column":4},"end":{"line":117,"column":5}},{"start":{},"end":{}}]},"9":{"loc":{"start":{"line":115,"column":8},"end":{"line":115,"column":74}},"type":"binary-expr","locations":[{"start":{"line":115,"column":8},"end":{"line":115,"column":39}},{"start":{"line":115,"column":43},"end":{"line":115,"column":74}}]},"10":{"loc":{"start":{"line":16,"column":36},"end":{"line":16,"column":null}},"type":"cond-expr","locations":[{"start":{"line":16,"column":49},"end":{"line":16,"column":null}},{"start":{"line":16,"column":49},"end":{"line":16,"column":null}}]},"11":{"loc":{"start":{"line":16,"column":36},"end":{"line":16,"column":49}},"type":"binary-expr","locations":[{"start":{"line":16,"column":36},"end":{"line":16,"column":null}},{"start":{"line":16,"column":36},"end":{"line":16,"column":49}}]}},"s":{"0":1,"1":1,"2":1,"3":1,"4":0,"5":0,"6":0,"7":0,"8":0,"9":0,"10":0,"11":0,"12":0,"13":0,"14":0,"15":0,"16":0,"17":0,"18":0,"19":0,"20":0,"21":0,"22":0,"23":0,"24":0,"25":0,"26":0,"27":0,"28":0,"29":0,"30":0,"31":0,"32":0,"33":0,"34":0,"35":0,"36":0,"37":0,"38":0,"39":0,"40":0,"41":0,"42":0,"43":1,"44":1},"f":{"0":0,"1":0,"2":0,"3":0,"4":0,"5":0},"b":{"0":[0,0],"1":[0,0],"2":[0,0],"3":[0,0],"4":[0,0],"5":[0,0],"6":[0,0],"7":[0,0],"8":[0,0],"9":[0,0],"10":[1,0],"11":[1,1]}}
,"C:\\Users\\Admin\\Desktop\\TzDraft\\backend\\src\\application\\use-cases\\get-ai-move.use-case.ts": {"path":"C:\\Users\\Admin\\Desktop\\TzDraft\\backend\\src\\application\\use-cases\\get-ai-move.use-case.ts","statementMap":{"0":{"start":{"line":1,"column":0},"end":{"line":1,"column":73}},"1":{"start":{"line":2,"column":0},"end":{"line":2,"column":73}},"2":{"start":{"line":28,"column":29},"end":{"line":86,"column":null}},"3":{"start":{"line":29,"column":28},"end":{"line":29,"column":61}},"4":{"start":{"line":31,"column":31},"end":{"line":31,"column":45}},"5":{"start":{"line":46,"column":8},"end":{"line":46,"column":11}},"6":{"start":{"line":48,"column":4},"end":{"line":50,"column":5}},"7":{"start":{"line":49,"column":6},"end":{"line":49,"column":66}},"8":{"start":{"line":53,"column":4},"end":{"line":58,"column":5}},"9":{"start":{"line":54,"column":6},"end":{"line":56,"column":8}},"10":{"start":{"line":57,"column":6},"end":{"line":57,"column":18}},"11":{"start":{"line":60,"column":43},"end":{"line":60,"column":56}},"12":{"start":{"line":61,"column":25},"end":{"line":65,"column":7}},"13":{"start":{"line":61,"column":54},"end":{"line":65,"column":6}},"14":{"start":{"line":67,"column":20},"end":{"line":73,"column":6}},"15":{"start":{"line":75,"column":4},"end":{"line":75,"column":68}},"16":{"start":{"line":76,"column":4},"end":{"line":84,"column":5}},"17":{"start":{"line":77,"column":19},"end":{"line":77,"column":63}},"18":{"start":{"line":78,"column":6},"end":{"line":78,"column":26}},"19":{"start":{"line":80,"column":6},"end":{"line":82,"column":8}},"20":{"start":{"line":83,"column":6},"end":{"line":83,"column":18}},"21":{"start":{"line":28,"column":13},"end":{"line":28,"column":29}},"22":{"start":{"line":28,"column":13},"end":{"line":86,"column":null}}},"fnMap":{"0":{"name":"(anonymous_2)","decl":{"start":{"line":31,"column":2},"end":{"line":31,"column":31}},"loc":{"start":{"line":31,"column":57},"end":{"line":31,"column":61}}},"1":{"name":"(anonymous_3)","decl":{"start":{"line":33,"column":2},"end":{"line":33,"column":7}},"loc":{"start":{"line":39,"column":3},"end":{"line":85,"column":3}}},"2":{"name":"(anonymous_4)","decl":{"start":{"line":61,"column":46},"end":{"line":61,"column":47}},"loc":{"start":{"line":61,"column":54},"end":{"line":65,"column":6}}}},"branchMap":{"0":{"loc":{"start":{"line":48,"column":4},"end":{"line":50,"column":5}},"type":"if","locations":[{"start":{"line":48,"column":4},"end":{"line":50,"column":5}},{"start":{},"end":{}}]},"1":{"loc":{"start":{"line":53,"column":4},"end":{"line":58,"column":5}},"type":"if","locations":[{"start":{"line":53,"column":4},"end":{"line":58,"column":5}},{"start":{},"end":{}}]},"2":{"loc":{"start":{"line":72,"column":24},"end":{"line":72,"column":48}},"type":"binary-expr","locations":[{"start":{"line":72,"column":24},"end":{"line":72,"column":40}},{"start":{"line":72,"column":44},"end":{"line":72,"column":48}}]},"3":{"loc":{"start":{"line":78,"column":13},"end":{"line":78,"column":25}},"type":"binary-expr","locations":[{"start":{"line":78,"column":13},"end":{"line":78,"column":17}},{"start":{"line":78,"column":21},"end":{"line":78,"column":25}}]},"4":{"loc":{"start":{"line":31,"column":45},"end":{"line":31,"column":60}},"type":"cond-expr","locations":[{"start":{"line":31,"column":57},"end":{"line":31,"column":60}},{"start":{"line":31,"column":57},"end":{"line":31,"column":60}}]},"5":{"loc":{"start":{"line":31,"column":45},"end":{"line":31,"column":57}},"type":"binary-expr","locations":[{"start":{"line":31,"column":45},"end":{"line":31,"column":60}},{"start":{"line":31,"column":45},"end":{"line":31,"column":57}}]}},"s":{"0":0,"1":0,"2":0,"3":0,"4":0,"5":0,"6":0,"7":0,"8":0,"9":0,"10":0,"11":0,"12":0,"13":0,"14":0,"15":0,"16":0,"17":0,"18":0,"19":0,"20":0,"21":0,"22":0},"f":{"0":0,"1":0,"2":0},"b":{"0":[0,0],"1":[0,0],"2":[0,0],"3":[0,0],"4":[0,0],"5":[0,0]}}
,"C:\\Users\\Admin\\Desktop\\TzDraft\\backend\\src\\application\\use-cases\\get-game-state.use-case.ts": {"path":"C:\\Users\\Admin\\Desktop\\TzDraft\\backend\\src\\application\\use-cases\\get-game-state.use-case.ts","statementMap":{"0":{"start":{"line":1,"column":0},"end":{"line":1,"column":52}},"1":{"start":{"line":6,"column":0},"end":{"line":6,"column":61}},"2":{"start":{"line":14,"column":7},"end":{"line":91,"column":null}},"3":{"start":{"line":17,"column":21},"end":{"line":17,"column":52}},"4":{"start":{"line":19,"column":21},"end":{"line":19,"column":52}},"5":{"start":{"line":20,"column":21},"end":{"line":20,"column":34}},"6":{"start":{"line":31,"column":17},"end":{"line":31,"column":59}},"7":{"start":{"line":32,"column":4},"end":{"line":34,"column":5}},"8":{"start":{"line":33,"column":6},"end":{"line":33,"column":40}},"9":{"start":{"line":36,"column":18},"end":{"line":36,"column":64}},"10":{"start":{"line":37,"column":20},"end":{"line":37,"column":47}},"11":{"start":{"line":39,"column":4},"end":{"line":43,"column":6}},"12":{"start":{"line":59,"column":17},"end":{"line":59,"column":59}},"13":{"start":{"line":60,"column":4},"end":{"line":62,"column":5}},"14":{"start":{"line":61,"column":6},"end":{"line":61,"column":40}},"15":{"start":{"line":64,"column":32},"end":{"line":67,"column":6}},"16":{"start":{"line":69,"column":20},"end":{"line":69,"column":47}},"17":{"start":{"line":71,"column":4},"end":{"line":76,"column":6}},"18":{"start":{"line":82,"column":27},"end":{"line":87,"column":6}},"19":{"start":{"line":89,"column":4},"end":{"line":89,"column":28}},"20":{"start":{"line":14,"column":13},"end":{"line":14,"column":32}},"21":{"start":{"line":14,"column":13},"end":{"line":91,"column":null}}},"fnMap":{"0":{"name":"(anonymous_4)","decl":{"start":{"line":15,"column":2},"end":{"line":15,"column":null}},"loc":{"start":{"line":20,"column":45},"end":{"line":21,"column":6}}},"1":{"name":"(anonymous_5)","decl":{"start":{"line":26,"column":2},"end":{"line":26,"column":7}},"loc":{"start":{"line":26,"column":30},"end":{"line":44,"column":3}}},"2":{"name":"(anonymous_6)","decl":{"start":{"line":49,"column":2},"end":{"line":49,"column":7}},"loc":{"start":{"line":52,"column":16},"end":{"line":77,"column":3}}},"3":{"name":"(anonymous_7)","decl":{"start":{"line":79,"column":10},"end":{"line":79,"column":15}},"loc":{"start":{"line":80,"column":14},"end":{"line":90,"column":3}}}},"branchMap":{"0":{"loc":{"start":{"line":32,"column":4},"end":{"line":34,"column":5}},"type":"if","locations":[{"start":{"line":32,"column":4},"end":{"line":34,"column":5}},{"start":{},"end":{}}]},"1":{"loc":{"start":{"line":60,"column":4},"end":{"line":62,"column":5}},"type":"if","locations":[{"start":{"line":60,"column":4},"end":{"line":62,"column":5}},{"start":{},"end":{}}]},"2":{"loc":{"start":{"line":84,"column":6},"end":{"line":86,"column":31}},"type":"cond-expr","locations":[{"start":{"line":85,"column":10},"end":{"line":85,"column":55}},{"start":{"line":86,"column":10},"end":{"line":86,"column":31}}]},"3":{"loc":{"start":{"line":20,"column":34},"end":{"line":20,"column":null}},"type":"cond-expr","locations":[{"start":{"line":20,"column":45},"end":{"line":20,"column":null}},{"start":{"line":20,"column":45},"end":{"line":20,"column":null}}]},"4":{"loc":{"start":{"line":20,"column":34},"end":{"line":20,"column":45}},"type":"binary-expr","locations":[{"start":{"line":20,"column":34},"end":{"line":20,"column":null}},{"start":{"line":20,"column":34},"end":{"line":20,"column":45}}]}},"s":{"0":0,"1":0,"2":0,"3":0,"4":0,"5":0,"6":0,"7":0,"8":0,"9":0,"10":0,"11":0,"12":0,"13":0,"14":0,"15":0,"16":0,"17":0,"18":0,"19":0,"20":0,"21":0},"f":{"0":0,"1":0,"2":0,"3":0},"b":{"0":[0,0],"1":[0,0],"2":[0,0],"3":[0,0],"4":[0,0]}}
,"C:\\Users\\Admin\\Desktop\\TzDraft\\backend\\src\\application\\use-cases\\get-legal-moves.use-case.ts": {"path":"C:\\Users\\Admin\\Desktop\\TzDraft\\backend\\src\\application\\use-cases\\get-legal-moves.use-case.ts","statementMap":{"0":{"start":{"line":1,"column":0},"end":{"line":1,"column":52}},"1":{"start":{"line":3,"column":0},"end":{"line":3,"column":89}},"2":{"start":{"line":5,"column":0},"end":{"line":5,"column":71}},"3":{"start":{"line":12,"column":7},"end":{"line":50,"column":null}},"4":{"start":{"line":17,"column":21},"end":{"line":17,"column":52}},"5":{"start":{"line":19,"column":4},"end":{"line":19,"column":59}},"6":{"start":{"line":26,"column":17},"end":{"line":26,"column":59}},"7":{"start":{"line":27,"column":4},"end":{"line":29,"column":5}},"8":{"start":{"line":28,"column":6},"end":{"line":28,"column":40}},"9":{"start":{"line":31,"column":4},"end":{"line":31,"column":78}},"10":{"start":{"line":38,"column":17},"end":{"line":38,"column":59}},"11":{"start":{"line":39,"column":4},"end":{"line":41,"column":5}},"12":{"start":{"line":40,"column":6},"end":{"line":40,"column":40}},"13":{"start":{"line":43,"column":18},"end":{"line":43,"column":63}},"14":{"start":{"line":44,"column":4},"end":{"line":46,"column":5}},"15":{"start":{"line":45,"column":6},"end":{"line":45,"column":16}},"16":{"start":{"line":48,"column":4},"end":{"line":48,"column":72}},"17":{"start":{"line":12,"column":13},"end":{"line":12,"column":33}},"18":{"start":{"line":12,"column":13},"end":{"line":50,"column":null}}},"fnMap":{"0":{"name":"(anonymous_4)","decl":{"start":{"line":15,"column":2},"end":{"line":15,"column":null}},"loc":{"start":{"line":17,"column":52},"end":{"line":20,"column":3}}},"1":{"name":"(anonymous_5)","decl":{"start":{"line":25,"column":2},"end":{"line":25,"column":7}},"loc":{"start":{"line":25,"column":30},"end":{"line":32,"column":3}}},"2":{"name":"(anonymous_6)","decl":{"start":{"line":37,"column":2},"end":{"line":37,"column":7}},"loc":{"start":{"line":37,"column":56},"end":{"line":49,"column":3}}}},"branchMap":{"0":{"loc":{"start":{"line":27,"column":4},"end":{"line":29,"column":5}},"type":"if","locations":[{"start":{"line":27,"column":4},"end":{"line":29,"column":5}},{"start":{},"end":{}}]},"1":{"loc":{"start":{"line":39,"column":4},"end":{"line":41,"column":5}},"type":"if","locations":[{"start":{"line":39,"column":4},"end":{"line":41,"column":5}},{"start":{},"end":{}}]},"2":{"loc":{"start":{"line":44,"column":4},"end":{"line":46,"column":5}},"type":"if","locations":[{"start":{"line":44,"column":4},"end":{"line":46,"column":5}},{"start":{},"end":{}}]}},"s":{"0":0,"1":0,"2":0,"3":0,"4":0,"5":0,"6":0,"7":0,"8":0,"9":0,"10":0,"11":0,"12":0,"13":0,"14":0,"15":0,"16":0,"17":0,"18":0},"f":{"0":0,"1":0,"2":0},"b":{"0":[0,0],"1":[0,0],"2":[0,0]}}
,"C:\\Users\\Admin\\Desktop\\TzDraft\\backend\\src\\application\\use-cases\\join-queue.use-case.ts": {"path":"C:\\Users\\Admin\\Desktop\\TzDraft\\backend\\src\\application\\use-cases\\join-queue.use-case.ts","statementMap":{"0":{"start":{"line":1,"column":0},"end":{"line":1,"column":52}},"1":{"start":{"line":2,"column":0},"end":{"line":2,"column":40}},"2":{"start":{"line":3,"column":0},"end":{"line":3,"column":36}},"3":{"start":{"line":5,"column":0},"end":{"line":5,"column":62}},"4":{"start":{"line":6,"column":0},"end":{"line":6,"column":77}},"5":{"start":{"line":7,"column":0},"end":{"line":7,"column":84}},"6":{"start":{"line":10,"column":27},"end":{"line":10,"column":40}},"7":{"start":{"line":11,"column":23},"end":{"line":11,"column":24}},"8":{"start":{"line":20,"column":7},"end":{"line":224,"column":null}},"9":{"start":{"line":23,"column":21},"end":{"line":23,"column":60}},"10":{"start":{"line":24,"column":21},"end":{"line":24,"column":29}},"11":{"start":{"line":33,"column":4},"end":{"line":207,"column":5}},"12":{"start":{"line":33,"column":23},"end":{"line":33,"column":24}},"13":{"start":{"line":34,"column":6},"end":{"line":206,"column":7}},"14":{"start":{"line":35,"column":25},"end":{"line":189,"column":null}},"15":{"start":{"line":38,"column":32},"end":{"line":38,"column":73}},"16":{"start":{"line":39,"column":12},"end":{"line":41,"column":15}},"17":{"start":{"line":44,"column":12},"end":{"line":44,"column":72}},"18":{"start":{"line":47,"column":40},"end":{"line":52,"column":14}},"19":{"start":{"line":54,"column":12},"end":{"line":56,"column":13}},"20":{"start":{"line":55,"column":14},"end":{"line":55,"column":43}},"21":{"start":{"line":61,"column":32},"end":{"line":61,"column":35}},"22":{"start":{"line":63,"column":14},"end":{"line":75,"column":20}},"23":{"start":{"line":77,"column":29},"end":{"line":84,"column":14}},"24":{"start":{"line":86,"column":12},"end":{"line":164,"column":13}},"25":{"start":{"line":88,"column":28},"end":{"line":90,"column":16}},"26":{"start":{"line":92,"column":14},"end":{"line":94,"column":15}},"27":{"start":{"line":93,"column":16},"end":{"line":93,"column":43}},"28":{"start":{"line":97,"column":46},"end":{"line":105,"column":16}},"29":{"start":{"line":107,"column":14},"end":{"line":109,"column":15}},"30":{"start":{"line":108,"column":16},"end":{"line":108,"column":43}},"31":{"start":{"line":113,"column":16},"end":{"line":115,"column":45}},"32":{"start":{"line":117,"column":27},"end":{"line":126,"column":null}},"33":{"start":{"line":128,"column":14},"end":{"line":128,"column":27}},"34":{"start":{"line":130,"column":14},"end":{"line":157,"column":17}},"35":{"start":{"line":159,"column":14},"end":{"line":163,"column":16}},"36":{"start":{"line":167,"column":12},"end":{"line":185,"column":15}},"37":{"start":{"line":187,"column":12},"end":{"line":187,"column":41}},"38":{"start":{"line":192,"column":8},"end":{"line":194,"column":9}},"39":{"start":{"line":193,"column":10},"end":{"line":193,"column":19}},"40":{"start":{"line":196,"column":8},"end":{"line":196,"column":24}},"41":{"start":{"line":198,"column":8},"end":{"line":204,"column":9}},"42":{"start":{"line":203,"column":10},"end":{"line":203,"column":19}},"43":{"start":{"line":205,"column":8},"end":{"line":205,"column":20}},"44":{"start":{"line":210,"column":4},"end":{"line":217,"column":7}},"45":{"start":{"line":218,"column":4},"end":{"line":218,"column":33}},"46":{"start":{"line":222,"column":4},"end":{"line":222,"column":46}},"47":{"start":{"line":20,"column":13},"end":{"line":20,"column":29}},"48":{"start":{"line":20,"column":13},"end":{"line":224,"column":null}}},"fnMap":{"0":{"name":"(anonymous_4)","decl":{"start":{"line":21,"column":2},"end":{"line":21,"column":null}},"loc":{"start":{"line":24,"column":42},"end":{"line":25,"column":6}}},"1":{"name":"(anonymous_5)","decl":{"start":{"line":27,"column":2},"end":{"line":27,"column":7}},"loc":{"start":{"line":31,"column":30},"end":{"line":219,"column":3}}},"2":{"name":"(anonymous_6)","decl":{"start":{"line":36,"column":10},"end":{"line":36,"column":15}},"loc":{"start":{"line":36,"column":51},"end":{"line":188,"column":11}}},"3":{"name":"(anonymous_7)","decl":{"start":{"line":221,"column":2},"end":{"line":221,"column":7}},"loc":{"start":{"line":221,"column":34},"end":{"line":223,"column":3}}}},"branchMap":{"0":{"loc":{"start":{"line":54,"column":12},"end":{"line":56,"column":13}},"type":"if","locations":[{"start":{"line":54,"column":12},"end":{"line":56,"column":13}},{"start":{},"end":{}}]},"1":{"loc":{"start":{"line":63,"column":14},"end":{"line":75,"column":20}},"type":"cond-expr","locations":[{"start":{"line":64,"column":18},"end":{"line":74,"column":null}},{"start":{"line":75,"column":18},"end":{"line":75,"column":20}}]},"2":{"loc":{"start":{"line":86,"column":12},"end":{"line":164,"column":13}},"type":"if","locations":[{"start":{"line":86,"column":12},"end":{"line":164,"column":13}},{"start":{},"end":{}}]},"3":{"loc":{"start":{"line":92,"column":14},"end":{"line":94,"column":15}},"type":"if","locations":[{"start":{"line":92,"column":14},"end":{"line":94,"column":15}},{"start":{},"end":{}}]},"4":{"loc":{"start":{"line":107,"column":14},"end":{"line":109,"column":15}},"type":"if","locations":[{"start":{"line":107,"column":14},"end":{"line":109,"column":15}},{"start":{},"end":{}}]},"5":{"loc":{"start":{"line":113,"column":16},"end":{"line":115,"column":45}},"type":"cond-expr","locations":[{"start":{"line":114,"column":20},"end":{"line":114,"column":45}},{"start":{"line":115,"column":20},"end":{"line":115,"column":45}}]},"6":{"loc":{"start":{"line":173,"column":24},"end":{"line":173,"column":42}},"type":"binary-expr","locations":[{"start":{"line":173,"column":24},"end":{"line":173,"column":34}},{"start":{"line":173,"column":38},"end":{"line":173,"column":42}}]},"7":{"loc":{"start":{"line":181,"column":24},"end":{"line":181,"column":42}},"type":"binary-expr","locations":[{"start":{"line":181,"column":24},"end":{"line":181,"column":34}},{"start":{"line":181,"column":38},"end":{"line":181,"column":42}}]},"8":{"loc":{"start":{"line":192,"column":8},"end":{"line":194,"column":9}},"type":"if","locations":[{"start":{"line":192,"column":8},"end":{"line":194,"column":9}},{"start":{},"end":{}}]},"9":{"loc":{"start":{"line":198,"column":8},"end":{"line":204,"column":9}},"type":"if","locations":[{"start":{"line":198,"column":8},"end":{"line":204,"column":9}},{"start":{},"end":{}}]},"10":{"loc":{"start":{"line":199,"column":10},"end":{"line":200,"column":32}},"type":"binary-expr","locations":[{"start":{"line":199,"column":10},"end":{"line":199,"column":63}},{"start":{"line":200,"column":10},"end":{"line":200,"column":32}}]},"11":{"loc":{"start":{"line":214,"column":14},"end":{"line":214,"column":32}},"type":"binary-expr","locations":[{"start":{"line":214,"column":14},"end":{"line":214,"column":24}},{"start":{"line":214,"column":28},"end":{"line":214,"column":32}}]},"12":{"loc":{"start":{"line":24,"column":29},"end":{"line":24,"column":null}},"type":"cond-expr","locations":[{"start":{"line":24,"column":42},"end":{"line":24,"column":null}},{"start":{"line":24,"column":42},"end":{"line":24,"column":null}}]},"13":{"loc":{"start":{"line":24,"column":29},"end":{"line":24,"column":42}},"type":"binary-expr","locations":[{"start":{"line":24,"column":29},"end":{"line":24,"column":null}},{"start":{"line":24,"column":29},"end":{"line":24,"column":42}}]}},"s":{"0":1,"1":1,"2":1,"3":1,"4":1,"5":1,"6":1,"7":1,"8":1,"9":1,"10":1,"11":2,"12":2,"13":3,"14":3,"15":3,"16":3,"17":3,"18":3,"19":3,"20":0,"21":3,"22":3,"23":3,"24":3,"25":2,"26":2,"27":1,"28":1,"29":1,"30":0,"31":1,"32":1,"33":1,"34":1,"35":1,"36":1,"37":1,"38":3,"39":1,"40":2,"41":0,"42":0,"43":0,"44":0,"45":0,"46":0,"47":1,"48":1},"f":{"0":1,"1":2,"2":3,"3":0},"b":{"0":[0,3],"1":[3,0],"2":[2,1],"3":[1,1],"4":[0,1],"5":[0,1],"6":[1,0],"7":[1,0],"8":[1,2],"9":[0,0],"10":[0,0],"11":[0,0],"12":[1,0],"13":[1,1]}}
,"C:\\Users\\Admin\\Desktop\\TzDraft\\backend\\src\\application\\use-cases\\make-move.use-case.ts": {"path":"C:\\Users\\Admin\\Desktop\\TzDraft\\backend\\src\\application\\use-cases\\make-move.use-case.ts","statementMap":{"0":{"start":{"line":1,"column":0},"end":{"line":1,"column":null}},"1":{"start":{"line":8,"column":0},"end":{"line":8,"column":76}},"2":{"start":{"line":11,"column":0},"end":{"line":11,"column":91}},"3":{"start":{"line":12,"column":0},"end":{"line":12,"column":81}},"4":{"start":{"line":13,"column":0},"end":{"line":13,"column":71}},"5":{"start":{"line":15,"column":0},"end":{"line":15,"column":null}},"6":{"start":{"line":21,"column":0},"end":{"line":21,"column":49}},"7":{"start":{"line":28,"column":7},"end":{"line":230,"column":null}},"8":{"start":{"line":34,"column":21},"end":{"line":34,"column":52}},"9":{"start":{"line":36,"column":21},"end":{"line":36,"column":52}},"10":{"start":{"line":38,"column":21},"end":{"line":38,"column":35}},"11":{"start":{"line":39,"column":21},"end":{"line":39,"column":36}},"12":{"start":{"line":41,"column":4},"end":{"line":41,"column":61}},"13":{"start":{"line":42,"column":4},"end":{"line":42,"column":51}},"14":{"start":{"line":59,"column":17},"end":{"line":59,"column":59}},"15":{"start":{"line":60,"column":4},"end":{"line":62,"column":5}},"16":{"start":{"line":61,"column":6},"end":{"line":61,"column":54}},"17":{"start":{"line":65,"column":24},"end":{"line":65,"column":59}},"18":{"start":{"line":68,"column":26},"end":{"line":68,"column":72}},"19":{"start":{"line":69,"column":23},"end":{"line":69,"column":47}},"20":{"start":{"line":72,"column":20},"end":{"line":72,"column":38}},"21":{"start":{"line":73,"column":18},"end":{"line":73,"column":34}},"22":{"start":{"line":74,"column":20},"end":{"line":74,"column":53}},"23":{"start":{"line":74,"column":37},"end":{"line":74,"column":52}},"24":{"start":{"line":76,"column":23},"end":{"line":81,"column":null}},"25":{"start":{"line":84,"column":4},"end":{"line":88,"column":5}},"26":{"start":{"line":85,"column":6},"end":{"line":87,"column":8}},"27":{"start":{"line":91,"column":26},"end":{"line":101,"column":null}},"28":{"start":{"line":105,"column":4},"end":{"line":105,"column":34}},"29":{"start":{"line":108,"column":4},"end":{"line":115,"column":5}},"30":{"start":{"line":109,"column":6},"end":{"line":114,"column":7}},"31":{"start":{"line":110,"column":23},"end":{"line":110,"column":63}},"32":{"start":{"line":111,"column":8},"end":{"line":113,"column":9}},"33":{"start":{"line":112,"column":10},"end":{"line":112,"column":52}},"34":{"start":{"line":118,"column":4},"end":{"line":134,"column":5}},"35":{"start":{"line":119,"column":6},"end":{"line":133,"column":7}},"36":{"start":{"line":120,"column":8},"end":{"line":120,"column":50}},"37":{"start":{"line":121,"column":13},"end":{"line":133,"column":7}},"38":{"start":{"line":124,"column":8},"end":{"line":124,"column":50}},"39":{"start":{"line":125,"column":13},"end":{"line":133,"column":7}},"40":{"start":{"line":128,"column":8},"end":{"line":128,"column":50}},"41":{"start":{"line":129,"column":13},"end":{"line":133,"column":7}},"42":{"start":{"line":132,"column":8},"end":{"line":132,"column":50}},"43":{"start":{"line":137,"column":16},"end":{"line":137,"column":26}},"44":{"start":{"line":142,"column":15},"end":{"line":142,"column":19}},"45":{"start":{"line":144,"column":4},"end":{"line":170,"column":5}},"46":{"start":{"line":145,"column":22},"end":{"line":145,"column":73}},"47":{"start":{"line":146,"column":21},"end":{"line":146,"column":47}},"48":{"start":{"line":147,"column":21},"end":{"line":147,"column":47}},"49":{"start":{"line":149,"column":6},"end":{"line":153,"column":7}},"50":{"start":{"line":150,"column":8},"end":{"line":150,"column":51}},"51":{"start":{"line":152,"column":8},"end":{"line":152,"column":51}},"52":{"start":{"line":156,"column":6},"end":{"line":162,"column":7}},"53":{"start":{"line":157,"column":8},"end":{"line":161,"column":9}},"54":{"start":{"line":158,"column":10},"end":{"line":158,"column":53}},"55":{"start":{"line":159,"column":15},"end":{"line":161,"column":9}},"56":{"start":{"line":160,"column":10},"end":{"line":160,"column":53}},"57":{"start":{"line":164,"column":6},"end":{"line":168,"column":8}},"58":{"start":{"line":169,"column":6},"end":{"line":169,"column":77}},"59":{"start":{"line":173,"column":4},"end":{"line":173,"column":43}},"60":{"start":{"line":174,"column":4},"end":{"line":174,"column":52}},"61":{"start":{"line":177,"column":4},"end":{"line":183,"column":7}},"62":{"start":{"line":188,"column":4},"end":{"line":210,"column":5}},"63":{"start":{"line":190,"column":6},"end":{"line":197,"column":81}},"64":{"start":{"line":200,"column":8},"end":{"line":204,"column":20}},"65":{"start":{"line":205,"column":6},"end":{"line":209,"column":9}},"66":{"start":{"line":212,"column":4},"end":{"line":215,"column":6}},"67":{"start":{"line":222,"column":4},"end":{"line":224,"column":5}},"68":{"start":{"line":223,"column":6},"end":{"line":223,"column":31}},"69":{"start":{"line":225,"column":4},"end":{"line":227,"column":5}},"70":{"start":{"line":226,"column":6},"end":{"line":226,"column":31}},"71":{"start":{"line":228,"column":4},"end":{"line":228,"column":61}},"72":{"start":{"line":28,"column":13},"end":{"line":28,"column":28}},"73":{"start":{"line":28,"column":13},"end":{"line":230,"column":null}},"74":{"start":{"line":37,"column":29},"end":{"line":37,"column":41}}},"fnMap":{"0":{"name":"(anonymous_4)","decl":{"start":{"line":32,"column":2},"end":{"line":32,"column":null}},"loc":{"start":{"line":39,"column":49},"end":{"line":43,"column":3}}},"1":{"name":"(anonymous_5)","decl":{"start":{"line":48,"column":2},"end":{"line":48,"column":7}},"loc":{"start":{"line":53,"column":19},"end":{"line":216,"column":3}}},"2":{"name":"(anonymous_6)","decl":{"start":{"line":74,"column":30},"end":{"line":74,"column":31}},"loc":{"start":{"line":74,"column":37},"end":{"line":74,"column":52}}},"3":{"name":"(anonymous_7)","decl":{"start":{"line":197,"column":15},"end":{"line":197,"column":18}},"loc":{"start":{"line":197,"column":20},"end":{"line":197,"column":79}}},"4":{"name":"(anonymous_8)","decl":{"start":{"line":221,"column":10},"end":{"line":221,"column":24}},"loc":{"start":{"line":221,"column":53},"end":{"line":229,"column":3}}},"5":{"name":"(anonymous_9)","decl":{"start":{"line":37,"column":23},"end":{"line":37,"column":26}},"loc":{"start":{"line":37,"column":29},"end":{"line":37,"column":41}}}},"branchMap":{"0":{"loc":{"start":{"line":60,"column":4},"end":{"line":62,"column":5}},"type":"if","locations":[{"start":{"line":60,"column":4},"end":{"line":62,"column":5}},{"start":{},"end":{}}]},"1":{"loc":{"start":{"line":84,"column":4},"end":{"line":88,"column":5}},"type":"if","locations":[{"start":{"line":84,"column":4},"end":{"line":88,"column":5}},{"start":{},"end":{}}]},"2":{"loc":{"start":{"line":84,"column":8},"end":{"line":84,"column":76}},"type":"binary-expr","locations":[{"start":{"line":84,"column":8},"end":{"line":84,"column":27}},{"start":{"line":84,"column":31},"end":{"line":84,"column":47}},{"start":{"line":84,"column":51},"end":{"line":84,"column":76}}]},"3":{"loc":{"start":{"line":86,"column":8},"end":{"line":86,"column":51}},"type":"binary-expr","locations":[{"start":{"line":86,"column":8},"end":{"line":86,"column":33}},{"start":{"line":86,"column":37},"end":{"line":86,"column":51}}]},"4":{"loc":{"start":{"line":108,"column":4},"end":{"line":115,"column":5}},"type":"if","locations":[{"start":{"line":108,"column":4},"end":{"line":115,"column":5}},{"start":{},"end":{}}]},"5":{"loc":{"start":{"line":109,"column":6},"end":{"line":114,"column":7}},"type":"if","locations":[{"start":{"line":109,"column":6},"end":{"line":114,"column":7}},{"start":{},"end":{}}]},"6":{"loc":{"start":{"line":111,"column":8},"end":{"line":113,"column":9}},"type":"if","locations":[{"start":{"line":111,"column":8},"end":{"line":113,"column":9}},{"start":{},"end":{}}]},"7":{"loc":{"start":{"line":118,"column":4},"end":{"line":134,"column":5}},"type":"if","locations":[{"start":{"line":118,"column":4},"end":{"line":134,"column":5}},{"start":{},"end":{}}]},"8":{"loc":{"start":{"line":119,"column":6},"end":{"line":133,"column":7}},"type":"if","locations":[{"start":{"line":119,"column":6},"end":{"line":133,"column":7}},{"start":{"line":121,"column":13},"end":{"line":133,"column":7}}]},"9":{"loc":{"start":{"line":121,"column":13},"end":{"line":133,"column":7}},"type":"if","locations":[{"start":{"line":121,"column":13},"end":{"line":133,"column":7}},{"start":{"line":125,"column":13},"end":{"line":133,"column":7}}]},"10":{"loc":{"start":{"line":125,"column":13},"end":{"line":133,"column":7}},"type":"if","locations":[{"start":{"line":125,"column":13},"end":{"line":133,"column":7}},{"start":{"line":129,"column":13},"end":{"line":133,"column":7}}]},"11":{"loc":{"start":{"line":129,"column":13},"end":{"line":133,"column":7}},"type":"if","locations":[{"start":{"line":129,"column":13},"end":{"line":133,"column":7}},{"start":{},"end":{}}]},"12":{"loc":{"start":{"line":144,"column":4},"end":{"line":170,"column":5}},"type":"if","locations":[{"start":{"line":144,"column":4},"end":{"line":170,"column":5}},{"start":{},"end":{}}]},"13":{"loc":{"start":{"line":144,"column":8},"end":{"line":144,"column":39}},"type":"binary-expr","locations":[{"start":{"line":144,"column":8},"end":{"line":144,"column":22}},{"start":{"line":144,"column":26},"end":{"line":144,"column":39}}]},"14":{"loc":{"start":{"line":149,"column":6},"end":{"line":153,"column":7}},"type":"if","locations":[{"start":{"line":149,"column":6},"end":{"line":153,"column":7}},{"start":{"line":151,"column":13},"end":{"line":153,"column":7}}]},"15":{"loc":{"start":{"line":156,"column":6},"end":{"line":162,"column":7}},"type":"if","locations":[{"start":{"line":156,"column":6},"end":{"line":162,"column":7}},{"start":{},"end":{}}]},"16":{"loc":{"start":{"line":157,"column":8},"end":{"line":161,"column":9}},"type":"if","locations":[{"start":{"line":157,"column":8},"end":{"line":161,"column":9}},{"start":{"line":159,"column":15},"end":{"line":161,"column":9}}]},"17":{"loc":{"start":{"line":159,"column":15},"end":{"line":161,"column":9}},"type":"if","locations":[{"start":{"line":159,"column":15},"end":{"line":161,"column":9}},{"start":{},"end":{}}]},"18":{"loc":{"start":{"line":179,"column":17},"end":{"line":179,"column":54}},"type":"binary-expr","locations":[{"start":{"line":179,"column":17},"end":{"line":179,"column":28}},{"start":{"line":179,"column":32},"end":{"line":179,"column":46}},{"start":{"line":179,"column":50},"end":{"line":179,"column":54}}]},"19":{"loc":{"start":{"line":188,"column":4},"end":{"line":210,"column":5}},"type":"if","locations":[{"start":{"line":188,"column":4},"end":{"line":210,"column":5}},{"start":{},"end":{}}]},"20":{"loc":{"start":{"line":188,"column":8},"end":{"line":188,"column":49}},"type":"binary-expr","locations":[{"start":{"line":188,"column":8},"end":{"line":188,"column":25}},{"start":{"line":188,"column":29},"end":{"line":188,"column":49}}]},"21":{"loc":{"start":{"line":200,"column":8},"end":{"line":204,"column":20}},"type":"cond-expr","locations":[{"start":{"line":201,"column":12},"end":{"line":201,"column":21}},{"start":{"line":202,"column":12},"end":{"line":204,"column":20}}]},"22":{"loc":{"start":{"line":202,"column":12},"end":{"line":204,"column":20}},"type":"cond-expr","locations":[{"start":{"line":203,"column":14},"end":{"line":203,"column":25}},{"start":{"line":204,"column":14},"end":{"line":204,"column":20}}]},"23":{"loc":{"start":{"line":222,"column":4},"end":{"line":224,"column":5}},"type":"if","locations":[{"start":{"line":222,"column":4},"end":{"line":224,"column":5}},{"start":{},"end":{}}]},"24":{"loc":{"start":{"line":225,"column":4},"end":{"line":227,"column":5}},"type":"if","locations":[{"start":{"line":225,"column":4},"end":{"line":227,"column":5}},{"start":{},"end":{}}]},"25":{"loc":{"start":{"line":38,"column":35},"end":{"line":38,"column":null}},"type":"cond-expr","locations":[{"start":{"line":38,"column":47},"end":{"line":38,"column":null}},{"start":{"line":38,"column":47},"end":{"line":38,"column":null}}]},"26":{"loc":{"start":{"line":38,"column":35},"end":{"line":38,"column":47}},"type":"binary-expr","locations":[{"start":{"line":38,"column":35},"end":{"line":38,"column":null}},{"start":{"line":38,"column":35},"end":{"line":38,"column":47}}]},"27":{"loc":{"start":{"line":38,"column":47},"end":{"line":39,"column":null}},"type":"cond-expr","locations":[{"start":{"line":39,"column":49},"end":{"line":39,"column":null}},{"start":{"line":39,"column":49},"end":{"line":39,"column":null}}]},"28":{"loc":{"start":{"line":38,"column":47},"end":{"line":39,"column":49}},"type":"binary-expr","locations":[{"start":{"line":38,"column":47},"end":{"line":39,"column":null}},{"start":{"line":39,"column":36},"end":{"line":39,"column":49}}]}},"s":{"0":1,"1":1,"2":1,"3":1,"4":1,"5":1,"6":1,"7":1,"8":11,"9":11,"10":11,"11":11,"12":11,"13":11,"14":11,"15":11,"16":1,"17":10,"18":9,"19":9,"20":9,"21":9,"22":9,"23":0,"24":9,"25":9,"26":2,"27":7,"28":7,"29":7,"30":7,"31":2,"32":2,"33":2,"34":7,"35":5,"36":0,"37":5,"38":0,"39":5,"40":0,"41":5,"42":0,"43":7,"44":7,"45":7,"46":0,"47":0,"48":0,"49":0,"50":0,"51":0,"52":0,"53":0,"54":0,"55":0,"56":0,"57":0,"58":0,"59":7,"60":7,"61":7,"62":7,"63":2,"64":2,"65":2,"66":7,"67":10,"68":9,"69":1,"70":0,"71":1,"72":1,"73":1,"74":0},"f":{"0":11,"1":11,"2":0,"3":0,"4":10,"5":0},"b":{"0":[1,10],"1":[2,7],"2":[9,7,7],"3":[2,0],"4":[7,0],"5":[2,5],"6":[2,0],"7":[5,2],"8":[0,5],"9":[0,5],"10":[0,5],"11":[0,5],"12":[0,7],"13":[7,0],"14":[0,0],"15":[0,0],"16":[0,0],"17":[0,0],"18":[7,7,7],"19":[2,5],"20":[7,2],"21":[0,2],"22":[2,0],"23":[9,1],"24":[0,1],"25":[1,0],"26":[1,1],"27":[1,0],"28":[1,1]}}
,"C:\\Users\\Admin\\Desktop\\TzDraft\\backend\\src\\application\\use-cases\\rating.service.ts": {"path":"C:\\Users\\Admin\\Desktop\\TzDraft\\backend\\src\\application\\use-cases\\rating.service.ts","statementMap":{"0":{"start":{"line":1,"column":0},"end":{"line":1,"column":44}},"1":{"start":{"line":2,"column":0},"end":{"line":2,"column":73}},"2":{"start":{"line":3,"column":0},"end":{"line":3,"column":84}},"3":{"start":{"line":11,"column":7},"end":{"line":82,"column":null}},"4":{"start":{"line":12,"column":31},"end":{"line":12,"column":39}},"5":{"start":{"line":24,"column":4},"end":{"line":24,"column":63}},"6":{"start":{"line":24,"column":56},"end":{"line":24,"column":63}},"7":{"start":{"line":26,"column":4},"end":{"line":62,"column":7}},"8":{"start":{"line":27,"column":41},"end":{"line":38,"column":8}},"9":{"start":{"line":41,"column":8},"end":{"line":41,"column":71}},"10":{"start":{"line":43,"column":49},"end":{"line":49,"column":null}},"11":{"start":{"line":52,"column":6},"end":{"line":61,"column":9}},"12":{"start":{"line":74,"column":15},"end":{"line":74,"column":36}},"13":{"start":{"line":75,"column":15},"end":{"line":75,"column":36}},"14":{"start":{"line":76,"column":22},"end":{"line":76,"column":71}},"15":{"start":{"line":77,"column":4},"end":{"line":80,"column":6}},"16":{"start":{"line":11,"column":13},"end":{"line":11,"column":26}},"17":{"start":{"line":11,"column":13},"end":{"line":82,"column":null}}},"fnMap":{"0":{"name":"(anonymous_2)","decl":{"start":{"line":12,"column":2},"end":{"line":12,"column":31}},"loc":{"start":{"line":12,"column":52},"end":{"line":12,"column":56}}},"1":{"name":"(anonymous_3)","decl":{"start":{"line":18,"column":2},"end":{"line":18,"column":7}},"loc":{"start":{"line":22,"column":22},"end":{"line":63,"column":3}}},"2":{"name":"(anonymous_4)","decl":{"start":{"line":26,"column":35},"end":{"line":26,"column":40}},"loc":{"start":{"line":26,"column":48},"end":{"line":62,"column":5}}},"3":{"name":"(anonymous_5)","decl":{"start":{"line":66,"column":10},"end":{"line":66,"column":22}},"loc":{"start":{"line":72,"column":18},"end":{"line":81,"column":3}}}},"branchMap":{"0":{"loc":{"start":{"line":24,"column":4},"end":{"line":24,"column":63}},"type":"if","locations":[{"start":{"line":24,"column":4},"end":{"line":24,"column":63}},{"start":{},"end":{}}]},"1":{"loc":{"start":{"line":24,"column":8},"end":{"line":24,"column":54}},"type":"binary-expr","locations":[{"start":{"line":24,"column":8},"end":{"line":24,"column":36}},{"start":{"line":24,"column":40},"end":{"line":24,"column":54}}]},"2":{"loc":{"start":{"line":41,"column":8},"end":{"line":41,"column":71}},"type":"cond-expr","locations":[{"start":{"line":41,"column":34},"end":{"line":41,"column":35}},{"start":{"line":41,"column":38},"end":{"line":41,"column":71}}]},"3":{"loc":{"start":{"line":41,"column":38},"end":{"line":41,"column":71}},"type":"cond-expr","locations":[{"start":{"line":41,"column":64},"end":{"line":41,"column":65}},{"start":{"line":41,"column":68},"end":{"line":41,"column":71}}]},"4":{"loc":{"start":{"line":74,"column":15},"end":{"line":74,"column":36}},"type":"cond-expr","locations":[{"start":{"line":74,"column":29},"end":{"line":74,"column":31}},{"start":{"line":74,"column":34},"end":{"line":74,"column":36}}]},"5":{"loc":{"start":{"line":75,"column":15},"end":{"line":75,"column":36}},"type":"cond-expr","locations":[{"start":{"line":75,"column":29},"end":{"line":75,"column":31}},{"start":{"line":75,"column":34},"end":{"line":75,"column":36}}]},"6":{"loc":{"start":{"line":12,"column":39},"end":{"line":12,"column":55}},"type":"cond-expr","locations":[{"start":{"line":12,"column":52},"end":{"line":12,"column":55}},{"start":{"line":12,"column":52},"end":{"line":12,"column":55}}]},"7":{"loc":{"start":{"line":12,"column":39},"end":{"line":12,"column":52}},"type":"binary-expr","locations":[{"start":{"line":12,"column":39},"end":{"line":12,"column":55}},{"start":{"line":12,"column":39},"end":{"line":12,"column":52}}]}},"s":{"0":1,"1":1,"2":1,"3":1,"4":0,"5":0,"6":0,"7":0,"8":0,"9":0,"10":0,"11":0,"12":0,"13":0,"14":0,"15":0,"16":1,"17":1},"f":{"0":0,"1":0,"2":0,"3":0},"b":{"0":[0,0],"1":[0,0],"2":[0,0],"3":[0,0],"4":[0,0],"5":[0,0],"6":[1,0],"7":[1,1]}}
,"C:\\Users\\Admin\\Desktop\\TzDraft\\backend\\src\\application\\use-cases\\use-cases.module.ts": {"path":"C:\\Users\\Admin\\Desktop\\TzDraft\\backend\\src\\application\\use-cases\\use-cases.module.ts","statementMap":{"0":{"start":{"line":1,"column":0},"end":{"line":1,"column":52}},"1":{"start":{"line":2,"column":0},"end":{"line":2,"column":87}},"2":{"start":{"line":3,"column":0},"end":{"line":3,"column":82}},"3":{"start":{"line":4,"column":0},"end":{"line":4,"column":59}},"4":{"start":{"line":5,"column":0},"end":{"line":5,"column":55}},"5":{"start":{"line":6,"column":0},"end":{"line":6,"column":64}},"6":{"start":{"line":7,"column":0},"end":{"line":7,"column":66}},"7":{"start":{"line":8,"column":0},"end":{"line":8,"column":53}},"8":{"start":{"line":9,"column":0},"end":{"line":9,"column":57}},"9":{"start":{"line":10,"column":0},"end":{"line":10,"column":49}},"10":{"start":{"line":11,"column":0},"end":{"line":11,"column":59}},"11":{"start":{"line":38,"column":7},"end":{"line":38,"column":null}},"12":{"start":{"line":38,"column":13},"end":{"line":38,"column":27}},"13":{"start":{"line":38,"column":13},"end":{"line":38,"column":null}},"14":{"start":{"line":18,"column":47},"end":{"line":18,"column":62}}},"fnMap":{"0":{"name":"(anonymous_1)","decl":{"start":{"line":18,"column":41},"end":{"line":18,"column":44}},"loc":{"start":{"line":18,"column":47},"end":{"line":18,"column":62}}}},"branchMap":{},"s":{"0":0,"1":0,"2":0,"3":0,"4":0,"5":0,"6":0,"7":0,"8":0,"9":0,"10":0,"11":0,"12":0,"13":0,"14":0},"f":{"0":0},"b":{}}
,"C:\\Users\\Admin\\Desktop\\TzDraft\\backend\\src\\auth\\auth.controller.ts": {"path":"C:\\Users\\Admin\\Desktop\\TzDraft\\backend\\src\\auth\\auth.controller.ts","statementMap":{"0":{"start":{"line":1,"column":0},"end":{"line":1,"column":null}},"1":{"start":{"line":15,"column":0},"end":{"line":15,"column":45}},"2":{"start":{"line":16,"column":0},"end":{"line":16,"column":43}},"3":{"start":{"line":17,"column":0},"end":{"line":17,"column":63}},"4":{"start":{"line":18,"column":0},"end":{"line":18,"column":null}},"5":{"start":{"line":25,"column":0},"end":{"line":25,"column":55}},"6":{"start":{"line":26,"column":0},"end":{"line":26,"column":66}},"7":{"start":{"line":27,"column":0},"end":{"line":27,"column":55}},"8":{"start":{"line":30,"column":7},"end":{"line":211,"column":null}},"9":{"start":{"line":32,"column":12},"end":{"line":32,"column":25}},"10":{"start":{"line":33,"column":12},"end":{"line":33,"column":24}},"11":{"start":{"line":37,"column":16},"end":{"line":37,"column":34}},"12":{"start":{"line":38,"column":4},"end":{"line":38,"column":31}},"13":{"start":{"line":38,"column":14},"end":{"line":38,"column":31}},"14":{"start":{"line":40,"column":18},"end":{"line":40,"column":32}},"15":{"start":{"line":41,"column":4},"end":{"line":46,"column":5}},"16":{"start":{"line":42,"column":29},"end":{"line":42,"column":51}},"17":{"start":{"line":43,"column":6},"end":{"line":45,"column":7}},"18":{"start":{"line":44,"column":8},"end":{"line":44,"column":30}},"19":{"start":{"line":48,"column":4},"end":{"line":48,"column":21}},"20":{"start":{"line":52,"column":19},"end":{"line":52,"column":56}},"21":{"start":{"line":53,"column":25},"end":{"line":53,"column":50}},"22":{"start":{"line":55,"column":4},"end":{"line":61,"column":6}},"23":{"start":{"line":68,"column":4},"end":{"line":68,"column":46}},"24":{"start":{"line":74,"column":4},"end":{"line":74,"column":42}},"25":{"start":{"line":81,"column":4},"end":{"line":81,"column":39}},"26":{"start":{"line":88,"column":4},"end":{"line":88,"column":65}},"27":{"start":{"line":95,"column":4},"end":{"line":95,"column":76}},"28":{"start":{"line":96,"column":4},"end":{"line":96,"column":76}},"29":{"start":{"line":107,"column":28},"end":{"line":107,"column":63}},"30":{"start":{"line":108,"column":18},"end":{"line":108,"column":49}},"31":{"start":{"line":110,"column":4},"end":{"line":112,"column":5}},"32":{"start":{"line":111,"column":6},"end":{"line":111,"column":63}},"33":{"start":{"line":114,"column":17},"end":{"line":114,"column":60}},"34":{"start":{"line":118,"column":17},"end":{"line":118,"column":40}},"35":{"start":{"line":119,"column":4},"end":{"line":119,"column":54}},"36":{"start":{"line":120,"column":4},"end":{"line":120,"column":56}},"37":{"start":{"line":122,"column":4},"end":{"line":122,"column":16}},"38":{"start":{"line":134,"column":28},"end":{"line":134,"column":63}},"39":{"start":{"line":135,"column":18},"end":{"line":135,"column":49}},"40":{"start":{"line":136,"column":4},"end":{"line":138,"column":5}},"41":{"start":{"line":137,"column":6},"end":{"line":137,"column":52}},"42":{"start":{"line":140,"column":17},"end":{"line":140,"column":40}},"43":{"start":{"line":141,"column":4},"end":{"line":141,"column":41}},"44":{"start":{"line":142,"column":4},"end":{"line":142,"column":42}},"45":{"start":{"line":148,"column":4},"end":{"line":148,"column":16}},"46":{"start":{"line":154,"column":4},"end":{"line":154,"column":47}},"47":{"start":{"line":160,"column":4},"end":{"line":160,"column":56}},"48":{"start":{"line":169,"column":4},"end":{"line":169,"column":62}},"49":{"start":{"line":175,"column":4},"end":{"line":179,"column":6}},"50":{"start":{"line":193,"column":24},"end":{"line":193,"column":75}},"51":{"start":{"line":194,"column":24},"end":{"line":194,"column":60}},"52":{"start":{"line":196,"column":4},"end":{"line":209,"column":5}},"53":{"start":{"line":199,"column":8},"end":{"line":199,"column":54}},"54":{"start":{"line":202,"column":19},"end":{"line":202,"column":42}},"55":{"start":{"line":203,"column":6},"end":{"line":203,"column":51}},"56":{"start":{"line":204,"column":6},"end":{"line":204,"column":53}},"57":{"start":{"line":206,"column":6},"end":{"line":206,"column":39}},"58":{"start":{"line":208,"column":6},"end":{"line":208,"column":75}},"59":{"start":{"line":30,"column":13},"end":{"line":30,"column":27}},"60":{"start":{"line":67,"column":8},"end":{"line":69,"column":null}},"61":{"start":{"line":73,"column":8},"end":{"line":75,"column":null}},"62":{"start":{"line":80,"column":8},"end":{"line":82,"column":null}},"63":{"start":{"line":87,"column":8},"end":{"line":89,"column":null}},"64":{"start":{"line":94,"column":8},"end":{"line":97,"column":null}},"65":{"start":{"line":102,"column":8},"end":{"line":123,"column":null}},"66":{"start":{"line":128,"column":8},"end":{"line":143,"column":null}},"67":{"start":{"line":147,"column":8},"end":{"line":149,"column":null}},"68":{"start":{"line":153,"column":8},"end":{"line":155,"column":null}},"69":{"start":{"line":159,"column":8},"end":{"line":161,"column":null}},"70":{"start":{"line":165,"column":8},"end":{"line":170,"column":null}},"71":{"start":{"line":174,"column":8},"end":{"line":180,"column":null}},"72":{"start":{"line":185,"column":8},"end":{"line":187,"column":null}},"73":{"start":{"line":192,"column":8},"end":{"line":210,"column":null}},"74":{"start":{"line":30,"column":13},"end":{"line":211,"column":null}}},"fnMap":{"0":{"name":"(anonymous_4)","decl":{"start":{"line":31,"column":2},"end":{"line":31,"column":null}},"loc":{"start":{"l
[...]
ne":110,"column":8},"end":{"line":110,"column":14}},"loc":{"start":{"line":110,"column":72},"end":{"line":117,"column":3}}},"5":{"name":"(anonymous_9)","decl":{"start":{"line":126,"column":8},"end":{"line":126,"column":12}},"loc":{"start":{"line":126,"column":70},"end":{"line":133,"column":3}}},"6":{"name":"(anonymous_10)","decl":{"start":{"line":143,"column":8},"end":{"line":143,"column":13}},"loc":{"start":{"line":143,"column":71},"end":{"line":150,"column":3}}}},"branchMap":{"0":{"loc":{"start":{"line":51,"column":17},"end":{"line":51,"column":null}},"type":"cond-expr","locations":[{"start":{"line":51,"column":28},"end":{"line":51,"column":null}},{"start":{"line":51,"column":28},"end":{"line":51,"column":null}}]},"1":{"loc":{"start":{"line":51,"column":17},"end":{"line":51,"column":28}},"type":"binary-expr","locations":[{"start":{"line":51,"column":17},"end":{"line":51,"column":null}},{"start":{"line":51,"column":17},"end":{"line":51,"column":28}}]},"2":{"loc":{"start":{"line":35,"column":38},"end":{"line":35,"column":null}},"type":"cond-expr","locations":[{"start":{"line":35,"column":53},"end":{"line":35,"column":null}},{"start":{"line":35,"column":53},"end":{"line":35,"column":null}}]},"3":{"loc":{"start":{"line":35,"column":38},"end":{"line":35,"column":53}},"type":"binary-expr","locations":[{"start":{"line":35,"column":38},"end":{"line":35,"column":null}},{"start":{"line":35,"column":38},"end":{"line":35,"column":53}}]},"4":{"loc":{"start":{"line":35,"column":53},"end":{"line":36,"column":null}},"type":"cond-expr","locations":[{"start":{"line":36,"column":63},"end":{"line":36,"column":null}},{"start":{"line":36,"column":63},"end":{"line":36,"column":null}}]},"5":{"loc":{"start":{"line":35,"column":53},"end":{"line":36,"column":63}},"type":"binary-expr","locations":[{"start":{"line":35,"column":53},"end":{"line":36,"column":null}},{"start":{"line":36,"column":43},"end":{"line":36,"column":63}}]},"6":{"loc":{"start":{"line":36,"column":63},"end":{"line":37,"column":null}},"type":"cond-expr","locations":[{"start":{"line":37,"column":51},"end":{"line":37,"column":null}},{"start":{"line":37,"column":51},"end":{"line":37,"column":null}}]},"7":{"loc":{"start":{"line":36,"column":63},"end":{"line":37,"column":51}},"type":"binary-expr","locations":[{"start":{"line":36,"column":63},"end":{"line":37,"column":null}},{"start":{"line":37,"column":37},"end":{"line":37,"column":51}}]}},"s":{"0":0,"1":0,"2":0,"3":0,"4":0,"5":0,"6":0,"7":0,"8":0,"9":0,"10":0,"11":0,"12":0,"13":0,"14":0,"15":0,"16":0,"17":0,"18":0,"19":0,"20":0,"21":0,"22":0,"23":0,"24":0,"25":0,"26":0,"27":0,"28":0,"29":0,"30":0,"31":0},"f":{"0":0,"1":0,"2":0,"3":0,"4":0,"5":0,"6":0},"b":{"0":[0,0],"1":[0,0],"2":[0,0],"3":[0,0],"4":[0,0],"5":[0,0],"6":[0,0],"7":[0,0]}}
,"C:\\Users\\Admin\\Desktop\\TzDraft\\backend\\src\\interface\\http\\controllers\\support.controller.ts": {"path":"C:\\Users\\Admin\\Desktop\\TzDraft\\backend\\src\\interface\\http\\controllers\\support.controller.ts","statementMap":{"0":{"start":{"line":1,"column":0},"end":{"line":1,"column":78}},"1":{"start":{"line":2,"column":0},"end":{"line":2,"column":75}},"2":{"start":{"line":3,"column":0},"end":{"line":3,"column":61}},"3":{"start":{"line":6,"column":7},"end":{"line":24,"column":null}},"4":{"start":{"line":7,"column":31},"end":{"line":7,"column":45}},"5":{"start":{"line":14,"column":46},"end":{"line":14,"column":68}},"6":{"start":{"line":16,"column":4},"end":{"line":20,"column":6}},"7":{"start":{"line":22,"column":4},"end":{"line":22,"column":62}},"8":{"start":{"line":6,"column":13},"end":{"line":6,"column":30}},"9":{"start":{"line":11,"column":8},"end":{"line":23,"column":null}},"10":{"start":{"line":6,"column":13},"end":{"line":24,"column":null}}},"fnMap":{"0":{"name":"(anonymous_4)","decl":{"start":{"line":7,"column":2},"end":{"line":7,"column":31}},"loc":{"start":{"line":7,"column":57},"end":{"line":7,"column":61}}},"1":{"name":"(anonymous_5)","decl":{"start":{"line":11,"column":8},"end":{"line":11,"column":27}},"loc":{"start":{"line":12,"column":58},"end":{"line":23,"column":3}}}},"branchMap":{"0":{"loc":{"start":{"line":12,"column":36},"end":{"line":12,"column":null}},"type":"cond-expr","locations":[{"start":{"line":12,"column":58},"end":{"line":12,"column":null}},{"start":{"line":12,"column":58},"end":{"line":12,"column":null}}]},"1":{"loc":{"start":{"line":12,"column":36},"end":{"line":12,"column":58}},"type":"binary-expr","locations":[{"start":{"line":12,"column":36},"end":{"line":12,"column":null}},{"start":{"line":12,"column":36},"end":{"line":12,"column":58}}]},"2":{"loc":{"start":{"line":7,"column":45},"end":{"line":7,"column":60}},"type":"cond-expr","locations":[{"start":{"line":7,"column":57},"end":{"line":7,"column":60}},{"start":{"line":7,"column":57},"end":{"line":7,"column":60}}]},"3":{"loc":{"start":{"line":7,"column":45},"end":{"line":7,"column":57}},"type":"binary-expr","locations":[{"start":{"line":7,"column":45},"end":{"line":7,"column":60}},{"start":{"line":7,"column":45},"end":{"line":7,"column":57}}]}},"s":{"0":0,"1":0,"2":0,"3":0,"4":0,"5":0,"6":0,"7":0,"8":0,"9":0,"10":0},"f":{"0":0,"1":0},"b":{"0":[0,0],"1":[0,0],"2":[0,0],"3":[0,0]}}
,"C:\\Users\\Admin\\Desktop\\TzDraft\\backend\\src\\interface\\http\\dtos\\create-game.dto.ts": {"path":"C:\\Users\\Admin\\Desktop\\TzDraft\\backend\\src\\interface\\http\\dtos\\create-game.dto.ts","statementMap":{"0":{"start":{"line":1,"column":0},"end":{"line":1,"column":null}},"1":{"start":{"line":9,"column":0},"end":{"line":9,"column":46}},"2":{"start":{"line":10,"column":0},"end":{"line":10,"column":null}},"3":{"start":{"line":18,"column":0},"end":{"line":18,"column":13}},"4":{"start":{"line":24,"column":2},"end":{"line":24,"column":null}},"5":{"start":{"line":33,"column":2},"end":{"line":33,"column":null}},"6":{"start":{"line":39,"column":0},"end":{"line":39,"column":13}},"7":{"start":{"line":46,"column":0},"end":{"line":46,"column":13}},"8":{"start":{"line":49,"column":2},"end":{"line":49,"column":null}},"9":{"start":{"line":53,"column":2},"end":{"line":53,"column":null}},"10":{"start":{"line":58,"column":2},"end":{"line":58,"column":null}},"11":{"start":{"line":63,"column":2},"end":{"line":63,"column":null}},"12":{"start":{"line":69,"column":0},"end":{"line":69,"column":13}},"13":{"start":{"line":72,"column":2},"end":{"line":72,"column":null}},"14":{"start":{"line":76,"column":2},"end":{"line":76,"column":null}},"15":{"start":{"line":81,"column":2},"end":{"line":81,"column":null}},"16":{"start":{"line":89,"column":2},"end":{"line":89,"column":null}},"17":{"start":{"line":94,"column":2},"end":{"line":94,"column":null}}},"fnMap":{},"branchMap":{"0":{"loc":{"start":{"line":76,"column":15},"end":{"line":76,"column":27}},"type":"cond-expr","locations":[{"start":{"line":76,"column":26},"end":{"line":76,"column":27}},{"start":{"line":76,"column":26},"end":{"line":76,"column":27}}]},"1":{"loc":{"start":{"line":76,"column":15},"end":{"line":76,"column":26}},"type":"binary-expr","locations":[{"start":{"line":76,"column":15},"end":{"line":76,"column":27}},{"start":{"line":76,"column":15},"end":{"line":76,"column":26}}]}},"s":{"0":0,"1":0,"2":0,"3":0,"4":0,"5":0,"6":0,"7":0,"8":0,"9":0,"10":0,"11":0,"12":0,"13":0,"14":0,"15":0,"16":0,"17":0},"f":{},"b":{"0":[0,0],"1":[0,0]}}
,"C:\\Users\\Admin\\Desktop\\TzDraft\\backend\\src\\interface\\http\\dtos\\join-queue.dto.ts": {"path":"C:\\Users\\Admin\\Desktop\\TzDraft\\backend\\src\\interface\\http\\dtos\\join-queue.dto.ts","statementMap":{"0":{"start":{"line":1,"column":0},"end":{"line":1,"column":61}},"1":{"start":{"line":2,"column":0},"end":{"line":2,"column":67}},"2":{"start":{"line":5,"column":13},"end":{"line":5,"column":77}},"3":{"start":{"line":8,"column":0},"end":{"line":8,"column":13}},"4":{"start":{"line":14,"column":2},"end":{"line":14,"column":null}},"5":{"start":{"line":19,"column":2},"end":{"line":19,"column":null}}},"fnMap":{},"branchMap":{"0":{"loc":{"start":{"line":14,"column":10},"end":{"line":14,"column":22}},"type":"cond-expr","locations":[{"start":{"line":14,"column":21},"end":{"line":14,"column":22}},{"start":{"line":14,"column":21},"end":{"line":14,"column":22}}]},"1":{"loc":{"start":{"line":14,"column":10},"end":{"line":14,"column":21}},"type":"binary-expr","locations":[{"start":{"line":14,"column":10},"end":{"line":14,"column":22}},{"start":{"line":14,"column":10},"end":{"line":14,"column":21}}]}},"s":{"0":0,"1":0,"2":0,"3":0,"4":0,"5":0},"f":{},"b":{"0":[0,0],"1":[0,0]}}
,"C:\\Users\\Admin\\Desktop\\TzDraft\\backend\\src\\interface\\http\\dtos\\make-move.dto.ts": {"path":"C:\\Users\\Admin\\Desktop\\TzDraft\\backend\\src\\interface\\http\\dtos\\make-move.dto.ts","statementMap":{"0":{"start":{"line":1,"column":0},"end":{"line":1,"column":74}},"1":{"start":{"line":2,"column":0},"end":{"line":2,"column":46}},"2":{"start":{"line":7,"column":0},"end":{"line":7,"column":13}},"3":{"start":{"line":16,"column":2},"end":{"line":16,"column":null}},"4":{"start":{"line":26,"column":2},"end":{"line":26,"column":null}},"5":{"start":{"line":35,"column":2},"end":{"line":35,"column":null}}},"fnMap":{},"branchMap":{},"s":{"0":0,"1":0,"2":0,"3":0,"4":0,"5":0},"f":{},"b":{}}
,"C:\\Users\\Admin\\Desktop\\TzDraft\\backend\\src\\interface\\http\\dtos\\support.dto.ts": {"path":"C:\\Users\\Admin\\Desktop\\TzDraft\\backend\\src\\interface\\http\\dtos\\support.dto.ts","statementMap":{"0":{"start":{"line":1,"column":0},"end":{"line":1,"column":null}},"1":{"start":{"line":9,"column":0},"end":{"line":9,"column":null}},"2":{"start":{"line":10,"column":2},"end":{"line":10,"column":null}},"3":{"start":{"line":11,"column":2},"end":{"line":11,"column":null}},"4":{"start":{"line":12,"column":2},"end":{"line":12,"column":null}},"5":{"start":{"line":13,"column":2},"end":{"line":13,"column":null}},"6":{"start":{"line":16,"column":0},"end":{"line":16,"column":13}},"7":{"start":{"line":19,"column":2},"end":{"line":19,"column":null}},"8":{"start":{"line":23,"column":2},"end":{"line":23,"column":null}},"9":{"start":{"line":27,"column":2},"end":{"line":27,"column":null}},"10":{"start":{"line":31,"column":2},"end":{"line":31,"column":null}}},"fnMap":{"0":{"name":"(anonymous_2)","decl":{"start":{"line":9,"column":0},"end":{"line":9,"column":12}},"loc":{"start":{"line":9,"column":26},"end":{"line":14,"column":1}}}},"branchMap":{"0":{"loc":{"start":{"line":9,"column":12},"end":{"line":9,"column":null}},"type":"binary-expr","locations":[{"start":{"line":9,"column":12},"end":{"line":9,"column":26}},{"start":{"line":9,"column":26},"end":{"line":9,"column":null}}]}},"s":{"0":0,"1":0,"2":0,"3":0,"4":0,"5":0,"6":0,"7":0,"8":0,"9":0,"10":0},"f":{"0":0},"b":{"0":[0,0]}}
,"C:\\Users\\Admin\\Desktop\\TzDraft\\backend\\src\\shared\\constants\\game.constants.ts": {"path":"C:\\Users\\Admin\\Desktop\\TzDraft\\backend\\src\\shared\\constants\\game.constants.ts","statementMap":{"0":{"start":{"line":4,"column":0},"end":{"line":4,"column":null}},"1":{"start":{"line":5,"column":2},"end":{"line":5,"column":null}},"2":{"start":{"line":6,"column":2},"end":{"line":6,"column":null}},"3":{"start":{"line":7,"column":2},"end":{"line":7,"column":null}},"4":{"start":{"line":8,"column":2},"end":{"line":8,"column":null}},"5":{"start":{"line":14,"column":0},"end":{"line":14,"column":null}},"6":{"start":{"line":15,"column":2},"end":{"line":15,"column":null}},"7":{"start":{"line":16,"column":2},"end":{"line":16,"column":null}},"8":{"start":{"line":17,"column":2},"end":{"line":17,"column":null}},"9":{"start":{"line":23,"column":0},"end":{"line":23,"column":null}},"10":{"start":{"line":24,"column":2},"end":{"line":24,"column":null}},"11":{"start":{"line":25,"column":2},"end":{"line":25,"column":null}},"12":{"start":{"line":31,"column":0},"end":{"line":31,"column":null}},"13":{"start":{"line":32,"column":2},"end":{"line":32,"column":null}},"14":{"start":{"line":33,"column":2},"end":{"line":33,"column":null}},"15":{"start":{"line":34,"column":2},"end":{"line":34,"column":null}},"16":{"start":{"line":40,"column":0},"end":{"line":40,"column":null}},"17":{"start":{"line":41,"column":2},"end":{"line":41,"column":null}},"18":{"start":{"line":42,"column":2},"end":{"line":42,"column":null}},"19":{"start":{"line":43,"column":2},"end":{"line":43,"column":null}},"20":{"start":{"line":44,"column":2},"end":{"line":44,"column":null}},"21":{"start":{"line":45,"column":2},"end":{"line":45,"column":null}},"22":{"start":{"line":46,"column":2},"end":{"line":46,"column":null}},"23":{"start":{"line":52,"column":13},"end":{"line":52,"column":28}},"24":{"start":{"line":53,"column":13},"end":{"line":53,"column":32}},"25":{"start":{"line":54,"column":13},"end":{"line":54,"column":36}},"26":{"start":{"line":59,"column":0},"end":{"line":59,"column":null}},"27":{"start":{"line":60,"column":2},"end":{"line":60,"column":null}},"28":{"start":{"line":61,"column":2},"end":{"line":61,"column":null}},"29":{"start":{"line":67,"column":13},"end":{"line":75,"column":11}},"30":{"start":{"line":80,"column":0},"end":{"line":80,"column":null}},"31":{"start":{"line":81,"column":2},"end":{"line":81,"column":null}},"32":{"start":{"line":82,"column":2},"end":{"line":82,"column":null}},"33":{"start":{"line":83,"column":2},"end":{"line":83,"column":null}},"34":{"start":{"line":89,"column":13},"end":{"line":93,"column":11}},"35":{"start":{"line":98,"column":13},"end":{"line":98,"column":40}},"36":{"start":{"line":103,"column":13},"end":{"line":103,"column":32}}},"fnMap":{"0":{"name":"(anonymous_0)","decl":{"start":{"line":4,"column":0},"end":{"line":4,"column":12}},"loc":{"start":{"line":4,"column":22},"end":{"line":9,"column":1}}},"1":{"name":"(anonymous_1)","decl":{"start":{"line":14,"column":0},"end":{"line":14,"column":12}},"loc":{"start":{"line":14,"column":20},"end":{"line":18,"column":1}}},"2":{"name":"(anonymous_2)","decl":{"start":{"line":23,"column":0},"end":{"line":23,"column":12}},"loc":{"start":{"line":23,"column":23},"end":{"line":26,"column":1}}},"3":{"name":"(anonymous_3)","decl":{"start":{"line":31,"column":0},"end":{"line":31,"column":12}},"loc":{"start":{"line":31,"column":18},"end":{"line":35,"column":1}}},"4":{"name":"(anonymous_4)","decl":{"start":{"line":40,"column":0},"end":{"line":40,"column":12}},"loc":{"start":{"line":40,"column":21},"end":{"line":47,"column":1}}},"5":{"name":"(anonymous_5)","decl":{"start":{"line":59,"column":0},"end":{"line":59,"column":12}},"loc":{"start":{"line":59,"column":21},"end":{"line":62,"column":1}}},"6":{"name":"(anonymous_6)","decl":{"start":{"line":80,"column":0},"end":{"line":80,"column":12}},"loc":{"start":{"line":80,"column":27},"end":{"line":84,"column":1}}}},"branchMap":{"0":{"loc":{"start":{"line":4,"column":12},"end":{"line":4,"column":null}},"type":"binary-expr","locations":[{"start":{"line":4,"column":12},"end":{"line":4,"column":22}},{"start":{"line":4,"column":22},"end":{"line":4,"column":null}}]},"1":{"loc":{"start":{"line":14,"column":12},"end":{"line":14,"column":null}},"type":"binary-expr","locations":[{"start":{"line":14,"column":12},"end":{"line":14,"column":20}},{"start":{"line":14,"column":20},"end":{"line":14,"column":null}}]},"2":{"loc":{"start":{"line":23,"column":12},"end":{"line":23,"column":null}},"type":"binary-expr","locations":[{"start":{"line":23,"column":12},"end":{"line":23,"column":23}},{"start":{"line":23,"column":23},"end":{"line":23,"column":null}}]},"3":{"loc":{"start":{"line":31,"column":12},"end":{"line":31,"column":null}},"type":"binary-expr","locations":[{"start":{"line":31,"column":12},"end":{"line":31,"column":18}},{"start":{"line":31,"column":18},"end":{"line":31,"column":null}}]},"4":{"loc":{"start":{"line":40,"column":12},"end":{"line":40,"column":null}},"type":"binary-expr","locations":[{"start":{"line":40,"column":12},"end":{"line":40,"column":21}},{"start":{"line":40,"column":21},"end":{"line":40,"column":null}}]},"5":{"loc":{"start":{"line":59,"column":12},"end":{"line":59,"column":null}},"type":"binary-expr","locations":[{"start":{"line":59,"column":12},"end":{"line":59,"column":21}},{"start":{"line":59,"column":21},"end":{"line":59,"column":null}}]},"6":{"loc":{"start":{"line":80,"column":12},"end":{"line":80,"column":null}},"type":"binary-expr","locations":[{"start":{"line":80,"column":12},"end":{"line":80,"column":27}},{"start":{"line":80,"column":27},"end":{"line":80,"column":null}}]}},"s":{"0":5,"1":5,"2":5,"3":5,"4":5,"5":5,"6":5,"7":5,"8":5,"9":5,"10":5,"11":5,"12":5,"13":5,"14":5,"15":5,"16":5,"17":5,"18":5,"19":5,"20":5,"21":5,"22":5,"23":5,"24":5,"25":5,"26":5,"27":5,"28":5,"29":5,"30":5,"31":5,"32":5,"33":5,"34":5,"35":5,"36":5},"f":{"0":5,"1":5,"2":5,"3":5,"4":5,"5":5,"6":5},"b":{"0":[5,5],"1":[5,5],"2":[5,5],"3":[5,5],"4":[5,5],"5":[5,5],"6":[5,5]}}
,"C:\\Users\\Admin\\Desktop\\TzDraft\\backend\\src\\shared\\utils\\phone.util.ts": {"path":"C:\\Users\\Admin\\Desktop\\TzDraft\\backend\\src\\shared\\utils\\phone.util.ts","statementMap":{"0":{"start":{"line":11,"column":0},"end":{"line":11,"column":16}},"1":{"start":{"line":36,"column":0},"end":{"line":36,"column":16}},"2":{"start":{"line":51,"column":0},"end":{"line":51,"column":16}},"3":{"start":{"line":13,"column":16},"end":{"line":13,"column":50}},"4":{"start":{"line":16,"column":2},"end":{"line":26,"column":3}},"5":{"start":{"line":17,"column":4},"end":{"line":17,"column":44}},"6":{"start":{"line":20,"column":7},"end":{"line":26,"column":3}},"7":{"start":{"line":21,"column":4},"end":{"line":21,"column":28}},"8":{"start":{"line":24,"column":7},"end":{"line":26,"column":3}},"9":{"start":{"line":25,"column":4},"end":{"line":25,"column":31}},"10":{"start":{"line":28,"column":2},"end":{"line":28,"column":17}},"11":{"start":{"line":37,"column":21},"end":{"line":37,"column":54}},"12":{"start":{"line":41,"column":16},"end":{"line":41,"column":34}},"13":{"start":{"line":43,"column":2},"end":{"line":43,"column":32}},"14":{"start":{"line":52,"column":21},"end":{"line":52,"column":54}},"15":{"start":{"line":54,"column":2},"end":{"line":57,"column":3}},"16":{"start":{"line":55,"column":19},"end":{"line":55,"column":42}},"17":{"start":{"line":56,"column":4},"end":{"line":56,"column":93}},"18":{"start":{"line":59,"column":2},"end":{"line":59,"column":21}}},"fnMap":{"0":{"name":"normalizePhoneNumber","decl":{"start":{"line":11,"column":16},"end":{"line":11,"column":36}},"loc":{"start":{"line":11,"column":56},"end":{"line":29,"column":1}}},"1":{"name":"isValidTanzanianPhone","decl":{"start":{"line":36,"column":16},"end":{"line":36,"column":37}},"loc":{"start":{"line":36,"column":57},"end":{"line":44,"column":1}}},"2":{"name":"formatPhoneNumber","decl":{"start":{"line":51,"column":16},"end":{"line":51,"column":33}},"loc":{"start":{"line":51,"column":53},"end":{"line":60,"column":1}}}},"branchMap":{"0":{"loc":{"start":{"line":16,"column":2},"end":{"line":26,"column":3}},"type":"if","locations":[{"start":{"line":16,"column":2},"end":{"line":26,"column":3}},{"start":{"line":20,"column":7},"end":{"line":26,"column":3}}]},"1":{"loc":{"start":{"line":20,"column":7},"end":{"line":26,"column":3}},"type":"if","locations":[{"start":{"line":20,"column":7},"end":{"line":26,"column":3}},{"start":{"line":24,"column":7},"end":{"line":26,"column":3}}]},"2":{"loc":{"start":{"line":24,"column":7},"end":{"line":26,"column":3}},"type":"if","locations":[{"start":{"line":24,"column":7},"end":{"line":26,"column":3}},{"start":{},"end":{}}]},"3":{"loc":{"start":{"line":24,"column":11},"end":{"line":24,"column":66}},"type":"binary-expr","locations":[{"start":{"line":24,"column":11},"end":{"line":24,"column":38}},{"start":{"line":24,"column":42},"end":{"line":24,"column":66}}]},"4":{"loc":{"start":{"line":54,"column":2},"end":{"line":57,"column":3}},"type":"if","locations":[{"start":{"line":54,"column":2},"end":{"line":57,"column":3}},{"start":{},"end":{}}]}},"s":{"0":0,"1":0,"2":0,"3":0,"4":0,"5":0,"6":0,"7":0,"8":0,"9":0,"10":0,"11":0,"12":0,"13":0,"14":0,"15":0,"16":0,"17":0,"18":0},"f":{"0":0,"1":0,"2":0},"b":{"0":[0,0],"1":[0,0],"2":[0,0],"3":[0,0],"4":[0,0]}}
}
