TN:
SF:src\app.module.ts
FNF:0
FNH:0
DA:1,0
DA:2,0
DA:3,0
DA:4,0
DA:5,0
DA:6,0
DA:7,0
DA:8,0
DA:9,0
DA:10,0
DA:11,0
DA:12,0
DA:38,0
LF:13
LH:0
BRF:0
BRH:0
end_of_record
TN:
SF:src\instrument.ts
FNF:0
FNH:0
DA:3,0
DA:5,0
LF:2
LH:0
BRDA:8,0,0,0
BRDA:8,0,1,0
BRF:2
BRH:0
end_of_record
TN:
SF:src\main.ts
FN:10,bootstrap
FN:34,(anonymous_1)
FN:35,(anonymous_2)
FN:45,(anonymous_3)
FN:47,(anonymous_4)
FN:56,(anonymous_5)
FN:101,(anonymous_6)
FN:113,(anonymous_7)
FN:124,(anonymous_8)
FN:148,(anonymous_9)
FNF:10
FNH:0
FNDA:0,bootstrap
FNDA:0,(anonymous_1)
FNDA:0,(anonymous_2)
FNDA:0,(anonymous_3)
FNDA:0,(anonymous_4)
FNDA:0,(anonymous_5)
FNDA:0,(anonymous_6)
FNDA:0,(anonymous_7)
FNDA:0,(anonymous_8)
FNDA:0,(anonymous_9)
DA:2,0
DA:3,0
DA:4,0
DA:5,0
DA:6,0
DA:8,0
DA:11,0
DA:13,0
DA:18,0
DA:21,0
DA:25,0
DA:32,0
DA:34,0
DA:36,0
DA:41,0
DA:43,0
DA:45,0
DA:48,0
DA:49,0
DA:50,0
DA:52,0
DA:55,0
DA:57,0
DA:58,0
DA:59,0
DA:60,0
DA:61,0
DA:63,0
DA:64,0
DA:65,0
DA:66,0
DA:67,0
DA:68,0
DA:69,0
DA:70,0
DA:71,0
DA:72,0
DA:73,0
DA:74,0
DA:78,0
DA:79,0
DA:80,0
DA:81,0
DA:84,0
DA:87,0
DA:90,0
DA:101,0
DA:102,0
DA:105,0
DA:106,0
DA:109,0
DA:110,0
DA:111,0
DA:113,0
DA:114,0
DA:115,0
DA:116,0
DA:117,0
DA:118,0
DA:119,0
DA:121,0
DA:124,0
DA:125,0
DA:126,0
DA:128,0
DA:132,0
DA:135,0
DA:136,0
DA:138,0
DA:141,0
DA:143,0
DA:144,0
DA:148,0
DA:149,0
DA:150,0
DA:154,0
DA:157,0
DA:165,0
DA:168,0
DA:170,0
DA:171,0
DA:174,0
LF:82
LH:0
BRDA:14,0,0,0
BRDA:14,0,1,0
BRDA:25,1,0,0
BRDA:25,1,1,0
BRDA:25,1,2,0
BRDA:25,1,3,0
BRDA:25,1,4,0
BRDA:36,2,0,0
BRDA:36,2,1,0
BRDA:37,3,0,0
BRDA:37,3,1,0
BRDA:37,3,2,0
BRDA:37,3,3,0
BRDA:48,4,0,0
BRDA:48,4,1,0
BRDA:49,5,0,0
BRDA:49,5,1,0
BRDA:49,6,0,0
BRDA:49,6,1,0
BRDA:57,7,0,0
BRDA:57,7,1,0
BRDA:59,8,0,0
BRDA:59,8,1,0
BRDA:60,9,0,0
BRDA:60,9,1,0
BRDA:64,10,0,0
BRDA:64,10,1,0
BRDA:68,11,0,0
BRDA:68,11,1,0
BRDA:69,12,0,0
BRDA:69,12,1,0
BRDA:72,13,0,0
BRDA:72,13,1,0
BRDA:73,14,0,0
BRDA:73,14,1,0
BRDA:81,15,0,0
BRDA:81,15,1,0
BRDA:85,16,0,0
BRDA:85,16,1,0
BRDA:87,17,0,0
BRDA:87,17,1,0
BRDA:102,18,0,0
BRDA:102,18,1,0
BRDA:105,19,0,0
BRDA:105,19,1,0
BRDA:115,20,0,0
BRDA:115,20,1,0
BRDA:128,21,0,0
BRDA:128,21,1,0
BRDA:129,22,0,0
BRDA:129,22,1,0
BRDA:135,23,0,0
BRDA:135,23,1,0
BRDA:165,24,0,0
BRDA:165,24,1,0
BRDA:170,25,0,0
BRDA:170,25,1,0
BRF:57
BRH:0
end_of_record
TN:
SF:src\application\use-cases\create-game.use-case.ts
FN:18,generateInviteCode
FN:33,(anonymous_5)
FN:41,(anonymous_6)
FN:66,(anonymous_7)
FN:97,(anonymous_8)
FN:143,(anonymous_9)
FN:161,(anonymous_10)
FN:190,(anonymous_11)
FN:220,(anonymous_12)
FNF:9
FNH:0
FNDA:0,generateInviteCode
FNDA:0,(anonymous_5)
FNDA:0,(anonymous_6)
FNDA:0,(anonymous_7)
FNDA:0,(anonymous_8)
FNDA:0,(anonymous_9)
FNDA:0,(anonymous_10)
FNDA:0,(anonymous_11)
FNDA:0,(anonymous_12)
DA:1,1
DA:9,1
DA:10,1
DA:15,1
DA:19,0
DA:20,0
DA:21,0
DA:22,0
DA:24,0
DA:32,1
DA:35,0
DA:47,0
DA:59,0
DA:60,0
DA:73,0
DA:74,0
DA:75,0
DA:76,0
DA:78,0
DA:90,0
DA:91,0
DA:105,0
DA:107,0
DA:110,0
DA:111,0
DA:112,0
DA:113,0
DA:115,0
DA:136,0
DA:137,0
DA:144,0
DA:145,0
DA:146,0
DA:148,0
DA:149,0
DA:151,0
DA:152,0
DA:154,0
DA:162,0
DA:163,0
DA:164,0
DA:166,0
DA:167,0
DA:169,0
DA:170,0
DA:176,0
DA:179,0
DA:180,0
DA:182,0
DA:191,0
DA:192,0
DA:193,0
DA:194,0
DA:198,0
DA:199,0
DA:201,0
DA:213,0
DA:214,0
DA:221,0
DA:223,0
DA:224,0
DA:227,0
LF:62
LH:5
BRDA:71,0,0,0
BRDA:73,1,0,0
BRDA:73,1,1,0
BRDA:74,2,0,0
BRDA:74,2,1,0
BRDA:75,3,0,0
BRDA:75,3,1,0
BRDA:76,4,0,0
BRDA:76,4,1,0
BRDA:86,5,0,0
BRDA:86,5,1,0
BRDA:110,6,0,0
BRDA:110,6,1,0
BRDA:111,7,0,0
BRDA:111,7,1,0
BRDA:112,8,0,0
BRDA:112,8,1,0
BRDA:113,9,0,0
BRDA:113,9,1,0
BRDA:145,10,0,0
BRDA:145,10,1,0
BRDA:148,11,0,0
BRDA:148,11,1,0
BRDA:151,12,0,0
BRDA:151,12,1,0
BRDA:151,13,0,0
BRDA:151,13,1,0
BRDA:163,14,0,0
BRDA:163,14,1,0
BRDA:166,15,0,0
BRDA:166,15,1,0
BRDA:169,16,0,0
BRDA:169,16,1,0
BRDA:169,17,0,0
BRDA:169,17,1,0
BRDA:176,18,0,0
BRDA:176,18,1,0
BRDA:179,19,0,0
BRDA:179,19,1,0
BRDA:192,20,0,0
BRDA:192,20,1,0
BRDA:193,21,0,0
BRDA:193,21,1,0
BRDA:206,22,0,0
BRDA:206,22,1,0
BRDA:207,23,0,0
BRDA:207,23,1,0
BRDA:223,24,0,0
BRDA:223,24,1,0
BRF:49
BRH:0
end_of_record
TN:
SF:src\application\use-cases\end-game.use-case.ts
FN:13,(anonymous_4)
FN:22,(anonymous_5)
FN:46,(anonymous_6)
FN:69,(anonymous_7)
FN:91,(anonymous_8)
FN:111,(anonymous_9)
FNF:6
FNH:0
FNDA:0,(anonymous_4)
FNDA:0,(anonymous_5)
FNDA:0,(anonymous_6)
FNDA:0,(anonymous_7)
FNDA:0,(anonymous_8)
FNDA:0,(anonymous_9)
DA:1,1
DA:3,1
DA:4,1
DA:12,1
DA:15,0
DA:16,0
DA:23,0
DA:24,0
DA:25,0
DA:27,0
DA:30,0
DA:32,0
DA:33,0
DA:34,0
DA:40,0
DA:47,0
DA:48,0
DA:49,0
DA:51,0
DA:54,0
DA:56,0
DA:57,0
DA:58,0
DA:70,0
DA:71,0
DA:72,0
DA:74,0
DA:76,0
DA:77,0
DA:78,0
DA:92,0
DA:93,0
DA:94,0
DA:96,0
DA:98,0
DA:99,0
DA:100,0
DA:102,0
DA:103,0
DA:106,0
DA:107,0
DA:115,0
DA:116,0
LF:43
LH:4
BRDA:24,0,0,0
BRDA:24,0,1,0
BRDA:30,1,0,0
BRDA:30,1,1,0
BRDA:48,2,0,0
BRDA:48,2,1,0
BRDA:54,3,0,0
BRDA:54,3,1,0
BRDA:71,4,0,0
BRDA:71,4,1,0
BRDA:93,5,0,0
BRDA:93,5,1,0
BRDA:100,6,0,0
BRDA:100,6,1,0
BRDA:102,7,0,0
BRDA:102,7,1,0
BRDA:115,8,0,0
BRDA:115,8,1,0
BRDA:115,9,0,0
BRDA:115,9,1,0
BRDA:16,10,0,1
BRDA:16,10,1,0
BRDA:16,11,0,1
BRDA:16,11,1,1
BRF:24
BRH:3
end_of_record
TN:
SF:src\application\use-cases\get-ai-move.use-case.ts
FN:31,(anonymous_2)
FN:33,(anonymous_3)
FN:61,(anonymous_4)
FNF:3
FNH:0
FNDA:0,(anonymous_2)
FNDA:0,(anonymous_3)
FNDA:0,(anonymous_4)
DA:1,0
DA:2,0
DA:28,0
DA:29,0
DA:31,0
DA:46,0
DA:48,0
DA:49,0
DA:53,0
DA:54,0
DA:57,0
DA:60,0
DA:61,0
DA:67,0
DA:75,0
DA:76,0
DA:77,0
DA:78,0
DA:80,0
DA:83,0
LF:20
LH:0
BRDA:48,0,0,0
BRDA:48,0,1,0
BRDA:53,1,0,0
BRDA:53,1,1,0
BRDA:72,2,0,0
BRDA:72,2,1,0
BRDA:78,3,0,0
BRDA:78,3,1,0
BRDA:31,4,0,0
BRDA:31,4,1,0
BRDA:31,5,0,0
BRDA:31,5,1,0
BRF:12
BRH:0
end_of_record
TN:
SF:src\application\use-cases\get-game-state.use-case.ts
FN:15,(anonymous_4)
FN:26,(anonymous_5)
FN:49,(anonymous_6)
FN:79,(anonymous_7)
FNF:4
FNH:0
FNDA:0,(anonymous_4)
FNDA:0,(anonymous_5)
FNDA:0,(anonymous_6)
FNDA:0,(anonymous_7)
DA:1,0
DA:6,0
DA:14,0
DA:17,0
DA:19,0
DA:20,0
DA:31,0
DA:32,0
DA:33,0
DA:36,0
DA:37,0
DA:39,0
DA:59,0
DA:60,0
DA:61,0
DA:64,0
DA:69,0
DA:71,0
DA:82,0
DA:89,0
LF:20
LH:0
BRDA:32,0,0,0
BRDA:32,0,1,0
BRDA:60,1,0,0
BRDA:60,1,1,0
BRDA:84,2,0,0
BRDA:84,2,1,0
BRDA:20,3,0,0
BRDA:20,3,1,0
BRDA:20,4,0,0
BRDA:20,4,1,0
BRF:10
BRH:0
end_of_record
TN:
SF:src\application\use-cases\get-legal-moves.use-case.ts
FN:15,(anonymous_4)
FN:25,(anonymous_5)
FN:37,(anonymous_6)
FNF:3
FNH:0
FNDA:0,(anonymous_4)
FNDA:0,(anonymous_5)
FNDA:0,(anonymous_6)
DA:1,0
DA:3,0
DA:5,0
DA:12,0
DA:17,0
DA:19,0
DA:26,0
DA:27,0
DA:28,0
DA:31,0
DA:38,0
DA:39,0
DA:40,0
DA:43,0
DA:44,0
DA:45,0
DA:48,0
LF:17
LH:0
BRDA:27,0,0,0
BRDA:27,0,1,0
BRDA:39,1,0,0
BRDA:39,1,1,0
BRDA:44,2,0,0
BRDA:44,2,1,0
BRF:6
BRH:0
end_of_record
TN:
SF:src\application\use-cases\join-queue.use-case.ts
FN:21,(anonymous_4)
FN:27,(anonymous_5)
FN:36,(anonymous_6)
FN:221,(anonymous_7)
FNF:4
FNH:3
FNDA:1,(anonymous_4)
FNDA:2,(anonymous_5)
FNDA:3,(anonymous_6)
FNDA:0,(anonymous_7)
DA:1,1
DA:2,1
DA:3,1
DA:5,1
DA:6,1
DA:7,1
DA:10,1
DA:11,1
DA:20,1
DA:23,1
DA:24,1
DA:33,2
DA:34,3
DA:35,3
DA:38,3
DA:39,3
DA:44,3
DA:47,3
DA:54,3
DA:55,0
DA:61,3
DA:63,3
DA:77,3
DA:86,3
DA:88,2
DA:92,2
DA:93,1
DA:97,1
DA:107,1
DA:108,0
DA:113,1
DA:117,1
DA:128,1
DA:130,1
DA:159,1
DA:167,1
DA:187,1
DA:192,3
DA:193,1
DA:196,2
DA:198,0
DA:203,0
DA:205,0
DA:210,0
DA:218,0
DA:222,0
LF:46
LH:38
BRDA:54,0,0,0
BRDA:54,0,1,3
BRDA:63,1,0,3
BRDA:63,1,1,0
BRDA:86,2,0,2
BRDA:86,2,1,1
BRDA:92,3,0,1
BRDA:92,3,1,1
BRDA:107,4,0,0
BRDA:107,4,1,1
BRDA:113,5,0,0
BRDA:113,5,1,1
BRDA:173,6,0,1
BRDA:173,6,1,0
BRDA:181,7,0,1
BRDA:181,7,1,0
BRDA:192,8,0,1
BRDA:192,8,1,2
BRDA:198,9,0,0
BRDA:198,9,1,0
BRDA:199,10,0,0
BRDA:199,10,1,0
BRDA:214,11,0,0
BRDA:214,11,1,0
BRDA:24,12,0,1
BRDA:24,12,1,0
BRDA:24,13,0,1
BRDA:24,13,1,1
BRF:28
BRH:15
end_of_record
TN:
SF:src\application\use-cases\make-move.use-case.ts
FN:32,(anonymous_4)
FN:48,(anonymous_5)
FN:74,(anonymous_6)
FN:197,(anonymous_7)
FN:221,(anonymous_8)
FN:37,(anonymous_9)
FNF:6
FNH:3
FNDA:11,(anonymous_4)
FNDA:11,(anonymous_5)
FNDA:0,(anonymous_6)
FNDA:0,(anonymous_7)
FNDA:10,(anonymous_8)
FNDA:0,(anonymous_9)
DA:1,1
DA:8,1
DA:11,1
DA:12,1
DA:13,1
DA:15,1
DA:21,1
DA:28,1
DA:34,11
DA:36,11
DA:37,0
DA:38,11
DA:39,11
DA:41,11
DA:42,11
DA:59,11
DA:60,11
DA:61,1
DA:65,10
DA:68,9
DA:69,9
DA:72,9
DA:73,9
DA:74,9
DA:76,9
DA:84,9
DA:85,2
DA:91,7
DA:105,7
DA:108,7
DA:109,7
DA:110,2
DA:111,2
DA:112,2
DA:118,7
DA:119,5
DA:120,0
DA:121,5
DA:124,0
DA:125,5
DA:128,0
DA:129,5
DA:132,0
DA:137,7
DA:142,7
DA:144,7
DA:145,0
DA:146,0
DA:147,0
DA:149,0
DA:150,0
DA:152,0
DA:156,0
DA:157,0
DA:158,0
DA:159,0
DA:160,0
DA:164,0
DA:169,0
DA:173,7
DA:174,7
DA:177,7
DA:188,7
DA:190,2
DA:200,2
DA:205,2
DA:212,7
DA:222,10
DA:223,9
DA:225,1
DA:226,0
DA:228,1
LF:72
LH:53
BRDA:60,0,0,1
BRDA:60,0,1,10
BRDA:84,1,0,2
BRDA:84,1,1,7
BRDA:84,2,0,9
BRDA:84,2,1,7
BRDA:84,2,2,7
BRDA:86,3,0,2
BRDA:86,3,1,0
BRDA:108,4,0,7
BRDA:108,4,1,0
BRDA:109,5,0,2
BRDA:109,5,1,5
BRDA:111,6,0,2
BRDA:111,6,1,0
BRDA:118,7,0,5
BRDA:118,7,1,2
BRDA:119,8,0,0
BRDA:119,8,1,5
BRDA:121,9,0,0
BRDA:121,9,1,5
BRDA:125,10,0,0
BRDA:125,10,1,5
BRDA:129,11,0,0
BRDA:129,11,1,5
BRDA:144,12,0,0
BRDA:144,12,1,7
BRDA:144,13,0,7
BRDA:144,13,1,0
BRDA:149,14,0,0
BRDA:149,14,1,0
BRDA:156,15,0,0
BRDA:156,15,1,0
BRDA:157,16,0,0
BRDA:157,16,1,0
BRDA:159,17,0,0
BRDA:159,17,1,0
BRDA:179,18,0,7
BRDA:179,18,1,7
BRDA:179,18,2,7
BRDA:188,19,0,2
BRDA:188,19,1,5
BRDA:188,20,0,7
BRDA:188,20,1,2
BRDA:200,21,0,0
BRDA:200,21,1,2
BRDA:202,22,0,2
BRDA:202,22,1,0
BRDA:222,23,0,9
BRDA:222,23,1,1
BRDA:225,24,0,0
BRDA:225,24,1,1
BRDA:38,25,0,1
BRDA:38,25,1,0
BRDA:38,26,0,1
BRDA:38,26,1,1
BRDA:38,27,0,1
BRDA:38,27,1,0
BRDA:38,28,0,1
BRDA:38,28,1,1
BRF:60
BRH:38
end_of_record
TN:
SF:src\application\use-cases\rating.service.ts
FN:12,(anonymous_2)
FN:18,(anonymous_3)
FN:26,(anonymous_4)
FN:66,(anonymous_5)
FNF:4
FNH:0
FNDA:0,(anonymous_2)
FNDA:0,(anonymous_3)
FNDA:0,(anonymous_4)
FNDA:0,(anonymous_5)
DA:1,1
DA:2,1
DA:3,1
DA:11,1
DA:12,0
DA:24,0
DA:26,0
DA:27,0
DA:41,0
DA:43,0
DA:52,0
DA:74,0
DA:75,0
DA:76,0
DA:77,0
LF:15
LH:4
BRDA:24,0,0,0
BRDA:24,0,1,0
BRDA:24,1,0,0
BRDA:24,1,1,0
BRDA:41,2,0,0
BRDA:41,2,1,0
BRDA:41,3,0,0
BRDA:41,3,1,0
BRDA:74,4,0,0
BRDA:74,4,1,0
BRDA:75,5,0,0
BRDA:75,5,1,0
BRDA:12,6,0,1
BRDA:12,6,1,0
BRDA:12,7,0,1
BRDA:12,7,1,1
BRF:16
BRH:3
end_of_record
TN:
SF:src\application\use-cases\use-cases.module.ts
FN:18,(anonymous_1)
FNF:1
FNH:0
FNDA:0,(anonymous_1)
DA:1,0
DA:2,0
DA:3,0
DA:4,0
DA:5,0
DA:6,0
DA:7,0
DA:8,0
DA:9,0
DA:10,0
DA:11,0
DA:18,0
DA:38,0
LF:13
LH:0
BRF:0
BRH:0
end_of_record
TN:
SF:src\auth\auth.controller.ts
FN:31,(anonymous_4)
FN:36,(anonymous_5)
FN:51,(anonymous_6)
FN:67,(anonymous_7)
FN:73,(anonymous_8)
FN:80,(anonymous_9)
FN:87,(anonymous_10)
FN:94,(anonymous_11)
FN:102,(anonymous_12)
FN:128,(anonymous_13)
FN:147,(anonymous_14)
FN:153,(anonymous_15)
FN:159,(anonymous_16)
FN:165,(anonymous_17)
FN:174,(anonymous_18)
FN:185,(anonymous_19)
FN:192,(anonymous_20)
FNF:17
FNH:0
FNDA:0,(anonymous_4)
FNDA:0,(anonymous_5)
FNDA:0,(anonymous_6)
FNDA:0,(anonymous_7)
FNDA:0,(anonymous_8)
FNDA:0,(anonymous_9)
FNDA:0,(anonymous_10)
FNDA:0,(anonymous_11)
FNDA:0,(anonymous_12)
FNDA:0,(anonymous_13)
FNDA:0,(anonymous_14)
FNDA:0,(anonymous_15)
FNDA:0,(anonymous_16)
FNDA:0,(anonymous_17)
FNDA:0,(anonymous_18)
FNDA:0,(anonymous_19)
FNDA:0,(anonymous_20)
DA:1,0
DA:15,0
DA:16,0
DA:17,0
DA:18,0
DA:25,0
DA:26,0
DA:27,0
DA:30,0
DA:32,0
DA:33,0
DA:37,0
DA:38,0
DA:40,0
DA:41,0
DA:42,0
DA:43,0
DA:44,0
DA:48,0
DA:52,0
DA:53,0
DA:55,0
DA:67,0
DA:68,0
DA:73,0
DA:74,0
DA:80,0
DA:81,0
DA:87,0
DA:88,0
DA:94,0
DA:95,0
DA:96,0
DA:102,0
DA:107,0
DA:108,0
DA:110,0
DA:111,0
DA:114,0
DA:118,0
DA:119,0
DA:120,0
DA:122,0
DA:128,0
DA:134,0
DA:135,0
DA:136,0
DA:137,0
DA:140,0
DA:141,0
DA:142,0
DA:147,0
DA:148,0
DA:153,0
DA:154,0
DA:159,0
DA:160,0
DA:165,0
DA:169,0
DA:174,0
DA:175,0
DA:185,0
DA:192,0
DA:193,0
DA:194,0
DA:196,0
DA:199,0
DA:202,0
DA:203,0
DA:204,0
DA:206,0
DA:208,0
LF:72
LH:0
BRDA:38,0,0,0
BRDA:38,0,1,0
BRDA:43,1,0,0
BRDA:43,1,1,0
BRDA:60,2,0,0
BRDA:60,2,1,0
BRDA:108,3,0,0
BRDA:108,3,1,0
BRDA:110,4,0,0
BRDA:110,4,1,0
BRDA:135,5,0,0
BRDA:135,5,1,0
BRDA:136,6,0,0
BRDA:136,6,1,0
BRDA:193,7,0,0
BRDA:193,7,1,0
BRDA:73,8,0,0
BRDA:73,8,1,0
BRDA:73,9,0,0
BRDA:73,9,1,0
BRDA:80,10,0,0
BRDA:80,10,1,0
BRDA:80,11,0,0
BRDA:80,11,1,0
BRDA:87,12,0,0
BRDA:87,12,1,0
BRDA:87,13,0,0
BRDA:87,13,1,0
BRDA:94,14,0,0
BRDA:94,14,1,0
BRDA:94,15,0,0
BRDA:94,15,1,0
BRDA:174,16,0,0
BRDA:174,16,1,0
BRDA:174,17,0,0
BRDA:174,17,1,0
BRDA:32,18,0,0
BRDA:32,18,1,0
BRDA:32,19,0,0
BRDA:32,19,1,0
BRDA:32,20,0,0
BRDA:32,20,1,0
BRDA:32,21,0,0
BRDA:32,21,1,0
BRF:44
BRH:0
end_of_record
TN:
SF:src\auth\auth.module.ts
FN:24,(anonymous_1)
FNF:1
FNH:0
FNDA:0,(anonymous_1)
DA:1,0
DA:2,0
DA:3,0
DA:4,0
DA:5,0
DA:6,0
DA:7,0
DA:8,0
DA:9,0
DA:10,0
DA:11,0
DA:12,0
DA:13,0
DA:14,0
DA:24,0
DA:44,0
LF:16
LH:0
BRF:0
BRH:0
end_of_record
TN:
SF:src\auth\auth.service.ts
FN:19,(anonymous_11)
FN:26,(anonymous_12)
FN:119,(anonymous_13)
FN:189,(anonymous_14)
FN:211,(anonymous_15)
FN:220,(anonymous_16)
FN:241,(anonymous_17)
FN:278,(anonymous_18)
FN:304,(anonymous_19)
FN:354,(anonymous_20)
FN:417,(anonymous_21)
FN:446,(anonymous_22)
FN:474,(anonymous_23)
FN:507,(anonymous_24)
FNF:14
FNH:0
FNDA:0,(anonymous_11)
FNDA:0,(anonymous_12)
FNDA:0,(anonymous_13)
FNDA:0,(anonymous_14)
FNDA:0,(anonymous_15)
FNDA:0,(anonymous_16)
FNDA:0,(anonymous_17)
FNDA:0,(anonymous_18)
FNDA:0,(anonymous_19)
FNDA:0,(anonymous_20)
FNDA:0,(anonymous_21)
FNDA:0,(anonymous_22)
FNDA:0,(anonymous_23)
FNDA:0,(anonymous_24)
DA:1,0
DA:8,0
DA:9,0
DA:10,0
DA:11,0
DA:12,0
DA:14,0
DA:15,0
DA:18,0
DA:20,0
DA:21,0
DA:22,0
DA:23,0
DA:28,0
DA:29,0
DA:33,0
DA:36,0
DA:46,0
DA:47,0
DA:53,0
DA:65,0
DA:66,0
DA:72,0
DA:75,0
DA:97,0
DA:102,0
DA:104,0
DA:121,0
DA:133,0
DA:134,0
DA:138,0
DA:139,0
DA:145,0
DA:149,0
DA:150,0
DA:154,0
DA:161,0
DA:162,0
DA:163,0
DA:164,0
DA:168,0
DA:172,0
DA:174,0
DA:193,0
DA:198,0
DA:199,0
DA:203,0
DA:208,0
DA:212,0
DA:221,0
DA:225,0
DA:226,0
DA:229,0
DA:234,0
DA:238,0
DA:242,0
DA:246,0
DA:248,0
DA:255,0
DA:260,0
DA:261,0
DA:270,0
DA:272,0
DA:282,0
DA:286,0
DA:287,0
DA:290,0
DA:292,0
DA:297,0
DA:301,0
DA:309,0
DA:312,0
DA:324,0
DA:325,0
DA:331,0
DA:335,0
DA:336,0
DA:340,0
DA:341,0
DA:347,0
DA:351,0
DA:361,0
DA:366,0
DA:368,0
DA:369,0
DA:377,0
DA:378,0
DA:387,0
DA:391,0
DA:392,0
DA:394,0
DA:414,0
DA:419,0
DA:424,0
DA:425,0
DA:426,0
DA:428,0
DA:429,0
DA:433,0
DA:434,0
DA:438,0
DA:439,0
DA:440,0
DA:443,0
DA:448,0
DA:450,0
DA:451,0
DA:452,0
DA:454,0
DA:455,0
DA:459,0
DA:460,0
DA:464,0
DA:465,0
DA:468,0
DA:475,0
DA:476,0
DA:477,0
DA:478,0
DA:480,0
DA:491,0
DA:493,0
DA:511,0
DA:520,0
DA:529,0
DA:537,0
LF:126
LH:0
BRDA:28,0,0,0
BRDA:28,0,1,0
BRDA:41,1,0,0
BRDA:41,1,1,0
BRDA:46,2,0,0
BRDA:46,2,1,0
BRDA:65,3,0,0
BRDA:65,3,1,0
BRDA:80,4,0,0
BRDA:80,4,1,0
BRDA:108,5,0,0
BRDA:108,5,1,0
BRDA:112,6,0,0
BRDA:112,6,1,0
BRDA:133,7,0,0
BRDA:133,7,1,0
BRDA:138,8,0,0
BRDA:138,8,1,0
BRDA:149,9,0,0
BRDA:149,9,1,0
BRDA:163,10,0,0
BRDA:163,10,1,0
BRDA:163,11,0,0
BRDA:163,11,1,0
BRDA:177,12,0,0
BRDA:177,12,1,0
BRDA:178,13,0,0
BRDA:178,13,1,0
BRDA:181,14,0,0
BRDA:181,14,1,0
BRDA:182,15,0,0
BRDA:182,15,1,0
BRDA:198,16,0,0
BRDA:198,16,1,0
BRDA:198,17,0,0
BRDA:198,17,1,0
BRDA:225,18,0,0
BRDA:225,18,1,0
BRDA:225,19,0,0
BRDA:225,19,1,0
BRDA:246,20,0,0
BRDA:246,20,1,0
BRDA:286,21,0,0
BRDA:286,21,1,0
BRDA:286,22,0,0
BRDA:286,22,1,0
BRDA:324,23,0,0
BRDA:324,23,1,0
BRDA:335,24,0,0
BRDA:335,24,1,0
BRDA:366,25,0,0
BRDA:366,25,1,0
BRDA:368,26,0,0
BRDA:368,26,1,0
BRDA:368,27,0,0
BRDA:368,27,1,0
BRDA:377,28,0,0
BRDA:377,28,1,0
BRDA:433,29,0,0
BRDA:433,29,1,0
BRDA:459,30,0,0
BRDA:459,30,1,0
BRDA:500,31,0,0
BRDA:500,31,1,0
BRDA:20,32,0,0
BRDA:20,32,1,0
BRDA:20,33,0,0
BRDA:20,33,1,0
BRDA:20,34,0,0
BRDA:20,34,1,0
BRDA:20,35,0,0
BRDA:20,35,1,0
BRDA:21,36,0,0
BRDA:21,36,1,0
BRDA:21,37,0,0
BRDA:21,37,1,0
BRDA:22,38,0,0
BRDA:22,38,1,0
BRDA:22,39,0,0
BRDA:22,39,1,0
BRF:80
BRH:0
end_of_record
TN:
SF:src\auth\otp.service.ts
FN:13,(anonymous_2)
FN:21,(anonymous_3)
FN:30,(anonymous_4)
FN:87,(anonymous_5)
FN:142,(anonymous_6)
FNF:5
FNH:0
FNDA:0,(anonymous_2)
FNDA:0,(anonymous_3)
FNDA:0,(anonymous_4)
FNDA:0,(anonymous_5)
FNDA:0,(anonymous_6)
DA:1,0
DA:2,0
DA:3,0
DA:4,0
DA:12,0
DA:14,0
DA:15,0
DA:22,0
DA:34,0
DA:36,0
DA:40,0
DA:41,0
DA:46,0
DA:50,0
DA:56,0
DA:59,0
DA:69,0
DA:71,0
DA:72,0
DA:75,0
DA:94,0
DA:97,0
DA:108,0
DA:109,0
DA:113,0
DA:114,0
DA:118,0
DA:125,0
DA:129,0
DA:130,0
DA:136,0
DA:143,0
LF:32
LH:0
BRDA:32,0,0,0
BRDA:40,1,0,0
BRDA:40,1,1,0
BRDA:40,2,0,0
BRDA:40,2,1,0
BRDA:46,3,0,0
BRDA:46,3,1,0
BRDA:47,4,0,0
BRDA:47,4,1,0
BRDA:47,4,2,0
BRDA:62,5,0,0
BRDA:62,5,1,0
BRDA:71,6,0,0
BRDA:71,6,1,0
BRDA:92,7,0,0
BRDA:108,8,0,0
BRDA:108,8,1,0
BRDA:113,9,0,0
BRDA:113,9,1,0
BRDA:129,10,0,0
BRDA:129,10,1,0
BRDA:129,11,0,0
BRDA:129,11,1,0
BRDA:14,12,0,0
BRDA:14,12,1,0
BRDA:14,13,0,0
BRDA:14,13,1,0
BRDA:14,14,0,0
BRDA:14,14,1,0
BRDA:14,15,0,0
BRDA:14,15,1,0
BRF:31
BRH:0
end_of_record
TN:
SF:src\auth\decorators\current-user.decorator.ts
FN:4,(anonymous_0)
FNF:1
FNH:0
FNDA:0,(anonymous_0)
DA:1,0
DA:3,0
DA:5,0
DA:6,0
LF:4
LH:0
BRF:0
BRH:0
end_of_record
TN:
SF:src\auth\decorators\public.decorator.ts
FN:4,(anonymous_0)
FNF:1
FNH:0
FNDA:0,(anonymous_0)
DA:1,0
DA:3,0
DA:4,0
LF:3
LH:0
BRF:0
BRH:0
end_of_record
TN:
SF:src\auth\dto\auth-response.dto.ts
FNF:0
FNH:0
DA:1,0
LF:1
LH:0
BRF:0
BRH:0
end_of_record
TN:
SF:src\auth\dto\index.ts
FN:1,(anonymous_4)
FN:2,(anonymous_5)
FN:3,(anonymous_6)
FN:5,(anonymous_7)
FNF:4
FNH:0
FNDA:0,(anonymous_4)
FNDA:0,(anonymous_5)
FNDA:0,(anonymous_6)
FNDA:0,(anonymous_7)
DA:1,0
DA:2,0
DA:3,0
DA:4,0
DA:5,0
LF:5
LH:0
BRF:0
BRH:0
end_of_record
TN:
SF:src\auth\dto\login.dto.ts
FNF:0
FNH:0
DA:1,0
DA:3,0
DA:6,0
DA:10,0
LF:4
LH:0
BRF:0
BRH:0
end_of_record
TN:
SF:src\auth\dto\otp.dto.ts
FNF:0
FNH:0
DA:1,0
DA:11,0
DA:16,0
DA:20,0
DA:23,0
DA:28,0
DA:33,0
DA:37,0
DA:40,0
DA:45,0
DA:51,0
DA:57,0
LF:12
LH:0
BRF:0
BRH:0
end_of_record
TN:
SF:src\auth\dto\register.dto.ts
FNF:0
FNH:0
DA:1,0
DA:9,0
DA:15,0
DA:20,0
DA:24,0
DA:28,0
DA:32,0
DA:36,0
DA:40,0
DA:44,0
LF:10
LH:0
BRF:0
BRH:0
end_of_record
TN:
SF:src\auth\guards\google-oauth.guard.ts
FN:7,(anonymous_1)
FNF:1
FNH:0
FNDA:0,(anonymous_1)
DA:1,0
DA:2,0
DA:6,0
DA:8,0
DA:10,0
LF:5
LH:0
BRDA:8,0,0,0
BRDA:8,0,1,0
BRF:2
BRH:0
end_of_record
TN:
SF:src\auth\guards\jwt-auth.guard.ts
FN:8,(anonymous_2)
FN:12,(anonymous_3)
FNF:2
FNH:0
FNDA:0,(anonymous_2)
FNDA:0,(anonymous_3)
DA:1,0
DA:2,0
DA:3,0
DA:4,0
DA:7,0
DA:8,0
DA:9,0
DA:14,0
DA:19,0
DA:20,0
DA:23,0
LF:11
LH:0
BRDA:19,0,0,0
BRDA:19,0,1,0
BRDA:8,1,0,0
BRDA:8,1,1,0
BRDA:8,2,0,0
BRDA:8,2,1,0
BRF:6
BRH:0
end_of_record
TN:
SF:src\auth\guards\ws-jwt.guard.ts
FN:14,(anonymous_2)
FN:19,(anonymous_3)
FN:43,(anonymous_4)
FNF:3
FNH:0
FNDA:0,(anonymous_2)
FNDA:0,(anonymous_3)
FNDA:0,(anonymous_4)
DA:1,1
DA:7,1
DA:8,1
DA:10,1
DA:13,1
DA:15,0
DA:16,0
DA:20,0
DA:21,0
DA:22,0
DA:24,0
DA:25,0
DA:28,0
DA:33,0
DA:37,0
DA:39,0
DA:45,0
DA:46,0
DA:49,0
DA:50,0
DA:52,0
DA:53,0
LF:22
LH:5
BRDA:24,0,0,0
BRDA:24,0,1,0
BRDA:46,1,0,0
BRDA:46,1,1,0
BRDA:50,2,0,0
BRDA:50,2,1,0
BRDA:53,3,0,0
BRDA:53,3,1,0
BRDA:15,4,0,1
BRDA:15,4,1,0
BRDA:15,5,0,1
BRDA:15,5,1,1
BRDA:15,6,0,1
BRDA:15,6,1,0
BRDA:15,7,0,1
BRDA:15,7,1,1
BRF:16
BRH:6
end_of_record
TN:
SF:src\auth\strategies\google.strategy.ts
FN:9,(anonymous_2)
FN:40,(anonymous_3)
FNF:2
FNH:0
FNDA:0,(anonymous_2)
FNDA:0,(anonymous_3)
DA:1,0
DA:2,0
DA:3,0
DA:4,0
DA:5,0
DA:8,0
DA:10,0
DA:11,0
DA:13,0
DA:15,0
DA:17,0
DA:18,0
DA:21,0
DA:23,0
DA:25,0
DA:26,0
DA:28,0
DA:29,0
DA:32,0
DA:46,0
DA:48,0
DA:55,0
LF:22
LH:0
BRDA:15,0,0,0
BRDA:15,0,1,0
BRDA:17,1,0,0
BRDA:17,1,1,0
BRDA:18,2,0,0
BRDA:18,2,1,0
BRDA:21,3,0,0
BRDA:21,3,1,0
BRDA:21,4,0,0
BRDA:21,4,1,0
BRDA:25,5,0,0
BRDA:25,5,1,0
BRDA:25,6,0,0
BRDA:25,6,1,0
BRDA:28,7,0,0
BRDA:28,7,1,0
BRDA:10,8,0,0
BRDA:10,8,1,0
BRDA:10,9,0,0
BRDA:10,9,1,0
BRDA:10,10,0,0
BRDA:10,10,1,0
BRDA:10,11,0,0
BRDA:10,11,1,0
BRF:24
BRH:0
end_of_record
TN:
SF:src\auth\strategies\jwt.strategy.ts
FN:9,(anonymous_2)
FN:24,(anonymous_3)
FNF:2
FNH:0
FNDA:0,(anonymous_2)
FNDA:0,(anonymous_3)
DA:1,0
DA:2,0
DA:3,0
DA:4,0
DA:5,0
DA:8,0
DA:10,0
DA:11,0
DA:13,0
DA:14,0
DA:15,0
DA:18,0
DA:25,0
DA:42,0
DA:43,0
DA:46,0
DA:48,0
DA:49,0
DA:55,0
LF:19
LH:0
BRDA:14,0,0,0
BRDA:14,0,1,0
BRDA:42,1,0,0
BRDA:42,1,1,0
BRDA:48,2,0,0
BRDA:48,2,1,0
BRDA:48,3,0,0
BRDA:48,3,1,0
BRDA:57,4,0,0
BRDA:57,4,1,0
BRDA:58,5,0,0
BRDA:58,5,1,0
BRDA:61,6,0,0
BRDA:61,6,1,0
BRDA:62,7,0,0
BRDA:62,7,1,0
BRDA:10,8,0,0
BRDA:10,8,1,0
BRDA:10,9,0,0
BRDA:10,9,1,0
BRDA:10,10,0,0
BRDA:10,10,1,0
BRDA:10,11,0,0
BRDA:10,11,1,0
BRF:24
BRH:0
end_of_record
TN:
SF:src\domain\game\entities\game.entity.ts
FN:35,(anonymous_0)
FN:70,(anonymous_1)
FN:74,(anonymous_2)
FN:78,(anonymous_3)
FN:82,(anonymous_4)
FN:86,(anonymous_5)
FN:90,(anonymous_6)
FN:94,(anonymous_7)
FN:98,(anonymous_8)
FN:102,(anonymous_9)
FN:109,(anonymous_10)
FN:120,(anonymous_11)
FN:133,(anonymous_12)
FN:153,(anonymous_13)
FN:167,(anonymous_14)
FN:175,(anonymous_15)
FN:182,(anonymous_16)
FN:192,(anonymous_17)
FN:199,(anonymous_18)
FN:206,(anonymous_19)
FN:210,(anonymous_20)
FN:213,(anonymous_21)
FN:216,(anonymous_22)
FN:224,(anonymous_23)
FN:232,(anonymous_24)
FN:242,(anonymous_25)
FN:243,(anonymous_26)
FN:289,(anonymous_27)
FN:303,(anonymous_28)
FN:323,(anonymous_29)
FN:351,(anonymous_30)
FN:371,(anonymous_31)
FN:380,(anonymous_32)
FN:399,(anonymous_33)
FN:409,(anonymous_34)
FN:416,(anonymous_35)
FN:422,(anonymous_36)
FN:431,(anonymous_37)
FNF:38
FNH:23
FNDA:37,(anonymous_0)
FNDA:30,(anonymous_1)
FNDA:116,(anonymous_2)
FNDA:0,(anonymous_3)
FNDA:46,(anonymous_4)
FNDA:16,(anonymous_5)
FNDA:7,(anonymous_6)
FNDA:1,(anonymous_7)
FNDA:1,(anonymous_8)
FNDA:1,(anonymous_9)
FNDA:36,(anonymous_10)
FNDA:7,(anonymous_11)
FNDA:7,(anonymous_12)
FNDA:4,(anonymous_13)
FNDA:0,(anonymous_14)
FNDA:0,(anonymous_15)
FNDA:35,(anonymous_16)
FNDA:0,(anonymous_17)
FNDA:12,(anonymous_18)
FNDA:0,(anonymous_19)
FNDA:5,(anonymous_20)
FNDA:5,(anonymous_21)
FNDA:5,(anonymous_22)
FNDA:7,(anonymous_23)
FNDA:7,(anonymous_24)
FNDA:7,(anonymous_25)
FNDA:5,(anonymous_26)
FNDA:0,(anonymous_27)
FNDA:0,(anonymous_28)
FNDA:0,(anonymous_29)
FNDA:35,(anonymous_30)
FNDA:0,(anonymous_31)
FNDA:0,(anonymous_32)
FNDA:0,(anonymous_33)
FNDA:0,(anonymous_34)
FNDA:0,(anonymous_35)
FNDA:0,(anonymous_36)
FNDA:0,(anonymous_37)
DA:1,4
DA:2,4
DA:3,4
DA:4,4
DA:17,4
DA:29,37
DA:31,37
DA:33,37
DA:36,37
DA:37,37
DA:38,37
DA:39,37
DA:40,37
DA:41,37
DA:42,37
DA:43,37
DA:44,37
DA:49,37
DA:56,37
DA:57,37
DA:59,37
DA:60,37
DA:61,37
DA:62,37
DA:63,37
DA:64,37
DA:65,37
DA:66,37
DA:71,30
DA:75,116
DA:79,0
DA:83,46
DA:87,16
DA:91,7
DA:95,1
DA:99,1
DA:103,1
DA:110,36
DA:111,0
DA:113,36
DA:114,36
DA:121,7
DA:122,0
DA:125,7
DA:126,0
DA:130,7
DA:133,7
DA:134,7
DA:138,7
DA:141,7
DA:144,7
DA:154,4
DA:155,0
DA:158,4
DA:159,4
DA:160,4
DA:161,4
DA:168,0
DA:169,0
DA:176,0
DA:183,35
DA:193,0
DA:200,12
DA:207,0
DA:211,5
DA:214,5
DA:217,5
DA:228,7
DA:229,7
DA:230,7
DA:232,7
DA:235,7
DA:236,7
DA:238,0
DA:242,7
DA:243,7
DA:245,7
DA:247,7
DA:249,7
DA:250,7
DA:252,0
DA:255,0
DA:256,0
DA:264,7
DA:265,7
DA:267,7
DA:273,7
DA:274,7
DA:276,0
DA:303,0
DA:304,0
DA:305,0
DA:308,0
DA:309,0
DA:313,0
DA:317,0
DA:318,0
DA:319,0
DA:322,0
DA:323,0
DA:325,0
DA:367,35
DA:371,35
DA:372,0
DA:373,0
DA:375,0
DA:376,0
DA:377,0
DA:379,0
DA:380,0
DA:382,0
DA:401,0
DA:410,0
DA:417,0
DA:423,0
DA:432,0
LF:116
LH:76
BRDA:40,0,0,36
BRDA:41,1,0,36
BRDA:42,2,0,36
BRDA:43,3,0,36
BRDA:49,4,0,37
BRDA:50,5,0,37
BRDA:51,6,0,37
BRDA:52,7,0,37
BRDA:53,8,0,37
BRDA:54,9,0,37
BRDA:55,10,0,37
BRDA:56,11,0,37
BRDA:57,12,0,37
BRDA:110,13,0,0
BRDA:110,13,1,36
BRDA:121,14,0,0
BRDA:121,14,1,7
BRDA:125,15,0,0
BRDA:125,15,1,7
BRDA:145,16,0,7
BRDA:145,16,1,0
BRDA:154,17,0,0
BRDA:154,17,1,4
BRDA:168,18,0,0
BRDA:168,18,1,0
BRDA:184,19,0,35
BRDA:184,19,1,28
BRDA:193,20,0,0
BRDA:193,20,1,0
BRDA:207,21,0,0
BRDA:207,21,1,0
BRDA:232,22,0,7
BRDA:232,22,1,7
BRDA:235,23,0,7
BRDA:235,23,1,0
BRDA:235,24,0,7
BRDA:235,24,1,0
BRDA:245,25,0,7
BRDA:245,25,1,0
BRDA:245,25,2,0
BRDA:247,26,0,7
BRDA:247,26,1,0
BRDA:247,26,2,0
BRDA:249,27,0,7
BRDA:249,27,1,0
BRDA:249,28,0,7
BRDA:249,28,1,7
BRDA:252,29,0,0
BRDA:252,29,1,0
BRDA:255,30,0,0
BRDA:255,30,1,0
BRDA:256,31,0,0
BRDA:256,31,1,0
BRDA:267,32,0,7
BRDA:267,32,1,0
BRDA:267,32,2,0
BRDA:267,32,3,0
BRDA:267,32,4,7
BRDA:267,32,5,0
BRDA:267,32,6,0
BRDA:267,32,7,0
BRDA:267,32,8,7
BRDA:267,32,9,0
BRDA:267,32,10,0
BRDA:267,32,11,0
BRDA:267,32,12,7
BRDA:267,32,13,0
BRDA:267,32,14,0
BRDA:267,32,15,0
BRDA:267,32,16,7
BRDA:267,32,17,0
BRDA:267,32,18,0
BRDA:267,32,19,0
BRDA:273,33,0,7
BRDA:273,33,1,0
BRDA:308,34,0,0
BRDA:308,34,1,0
BRDA:317,35,0,0
BRDA:317,35,1,0
BRDA:318,36,0,0
BRDA:318,36,1,0
BRDA:322,37,0,0
BRDA:322,37,1,0
BRDA:327,38,0,0
BRDA:327,38,1,0
BRDA:328,39,0,0
BRDA:328,39,1,0
BRDA:329,40,0,0
BRDA:329,40,1,0
BRDA:330,41,0,0
BRDA:330,41,1,0
BRDA:335,42,0,0
BRDA:335,42,1,0
BRDA:336,43,0,0
BRDA:336,43,1,0
BRDA:375,44,0,0
BRDA:375,44,1,0
BRDA:376,45,0,0
BRDA:376,45,1,0
BRDA:379,46,0,0
BRDA:379,46,1,0
BRDA:384,47,0,0
BRDA:384,47,1,0
BRDA:385,48,0,0
BRDA:385,48,1,0
BRDA:386,49,0,0
BRDA:386,49,1,0
BRDA:387,50,0,0
BRDA:387,50,1,0
BRDA:392,51,0,0
BRDA:392,51,1,0
BRDA:393,52,0,0
BRDA:393,52,1,0
BRDA:418,53,0,0
BRDA:418,53,1,0
BRF:115
BRH:35
end_of_record
TN:
SF:src\domain\game\entities\move.entity.ts
FN:9,(anonymous_0)
FN:25,(anonymous_1)
FN:32,(anonymous_2)
FN:39,(anonymous_3)
FN:47,(anonymous_4)
FN:54,(anonymous_5)
FNF:6
FNH:3
FNDA:19,(anonymous_0)
FNDA:0,(anonymous_1)
FNDA:0,(anonymous_2)
FNDA:12,(anonymous_3)
FNDA:27,(anonymous_4)
FNDA:0,(anonymous_5)
DA:8,4
DA:10,19
DA:11,19
DA:12,19
DA:13,19
DA:14,19
DA:15,19
DA:16,19
DA:17,19
DA:18,19
DA:19,19
DA:26,0
DA:33,0
DA:44,12
DA:46,9
DA:47,27
DA:50,3
DA:55,0
LF:18
LH:15
BRDA:19,0,0,12
BRDA:44,1,0,9
BRDA:44,1,1,3
BRF:3
BRH:3
end_of_record
TN:
SF:src\domain\game\services\capture-finding.service.ts
FN:28,(anonymous_0)
FN:43,(anonymous_1)
FN:62,(anonymous_2)
FN:91,(anonymous_3)
FN:159,(anonymous_4)
FN:186,(anonymous_5)
FN:249,(anonymous_6)
FN:258,(anonymous_7)
FN:261,(anonymous_8)
FN:268,(anonymous_9)
FNF:10
FNH:9
FNDA:41,(anonymous_0)
FNDA:54,(anonymous_1)
FNDA:168,(anonymous_2)
FNDA:7,(anonymous_3)
FNDA:28,(anonymous_4)
FNDA:0,(anonymous_5)
FNDA:3,(anonymous_6)
FNDA:3,(anonymous_7)
FNDA:2,(anonymous_8)
FNDA:3,(anonymous_9)
DA:3,4
DA:4,4
DA:5,4
DA:24,4
DA:29,41
DA:30,41
DA:32,41
DA:33,42
DA:34,42
DA:37,41
DA:44,54
DA:45,54
DA:47,54
DA:48,114
DA:51,114
DA:54,54
DA:71,168
DA:73,168
DA:75,168
DA:76,168
DA:78,168
DA:84,8
DA:85,160
DA:87,160
DA:88,160
DA:90,160
DA:91,43
DA:93,43
DA:94,43
DA:96,43
DA:97,6
DA:98,37
DA:100,37
DA:101,37
DA:103,34
DA:104,34
DA:106,34
DA:107,34
DA:108,34
DA:111,34
DA:112,34
DA:113,34
DA:115,34
DA:125,34
DA:126,1
DA:129,33
DA:130,33
DA:132,33
DA:133,66
DA:142,66
DA:145,33
DA:146,31
DA:152,2
DA:168,28
DA:170,28
DA:172,28
DA:173,28
DA:174,28
DA:176,28
DA:177,28
DA:179,28
DA:180,63
DA:181,63
DA:183,63
DA:184,3
DA:185,3
DA:186,2
DA:187,2
DA:188,60
DA:190,4
DA:191,4
DA:192,4
DA:194,4
DA:195,4
DA:199,4
DA:200,4
DA:202,4
DA:203,4
DA:205,4
DA:206,16
DA:215,16
DA:218,4
DA:219,4
DA:228,0
DA:232,0
DA:236,62
DA:237,62
DA:243,28
DA:255,3
DA:257,3
DA:259,3
DA:261,2
DA:269,3
LF:93
LH:91
BRDA:48,0,0,12
BRDA:48,0,1,102
BRDA:68,1,0,102
BRDA:69,2,0,102
BRDA:73,3,0,136
BRDA:73,3,1,32
BRDA:78,4,0,8
BRDA:78,4,1,160
BRDA:79,5,0,168
BRDA:79,5,1,168
BRDA:79,5,2,168
BRDA:79,5,3,163
BRDA:85,6,0,0
BRDA:85,6,1,160
BRDA:90,7,0,117
BRDA:90,7,1,43
BRDA:90,8,0,160
BRDA:90,8,1,47
BRDA:91,9,0,0
BRDA:91,9,1,43
BRDA:96,10,0,6
BRDA:96,10,1,37
BRDA:96,11,0,43
BRDA:96,11,1,42
BRDA:96,11,2,37
BRDA:96,11,3,37
BRDA:98,12,0,0
BRDA:98,12,1,37
BRDA:101,13,0,3
BRDA:101,13,1,34
BRDA:108,14,0,1
BRDA:108,14,1,33
BRDA:125,15,0,1
BRDA:125,15,1,33
BRDA:145,16,0,31
BRDA:145,16,1,2
BRDA:165,17,0,12
BRDA:166,18,0,12
BRDA:170,19,0,16
BRDA:170,19,1,12
BRDA:179,20,0,90
BRDA:179,20,1,86
BRDA:179,20,2,77
BRDA:179,20,3,66
BRDA:183,21,0,3
BRDA:183,21,1,60
BRDA:184,22,0,0
BRDA:184,22,1,3
BRDA:185,23,0,1
BRDA:185,23,1,2
BRDA:186,24,0,0
BRDA:186,24,1,2
BRDA:188,25,0,4
BRDA:188,25,1,56
BRDA:218,26,0,4
BRDA:218,26,1,0
BRDA:259,27,0,3
BRDA:259,27,1,2
BRDA:259,27,2,2
BRF:59
BRH:53
end_of_record
TN:
SF:src\domain\game\services\game-rules.service.ts
FN:19,(anonymous_0)
FN:26,(anonymous_1)
FN:48,(anonymous_2)
FN:58,(anonymous_3)
FN:80,(anonymous_4)
FN:109,(anonymous_5)
FN:135,(anonymous_6)
FN:197,(anonymous_7)
FN:210,(anonymous_8)
FN:215,(anonymous_9)
FN:220,(anonymous_10)
FN:227,(anonymous_11)
FN:234,(anonymous_12)
FNF:13
FNH:13
FNDA:42,(anonymous_0)
FNDA:5,(anonymous_1)
FNDA:2,(anonymous_2)
FNDA:11,(anonymous_3)
FNDA:6,(anonymous_4)
FNDA:15,(anonymous_5)
FNDA:6,(anonymous_6)
FNDA:8,(anonymous_7)
FNDA:8,(anonymous_8)
FNDA:7,(anonymous_9)
FNDA:7,(anonymous_10)
FNDA:1,(anonymous_11)
FNDA:2,(anonymous_12)
DA:3,2
DA:5,2
DA:10,2
DA:16,2
DA:20,42
DA:27,5
DA:28,1
DA:31,4
DA:34,4
DA:35,1
DA:38,3
DA:39,1
DA:42,2
DA:49,2
DA:50,1
DA:52,1
DA:59,11
DA:60,1
DA:64,10
DA:65,10
DA:66,3
DA:70,7
DA:71,1
DA:74,6
DA:81,6
DA:82,6
DA:85,6
DA:86,1
DA:88,5
DA:89,3
DA:93,2
DA:94,2
DA:96,2
DA:97,1
DA:99,1
DA:100,0
DA:103,1
DA:111,15
DA:116,15
DA:117,8
DA:121,7
DA:123,7
DA:124,6
DA:125,3
DA:129,4
DA:136,6
DA:139,6
DA:156,6
DA:157,10
DA:158,0
DA:159,0
DA:160,0
DA:161,0
DA:162,0
DA:163,0
DA:165,0
DA:168,10
DA:169,10
DA:172,10
DA:173,3
DA:177,7
DA:178,0
DA:181,7
DA:184,7
DA:185,3
DA:190,3
DA:198,8
DA:199,8
DA:201,8
DA:211,8
DA:216,7
DA:221,7
DA:228,1
DA:235,2
LF:74
LH:65
BRDA:27,0,0,1
BRDA:27,0,1,4
BRDA:34,1,0,1
BRDA:34,1,1,3
BRDA:34,2,0,4
BRDA:34,2,1,2
BRDA:38,3,0,1
BRDA:38,3,1,2
BRDA:38,4,0,3
BRDA:38,4,1,2
BRDA:49,5,0,1
BRDA:49,5,1,1
BRDA:59,6,0,1
BRDA:59,6,1,10
BRDA:65,7,0,3
BRDA:65,7,1,7
BRDA:70,8,0,1
BRDA:70,8,1,6
BRDA:85,9,0,1
BRDA:85,9,1,5
BRDA:88,10,0,3
BRDA:88,10,1,2
BRDA:96,11,0,1
BRDA:96,11,1,1
BRDA:96,12,0,2
BRDA:96,12,1,1
BRDA:99,13,0,0
BRDA:99,13,1,1
BRDA:99,14,0,1
BRDA:99,14,1,0
BRDA:116,15,0,8
BRDA:116,15,1,7
BRDA:124,16,0,3
BRDA:124,16,1,3
BRDA:139,17,0,0
BRDA:139,17,1,6
BRDA:146,18,0,5
BRDA:146,18,1,1
BRDA:157,19,0,0
BRDA:157,19,1,10
BRDA:160,20,0,0
BRDA:160,20,1,0
BRDA:160,20,2,0
BRDA:160,20,3,0
BRDA:162,21,0,0
BRDA:162,21,1,0
BRDA:172,22,0,3
BRDA:172,22,1,7
BRDA:172,23,0,10
BRDA:172,23,1,10
BRDA:172,23,2,10
BRDA:172,23,3,10
BRDA:177,24,0,0
BRDA:177,24,1,7
BRDA:184,25,0,3
BRDA:184,25,1,4
BRDA:202,26,0,8
BRDA:202,26,1,7
BRDA:202,26,2,7
BRDA:202,26,3,1
BRF:60
BRH:49
end_of_record
TN:
SF:src\domain\game\services\index.ts
FNF:0
FNH:0
DA:2,0
DA:3,0
DA:4,0
DA:5,0
LF:4
LH:0
BRF:0
BRH:0
end_of_record
TN:
SF:src\domain\game\services\move-generator.service.ts
FN:18,(anonymous_0)
FN:25,(anonymous_1)
FN:76,(anonymous_2)
FN:84,(anonymous_3)
FN:113,(anonymous_4)
FN:194,(anonymous_5)
FN:201,(anonymous_6)
FN:210,(anonymous_7)
FNF:8
FNH:0
FNDA:0,(anonymous_0)
FNDA:0,(anonymous_1)
FNDA:0,(anonymous_2)
FNDA:0,(anonymous_3)
FNDA:0,(anonymous_4)
FNDA:0,(anonymous_5)
FNDA:0,(anonymous_6)
FNDA:0,(anonymous_7)
DA:2,0
DA:4,0
DA:7,0
DA:8,0
DA:15,0
DA:19,0
DA:26,0
DA:29,0
DA:34,0
DA:36,0
DA:37,0
DA:38,0
DA:44,0
DA:56,0
DA:59,0
DA:63,0
DA:65,0
DA:66,0
DA:67,0
DA:70,0
DA:78,0
DA:83,0
DA:84,0
DA:85,0
DA:86,0
DA:92,0
DA:107,0
DA:114,0
DA:115,0
DA:116,0
DA:118,0
DA:119,0
DA:120,0
DA:121,0
DA:123,0
DA:124,0
DA:125,0
DA:126,0
DA:129,0
DA:130,0
DA:131,0
DA:142,0
DA:144,0
DA:145,0
DA:148,0
DA:149,0
DA:152,0
DA:153,0
DA:157,0
DA:158,0
DA:161,0
DA:164,0
DA:165,0
DA:166,0
DA:168,0
DA:169,0
DA:171,0
DA:183,0
DA:188,0
DA:195,0
DA:207,0
DA:209,0
DA:210,0
LF:63
LH:0
BRDA:34,0,0,0
BRDA:34,0,1,0
BRDA:83,1,0,0
BRDA:83,1,1,0
BRDA:119,2,0,0
BRDA:119,2,1,0
BRDA:123,3,0,0
BRDA:123,3,1,0
BRDA:123,3,2,0
BRDA:123,3,3,0
BRDA:125,4,0,0
BRDA:125,4,1,0
BRDA:152,5,0,0
BRDA:152,5,1,0
BRDA:152,6,0,0
BRDA:152,6,1,0
BRDA:152,6,2,0
BRDA:152,6,3,0
BRDA:157,7,0,0
BRDA:157,7,1,0
BRDA:164,8,0,0
BRDA:164,8,1,0
BRDA:210,9,0,0
BRDA:210,9,1,0
BRF:24
BRH:0
end_of_record
TN:
SF:src\domain\game\services\move-validation.service.ts
FN:25,(anonymous_0)
FN:32,(anonymous_1)
FN:83,(anonymous_2)
FN:92,(anonymous_3)
FN:101,(anonymous_4)
FN:122,(anonymous_5)
FN:132,(anonymous_6)
FN:139,(anonymous_7)
FN:190,(anonymous_8)
FN:243,(anonymous_9)
FN:274,(anonymous_10)
FN:281,(anonymous_11)
FNF:12
FNH:10
FNDA:24,(anonymous_0)
FNDA:22,(anonymous_1)
FNDA:22,(anonymous_2)
FNDA:21,(anonymous_3)
FNDA:20,(anonymous_4)
FNDA:12,(anonymous_5)
FNDA:12,(anonymous_6)
FNDA:0,(anonymous_7)
FNDA:6,(anonymous_8)
FNDA:5,(anonymous_9)
FNDA:10,(anonymous_10)
FNDA:0,(anonymous_11)
DA:2,2
DA:5,2
DA:6,2
DA:10,2
DA:11,2
DA:16,2
DA:22,2
DA:26,24
DA:39,22
DA:41,22
DA:44,21
DA:47,20
DA:50,18
DA:56,18
DA:57,12
DA:68,6
DA:70,10
DA:71,10
DA:76,0
DA:84,22
DA:85,1
DA:93,21
DA:94,1
DA:106,20
DA:108,20
DA:109,1
DA:112,19
DA:113,1
DA:116,18
DA:132,12
DA:133,12
DA:136,9
DA:137,0
DA:139,0
DA:142,9
DA:145,12
DA:146,3
DA:150,9
DA:151,9
DA:157,9
DA:170,9
DA:173,9
DA:174,9
DA:178,9
DA:180,9
DA:197,6
DA:198,1
DA:205,5
DA:206,2
DA:212,3
DA:213,3
DA:215,3
DA:216,3
DA:218,3
DA:231,3
DA:233,3
DA:249,5
DA:250,5
DA:252,5
DA:253,5
DA:254,5
DA:255,5
DA:258,5
DA:259,0
DA:263,5
DA:264,0
DA:268,5
DA:269,0
DA:272,5
DA:273,5
DA:274,10
DA:286,0
DA:287,0
DA:288,0
DA:289,0
DA:291,0
DA:292,0
DA:294,0
DA:295,0
DA:296,0
DA:297,0
DA:299,0
DA:300,0
DA:303,0
LF:84
LH:65
BRDA:56,0,0,12
BRDA:56,0,1,6
BRDA:62,1,0,12
BRDA:62,1,1,12
BRDA:70,2,0,10
BRDA:70,2,1,0
BRDA:84,3,0,1
BRDA:84,3,1,21
BRDA:93,4,0,1
BRDA:93,4,1,20
BRDA:108,5,0,1
BRDA:108,5,1,19
BRDA:112,6,0,1
BRDA:112,6,1,18
BRDA:133,7,0,3
BRDA:133,7,1,9
BRDA:133,8,0,12
BRDA:133,8,1,12
BRDA:136,9,0,0
BRDA:136,9,1,9
BRDA:138,10,0,0
BRDA:138,10,1,0
BRDA:145,11,0,3
BRDA:145,11,1,9
BRDA:197,12,0,1
BRDA:197,12,1,5
BRDA:205,13,0,2
BRDA:205,13,1,3
BRDA:258,14,0,0
BRDA:258,14,1,5
BRDA:258,15,0,5
BRDA:258,15,1,5
BRDA:263,16,0,0
BRDA:263,16,1,5
BRDA:268,17,0,0
BRDA:268,17,1,5
BRDA:268,18,0,5
BRDA:268,18,1,5
BRDA:274,19,0,10
BRDA:274,19,1,6
BRDA:294,20,0,0
BRDA:294,20,1,0
BRDA:296,21,0,0
BRDA:296,21,1,0
BRF:44
BRH:33
end_of_record
TN:
SF:src\domain\game\types\capture-path.type.ts
FN:39,getValidDirections
FNF:1
FNH:1
FNDA:96,getValidDirections
DA:29,4
DA:39,4
DA:40,96
DA:42,7
DA:46,89
DA:47,89
LF:6
LH:6
BRDA:40,0,0,7
BRDA:40,0,1,89
BRDA:46,1,0,73
BRDA:46,1,1,16
BRF:4
BRH:4
end_of_record
TN:
SF:src\domain\game\types\index.ts
FNF:0
FNH:0
DA:2,0
DA:3,0
DA:4,0
LF:3
LH:0
BRF:0
BRH:0
end_of_record
TN:
SF:src\domain\game\types\validation-error.type.ts
FN:5,(anonymous_0)
FN:36,(anonymous_1)
FN:45,(anonymous_2)
FN:52,(anonymous_3)
FN:60,(anonymous_4)
FN:68,(anonymous_5)
FN:76,(anonymous_6)
FN:83,(anonymous_7)
FNF:8
FNH:8
FNDA:2,(anonymous_0)
FNDA:10,(anonymous_1)
FNDA:1,(anonymous_2)
FNDA:1,(anonymous_3)
FNDA:1,(anonymous_4)
FNDA:1,(anonymous_5)
FNDA:3,(anonymous_6)
FNDA:2,(anonymous_7)
DA:5,2
DA:7,2
DA:8,2
DA:11,2
DA:14,2
DA:15,2
DA:18,2
DA:19,2
DA:20,2
DA:21,2
DA:24,2
DA:25,2
DA:26,2
DA:27,2
DA:28,2
DA:35,2
DA:37,10
DA:39,10
DA:41,10
DA:42,10
DA:46,1
DA:53,1
DA:61,1
DA:69,1
DA:77,3
DA:84,2
LF:26
LH:26
BRDA:5,0,0,2
BRDA:5,0,1,2
BRF:2
BRH:2
end_of_record
TN:
SF:src\domain\game\value-objects\board-state.vo.ts
FN:20,(anonymous_0)
FN:22,(anonymous_1)
FN:30,(anonymous_2)
FN:37,(anonymous_3)
FN:38,(anonymous_4)
FN:44,(anonymous_5)
FN:51,(anonymous_6)
FN:58,(anonymous_7)
FN:65,(anonymous_8)
FN:74,(anonymous_9)
FN:76,(anonymous_10)
FN:84,(anonymous_11)
FN:106,(anonymous_12)
FN:125,(anonymous_13)
FN:132,(anonymous_14)
FN:136,(anonymous_15)
FN:139,(anonymous_16)
FN:141,(anonymous_17)
FN:148,(anonymous_18)
FN:155,(anonymous_19)
FN:156,(anonymous_20)
FN:166,(anonymous_21)
FN:168,(anonymous_22)
FNF:23
FNH:18
FNDA:299,(anonymous_0)
FNDA:1269,(anonymous_1)
FNDA:265,(anonymous_2)
FNDA:102,(anonymous_3)
FNDA:205,(anonymous_4)
FNDA:35,(anonymous_5)
FNDA:50,(anonymous_6)
FNDA:7,(anonymous_7)
FNDA:57,(anonymous_8)
FNDA:111,(anonymous_9)
FNDA:214,(anonymous_10)
FNDA:19,(anonymous_11)
FNDA:37,(anonymous_12)
FNDA:2,(anonymous_13)
FNDA:0,(anonymous_14)
FNDA:0,(anonymous_15)
FNDA:0,(anonymous_16)
FNDA:0,(anonymous_17)
FNDA:0,(anonymous_18)
FNDA:35,(anonymous_19)
FNDA:71,(anonymous_20)
FNDA:35,(anonymous_21)
FNDA:71,(anonymous_22)
DA:1,5
DA:2,5
DA:3,5
DA:17,5
DA:21,299
DA:22,299
DA:23,1269
DA:31,265
DA:38,205
DA:45,35
DA:52,50
DA:59,7
DA:66,57
DA:67,57
DA:68,57
DA:75,111
DA:76,214
DA:78,111
DA:85,19
DA:86,19
DA:87,0
DA:90,19
DA:91,19
DA:94,19
DA:95,1
DA:97,18
DA:100,19
DA:107,37
DA:110,37
DA:111,444
DA:115,37
DA:116,444
DA:119,37
DA:126,2
DA:133,0
DA:137,0
DA:139,0
DA:141,0
DA:142,0
DA:143,0
DA:144,0
DA:145,0
DA:148,0
DA:156,71
DA:167,35
DA:169,71
DA:175,35
LF:47
LH:37
BRDA:20,0,0,0
BRDA:31,1,0,265
BRDA:31,1,1,176
BRDA:86,2,0,0
BRDA:86,2,1,19
BRDA:94,3,0,1
BRDA:94,3,1,18
BRDA:143,4,0,0
BRDA:143,4,1,0
BRDA:144,5,0,0
BRDA:144,5,1,0
BRDA:170,6,0,0
BRDA:170,6,1,71
BRF:13
BRH:6
end_of_record
TN:
SF:src\domain\game\value-objects\piece.vo.ts
FN:12,(anonymous_0)
FN:21,(anonymous_1)
FN:28,(anonymous_2)
FN:35,(anonymous_3)
FN:45,(anonymous_4)
FN:52,(anonymous_5)
FN:65,(anonymous_6)
FN:73,(anonymous_7)
FNF:8
FNH:5
FNDA:1163,(anonymous_0)
FNDA:397,(anonymous_1)
FNDA:0,(anonymous_2)
FNDA:3,(anonymous_3)
FNDA:60,(anonymous_4)
FNDA:56,(anonymous_5)
FNDA:0,(anonymous_6)
FNDA:0,(anonymous_7)
DA:1,5
DA:11,5
DA:13,1163
DA:14,1163
DA:15,1163
DA:22,397
DA:29,0
DA:36,3
DA:37,0
DA:39,3
DA:46,60
DA:53,56
DA:55,56
DA:59,56
DA:60,53
DA:62,53
DA:66,0
DA:74,0
DA:75,0
DA:76,0
LF:20
LH:14
BRDA:36,0,0,0
BRDA:36,0,1,3
BRDA:53,1,0,0
BRDA:53,1,1,56
BRDA:59,2,0,3
BRDA:59,2,1,53
BRDA:59,3,0,56
BRDA:59,3,1,49
BRDA:60,4,0,0
BRDA:60,4,1,53
BRDA:60,5,0,53
BRDA:60,5,1,7
BRDA:67,6,0,0
BRDA:67,6,1,0
BRDA:67,6,2,0
BRDA:74,7,0,0
BRDA:74,7,1,0
BRDA:75,8,0,0
BRDA:75,8,1,0
BRF:19
BRH:9
end_of_record
TN:
SF:src\domain\game\value-objects\position.vo.ts
FN:10,(anonymous_0)
FN:17,(anonymous_1)
FN:24,(anonymous_2)
FN:37,(anonymous_3)
FN:49,(anonymous_4)
FN:53,(anonymous_5)
FNF:6
FNH:5
FNDA:1425,(anonymous_0)
FNDA:1717,(anonymous_1)
FNDA:272,(anonymous_2)
FNDA:267,(anonymous_3)
FNDA:250,(anonymous_4)
FNDA:0,(anonymous_5)
DA:7,5
DA:11,1425
DA:12,0
DA:14,1425
DA:18,1717
DA:27,272
DA:30,272
DA:31,272
DA:38,267
DA:39,0
DA:42,267
DA:43,0
DA:45,267
DA:46,267
DA:50,250
DA:54,0
LF:16
LH:12
BRDA:11,0,0,0
BRDA:11,0,1,1425
BRDA:11,1,0,1425
BRDA:11,1,1,1425
BRDA:38,2,0,0
BRDA:38,2,1,267
BRDA:38,3,0,267
BRDA:38,3,1,267
BRDA:38,3,2,267
BRDA:38,3,3,267
BRDA:42,4,0,0
BRDA:42,4,1,267
BRF:12
BRH:9
end_of_record
TN:
SF:src\domain\user\user.module.ts
FNF:0
FNH:0
DA:1,0
DA:2,0
DA:3,0
DA:10,0
LF:4
LH:0
BRF:0
BRH:0
end_of_record
TN:
SF:src\domain\user\user.service.ts
FN:9,(anonymous_11)
FN:14,(anonymous_12)
FN:24,(anonymous_13)
FN:48,(anonymous_14)
FN:60,(anonymous_15)
FNF:5
FNH:0
FNDA:0,(anonymous_11)
FNDA:0,(anonymous_12)
FNDA:0,(anonymous_13)
FNDA:0,(anonymous_14)
FNDA:0,(anonymous_15)
DA:1,0
DA:2,0
DA:3,0
DA:5,0
DA:8,0
DA:9,0
DA:15,0
DA:27,0
DA:31,0
DA:33,0
DA:35,0
DA:41,0
DA:49,0
DA:69,0
DA:71,0
DA:92,0
LF:16
LH:0
BRDA:27,0,0,0
BRDA:27,0,1,0
BRDA:27,0,2,0
BRDA:31,1,0,0
BRDA:31,1,1,0
BRDA:77,2,0,0
BRDA:77,2,1,0
BRDA:78,3,0,0
BRDA:78,3,1,0
BRDA:9,4,0,0
BRDA:9,4,1,0
BRDA:9,5,0,0
BRDA:9,5,1,0
BRF:13
BRH:0
end_of_record
TN:
SF:src\health\health.controller.ts
FN:14,(anonymous_2)
FN:18,(anonymous_3)
FN:33,(anonymous_4)
FN:40,(anonymous_5)
FN:42,(anonymous_6)
FNF:5
FNH:0
FNDA:0,(anonymous_2)
FNDA:0,(anonymous_3)
FNDA:0,(anonymous_4)
FNDA:0,(anonymous_5)
FNDA:0,(anonymous_6)
DA:1,0
DA:2,0
DA:9,0
DA:10,0
DA:13,0
DA:14,0
DA:15,0
DA:19,0
DA:20,0
DA:21,0
DA:23,0
DA:32,0
DA:34,0
DA:35,0
DA:40,0
DA:41,0
DA:42,0
LF:17
LH:0
BRDA:14,0,0,0
BRDA:14,0,1,0
BRDA:14,1,0,0
BRDA:14,1,1,0
BRDA:34,2,0,0
BRDA:34,2,1,0
BRDA:34,3,0,0
BRDA:34,3,1,0
BRF:8
BRH:0
end_of_record
TN:
SF:src\health\health.module.ts
FNF:0
FNH:0
DA:1,0
DA:2,0
DA:3,0
DA:10,0
LF:4
LH:0
BRF:0
BRH:0
end_of_record
TN:
SF:src\infrastructure\database\prisma\prisma.module.ts
FNF:0
FNH:0
DA:1,0
DA:2,0
DA:9,0
LF:3
LH:0
BRF:0
BRH:0
end_of_record
TN:
SF:src\infrastructure\database\prisma\prisma.service.ts
FN:16,(anonymous_1)
FN:21,(anonymous_2)
FN:26,(anonymous_3)
FN:76,(anonymous_4)
FNF:4
FNH:0
FNDA:0,(anonymous_1)
FNDA:0,(anonymous_2)
FNDA:0,(anonymous_3)
FNDA:0,(anonymous_4)
DA:1,2
DA:7,2
DA:10,2
DA:14,0
DA:17,0
DA:18,0
DA:22,0
DA:23,0
DA:27,0
DA:28,0
DA:31,0
DA:34,0
DA:35,0
DA:36,0
DA:37,0
DA:38,0
DA:39,0
DA:42,0
DA:44,0
DA:47,0
DA:48,0
DA:49,0
DA:50,0
DA:51,0
DA:58,0
DA:59,0
DA:60,0
DA:62,0
DA:63,0
DA:65,0
DA:66,0
DA:69,0
DA:72,0
DA:77,0
DA:78,0
DA:79,0
DA:81,0
DA:82,0
LF:38
LH:3
BRDA:17,0,0,0
BRDA:17,0,1,0
BRDA:18,1,0,0
BRDA:18,1,1,0
BRDA:18,1,2,0
BRDA:22,2,0,0
BRDA:22,2,1,0
BRDA:23,3,0,0
BRDA:23,3,1,0
BRDA:23,3,2,0
BRDA:27,4,0,0
BRDA:27,4,1,0
BRDA:35,5,0,0
BRDA:35,5,1,0
BRDA:37,6,0,0
BRDA:37,6,1,0
BRDA:49,7,0,0
BRDA:49,7,1,0
BRDA:49,8,0,0
BRDA:49,8,1,0
BRDA:50,9,0,0
BRDA:50,9,1,0
BRDA:62,10,0,0
BRDA:62,10,1,0
BRDA:65,11,0,0
BRDA:65,11,1,0
BRDA:81,12,0,0
BRDA:81,12,1,0
BRF:28
BRH:0
end_of_record
TN:
SF:src\infrastructure\email\email.module.ts
FNF:0
FNH:0
DA:1,0
DA:2,0
DA:3,0
DA:10,0
LF:4
LH:0
BRF:0
BRH:0
end_of_record
TN:
SF:src\infrastructure\email\email.service.ts
FN:13,(anonymous_2)
FN:21,(anonymous_3)
FNF:2
FNH:0
FNDA:0,(anonymous_2)
FNDA:0,(anonymous_3)
DA:1,0
DA:2,0
DA:3,0
DA:4,0
DA:5,0
DA:6,0
DA:9,0
DA:11,0
DA:13,0
DA:14,0
DA:15,0
DA:16,0
DA:18,0
DA:22,0
DA:24,0
DA:25,0
DA:26,0
DA:29,0
DA:31,0
DA:34,0
DA:39,0
DA:48,0
DA:56,0
DA:57,0
DA:61,0
DA:65,0
DA:66,0
DA:72,0
DA:79,0
DA:85,0
DA:88,0
DA:90,0
DA:91,0
LF:33
LH:0
BRDA:15,0,0,0
BRDA:15,0,1,0
BRDA:24,1,0,0
BRDA:24,1,1,0
BRDA:31,2,0,0
BRDA:31,2,1,0
BRDA:34,3,0,0
BRDA:34,3,1,0
BRDA:56,4,0,0
BRDA:56,4,1,0
BRDA:13,5,0,0
BRDA:13,5,1,0
BRDA:13,6,0,0
BRDA:13,6,1,0
BRF:14
BRH:0
end_of_record
TN:
SF:src\infrastructure\email\templates\theme.ts
FNF:0
FNH:0
DA:1,0
LF:1
LH:0
BRF:0
BRH:0
end_of_record
TN:
SF:src\infrastructure\engine\engine.module.ts
FNF:0
FNH:0
DA:5,0
DA:6,0
DA:7,0
DA:15,0
LF:4
LH:0
BRF:0
BRH:0
end_of_record
TN:
SF:src\infrastructure\engine\sidra.adapter.ts
FN:42,(anonymous_11)
FN:49,(anonymous_12)
FN:76,(anonymous_13)
FN:82,(anonymous_14)
FN:89,(anonymous_15)
FN:95,(anonymous_16)
FN:102,(anonymous_17)
FN:107,(anonymous_18)
FN:115,(anonymous_19)
FN:126,(anonymous_20)
FN:152,(anonymous_21)
FN:155,(anonymous_22)
FN:159,(anonymous_23)
FN:164,(anonymous_24)
FN:165,(anonymous_25)
FN:167,(anonymous_26)
FN:181,(anonymous_27)
FNF:17
FNH:0
FNDA:0,(anonymous_11)
FNDA:0,(anonymous_12)
FNDA:0,(anonymous_13)
FNDA:0,(anonymous_14)
FNDA:0,(anonymous_15)
FNDA:0,(anonymous_16)
FNDA:0,(anonymous_17)
FNDA:0,(anonymous_18)
FNDA:0,(anonymous_19)
FNDA:0,(anonymous_20)
FNDA:0,(anonymous_21)
FNDA:0,(anonymous_22)
FNDA:0,(anonymous_23)
FNDA:0,(anonymous_24)
FNDA:0,(anonymous_25)
FNDA:0,(anonymous_26)
FNDA:0,(anonymous_27)
DA:9,0
DA:15,0
DA:16,0
DA:17,0
DA:18,0
DA:26,0
DA:29,0
DA:32,0
DA:33,0
DA:39,0
DA:40,0
DA:42,0
DA:43,0
DA:50,0
DA:51,0
DA:52,0
DA:54,0
DA:55,0
DA:64,0
DA:65,0
DA:69,0
DA:72,0
DA:73,0
DA:77,0
DA:78,0
DA:79,0
DA:83,0
DA:84,0
DA:90,0
DA:91,0
DA:96,0
DA:98,0
DA:102,0
DA:103,0
DA:107,0
DA:108,0
DA:109,0
DA:112,0
DA:116,0
DA:117,0
DA:118,0
DA:121,0
DA:127,0
DA:128,0
DA:133,0
DA:138,0
DA:139,0
DA:148,0
DA:151,0
DA:152,0
DA:155,0
DA:156,0
DA:157,0
DA:159,0
DA:160,0
DA:161,0
DA:164,0
DA:165,0
DA:167,0
DA:168,0
DA:169,0
DA:170,0
DA:172,0
DA:173,0
DA:174,0
DA:176,0
DA:177,0
DA:181,0
DA:182,0
DA:183,0
DA:186,0
DA:187,0
LF:72
LH:0
BRDA:44,0,0,0
BRDA:44,0,1,0
BRDA:51,1,0,0
BRDA:51,1,1,0
BRDA:51,2,0,0
BRDA:51,2,1,0
BRDA:64,3,0,0
BRDA:64,3,1,0
BRDA:96,4,0,0
BRDA:96,4,1,0
BRDA:96,5,0,0
BRDA:96,5,1,0
BRDA:109,6,0,0
BRDA:109,6,1,0
BRDA:127,7,0,0
BRDA:127,7,1,0
BRDA:133,8,0,0
BRDA:133,8,1,0
BRDA:143,9,0,0
BRDA:143,9,1,0
BRDA:144,10,0,0
BRDA:144,10,1,0
BRDA:148,11,0,0
BRDA:148,11,1,0
BRDA:151,12,0,0
BRDA:151,12,1,0
BRDA:169,13,0,0
BRDA:169,13,1,0
BRDA:174,14,0,0
BRDA:174,14,1,0
BRDA:42,15,0,0
BRDA:42,15,1,0
BRDA:42,16,0,0
BRDA:42,16,1,0
BRF:34
BRH:0
end_of_record
TN:
SF:src\infrastructure\messaging\games.gateway.ts
FN:93,(anonymous_4)
FN:96,(anonymous_5)
FN:107,(anonymous_6)
FN:117,(anonymous_7)
FN:145,(anonymous_8)
FN:191,(anonymous_9)
FN:208,(anonymous_10)
FN:255,(anonymous_11)
FN:295,(anonymous_12)
FN:322,(anonymous_13)
FN:351,(anonymous_14)
FN:385,(anonymous_15)
FN:412,(anonymous_16)
FN:430,(anonymous_17)
FN:450,(anonymous_18)
FN:482,(anonymous_19)
FN:497,(anonymous_20)
FN:520,(anonymous_21)
FN:527,(anonymous_22)
FN:537,(anonymous_23)
FN:547,(anonymous_24)
FN:557,(anonymous_25)
FN:567,(anonymous_26)
FN:577,(anonymous_27)
FN:589,(anonymous_28)
FN:604,(anonymous_29)
FN:680,(anonymous_30)
FN:690,(anonymous_31)
FN:695,(anonymous_32)
FNF:29
FNH:0
FNDA:0,(anonymous_4)
FNDA:0,(anonymous_5)
FNDA:0,(anonymous_6)
FNDA:0,(anonymous_7)
FNDA:0,(anonymous_8)
FNDA:0,(anonymous_9)
FNDA:0,(anonymous_10)
FNDA:0,(anonymous_11)
FNDA:0,(anonymous_12)
FNDA:0,(anonymous_13)
FNDA:0,(anonymous_14)
FNDA:0,(anonymous_15)
FNDA:0,(anonymous_16)
FNDA:0,(anonymous_17)
FNDA:0,(anonymous_18)
FNDA:0,(anonymous_19)
FNDA:0,(anonymous_20)
FNDA:0,(anonymous_21)
FNDA:0,(anonymous_22)
FNDA:0,(anonymous_23)
FNDA:0,(anonymous_24)
FNDA:0,(anonymous_25)
FNDA:0,(anonymous_26)
FNDA:0,(anonymous_27)
FNDA:0,(anonymous_28)
FNDA:0,(anonymous_29)
FNDA:0,(anonymous_30)
FNDA:0,(anonymous_31)
FNDA:0,(anonymous_32)
DA:1,1
DA:10,1
DA:11,1
DA:12,1
DA:13,1
DA:14,1
DA:15,1
DA:16,1
DA:17,1
DA:18,1
DA:19,1
DA:22,1
DA:24,1
DA:27,1
DA:28,1
DA:38,1
DA:40,1
DA:42,0
DA:48,0
DA:53,0
DA:59,0
DA:65,0
DA:70,0
DA:78,0
DA:85,0
DA:91,0
DA:93,0
DA:97,0
DA:98,0
DA:99,0
DA:100,0
DA:101,0
DA:103,0
DA:104,0
DA:108,0
DA:109,0
DA:110,0
DA:116,0
DA:118,0
DA:119,0
DA:120,0
DA:123,0
DA:124,0
DA:125,0
DA:126,0
DA:129,0
DA:133,0
DA:134,0
DA:135,0
DA:137,0
DA:138,0
DA:140,0
DA:141,0
DA:146,0
DA:147,0
DA:152,0
DA:154,0
DA:156,0
DA:157,0
DA:158,0
DA:159,0
DA:160,0
DA:162,0
DA:165,0
DA:168,0
DA:169,0
DA:172,0
DA:173,0
DA:174,0
DA:175,0
DA:177,0
DA:178,0
DA:179,0
DA:180,0
DA:184,0
DA:190,0
DA:191,0
DA:192,0
DA:193,0
DA:194,0
DA:201,0
DA:202,0
DA:205,0
DA:208,0
DA:209,0
DA:210,0
DA:213,0
DA:214,0
DA:215,0
DA:216,0
DA:219,0
DA:220,0
DA:223,0
DA:226,0
DA:231,0
DA:234,0
DA:237,0
DA:238,0
DA:243,0
DA:247,0
DA:251,0
DA:255,1
DA:259,0
DA:260,0
DA:263,0
DA:264,0
DA:265,0
DA:269,0
DA:271,0
DA:272,0
DA:273,0
DA:274,0
DA:276,0
DA:277,0
DA:278,0
DA:279,0
DA:282,0
DA:283,0
DA:285,0
DA:288,0
DA:295,1
DA:299,0
DA:300,0
DA:301,0
DA:303,0
DA:304,0
DA:307,0
DA:308,0
DA:310,0
DA:311,0
DA:322,1
DA:326,0
DA:327,0
DA:329,0
DA:330,0
DA:331,0
DA:335,0
DA:336,0
DA:339,0
DA:344,0
DA:351,1
DA:355,0
DA:356,0
DA:358,0
DA:359,0
DA:360,0
DA:361,0
DA:363,0
DA:365,0
DA:366,0
DA:369,0
DA:370,0
DA:375,0
DA:377,0
DA:385,1
DA:389,0
DA:390,0
DA:392,0
DA:393,0
DA:394,0
DA:395,0
DA:397,0
DA:398,0
DA:400,0
DA:405,0
DA:412,1
DA:416,0
DA:417,0
DA:419,0
DA:420,0
DA:422,0
DA:423,0
DA:424,0
DA:430,1
DA:434,0
DA:435,0
DA:437,0
DA:438,0
DA:441,0
DA:442,0
DA:445,0
DA:446,0
DA:450,1
DA:454,0
DA:455,0
DA:457,0
DA:458,0
DA:459,0
DA:460,0
DA:462,0
DA:464,0
DA:465,0
DA:468,0
DA:469,0
DA:472,0
DA:475,0
DA:477,0
DA:482,1
DA:486,0
DA:487,0
DA:489,0
DA:490,0
DA:493,0
DA:497,1
DA:501,0
DA:502,0
DA:504,0
DA:505,0
DA:508,0
DA:509,0
DA:510,0
DA:521,0
DA:522,0
DA:527,1
DA:531,0
DA:532,0
DA:537,1
DA:541,0
DA:542,0
DA:547,1
DA:551,0
DA:552,0
DA:557,1
DA:561,0
DA:562,0
DA:567,1
DA:571,0
DA:572,0
DA:577,1
DA:581,0
DA:582,0
DA:589,1
DA:593,0
DA:594,0
DA:604,1
DA:608,0
DA:609,0
DA:611,0
DA:612,0
DA:615,0
DA:617,0
DA:622,0
DA:625,0
DA:631,0
DA:634,0
DA:635,0
DA:636,0
DA:637,0
DA:638,0
DA:641,0
DA:646,0
DA:647,0
DA:649,0
DA:650,0
DA:651,0
DA:652,0
DA:653,0
DA:654,0
DA:657,0
DA:659,0
DA:662,0
DA:663,0
DA:668,0
DA:671,0
DA:673,0
DA:674,0
DA:681,0
DA:682,0
DA:683,0
DA:684,0
DA:686,0
DA:687,0
DA:691,0
DA:692,0
DA:697,0
DA:698,0
DA:701,0
DA:702,0
DA:703,0
DA:704,0
DA:705,0
DA:706,0
DA:708,0
DA:709,0
DA:710,0
DA:711,0
DA:713,0
DA:717,0
DA:718,0
LF:289
LH:35
BRDA:99,0,0,0
BRDA:99,0,1,0
BRDA:99,1,0,0
BRDA:99,1,1,0
BRDA:116,2,0,0
BRDA:116,2,1,0
BRDA:118,3,0,0
BRDA:118,3,1,0
BRDA:120,4,0,0
BRDA:120,4,1,0
BRDA:123,5,0,0
BRDA:123,5,1,0
BRDA:134,6,0,0
BRDA:134,6,1,0
BRDA:148,7,0,0
BRDA:148,7,1,0
BRDA:154,8,0,0
BRDA:154,8,1,0
BRDA:156,9,0,0
BRDA:156,9,1,0
BRDA:158,10,0,0
BRDA:158,10,1,0
BRDA:169,11,0,0
BRDA:169,11,1,0
BRDA:173,12,0,0
BRDA:173,12,1,0
BRDA:178,13,0,0
BRDA:178,13,1,0
BRDA:193,14,0,0
BRDA:193,14,1,0
BRDA:214,15,0,0
BRDA:214,15,1,0
BRDA:226,16,0,0
BRDA:226,16,1,0
BRDA:227,17,0,0
BRDA:227,17,1,0
BRDA:227,17,2,0
BRDA:259,18,0,0
BRDA:259,18,1,0
BRDA:269,19,0,0
BRDA:269,19,1,0
BRDA:272,20,0,0
BRDA:272,20,1,0
BRDA:277,21,0,0
BRDA:277,21,1,0
BRDA:300,22,0,0
BRDA:300,22,1,0
BRDA:301,23,0,0
BRDA:301,23,1,0
BRDA:310,24,0,0
BRDA:310,24,1,0
BRDA:310,24,2,0
BRDA:327,25,0,0
BRDA:327,25,1,0
BRDA:330,26,0,0
BRDA:330,26,1,0
BRDA:356,27,0,0
BRDA:356,27,1,0
BRDA:359,28,0,0
BRDA:359,28,1,0
BRDA:360,29,0,0
BRDA:360,29,1,0
BRDA:377,30,0,0
BRDA:377,30,1,0
BRDA:390,31,0,0
BRDA:390,31,1,0
BRDA:393,32,0,0
BRDA:393,32,1,0
BRDA:394,33,0,0
BRDA:394,33,1,0
BRDA:417,34,0,0
BRDA:417,34,1,0
BRDA:420,35,0,0
BRDA:420,35,1,0
BRDA:435,36,0,0
BRDA:435,36,1,0
BRDA:437,37,0,0
BRDA:437,37,1,0
BRDA:455,38,0,0
BRDA:455,38,1,0
BRDA:458,39,0,0
BRDA:458,39,1,0
BRDA:459,40,0,0
BRDA:459,40,1,0
BRDA:477,41,0,0
BRDA:477,41,1,0
BRDA:487,42,0,0
BRDA:487,42,1,0
BRDA:502,43,0,0
BRDA:502,43,1,0
BRDA:504,44,0,0
BRDA:504,44,1,0
BRDA:522,45,0,0
BRDA:522,45,1,0
BRDA:531,46,0,0
BRDA:531,46,1,0
BRDA:541,47,0,0
BRDA:541,47,1,0
BRDA:551,48,0,0
BRDA:551,48,1,0
BRDA:561,49,0,0
BRDA:561,49,1,0
BRDA:571,50,0,0
BRDA:571,50,1,0
BRDA:581,51,0,0
BRDA:581,51,1,0
BRDA:593,52,0,0
BRDA:593,52,1,0
BRDA:609,53,0,0
BRDA:609,53,1,0
BRDA:617,54,0,0
BRDA:617,54,1,0
BRDA:618,55,0,0
BRDA:618,55,1,0
BRDA:618,55,2,0
BRDA:631,56,0,0
BRDA:631,56,1,0
BRDA:636,57,0,0
BRDA:636,57,1,0
BRDA:638,58,0,0
BRDA:638,58,1,0
BRDA:641,59,0,0
BRDA:641,59,1,0
BRDA:649,60,0,0
BRDA:649,60,1,0
BRDA:652,61,0,0
BRDA:652,61,1,0
BRDA:657,62,0,0
BRDA:657,62,1,0
BRDA:657,63,0,0
BRDA:657,63,1,0
BRDA:674,64,0,0
BRDA:674,64,1,0
BRDA:682,65,0,0
BRDA:682,65,1,0
BRDA:702,66,0,0
BRDA:702,66,1,0
BRDA:704,67,0,0
BRDA:704,67,1,0
BRDA:709,68,0,0
BRDA:709,68,1,0
BRDA:40,69,0,1
BRDA:40,69,1,0
BRDA:40,70,0,1
BRDA:40,70,1,1
BRDA:257,71,0,1
BRDA:257,71,1,0
BRDA:257,72,0,1
BRDA:257,72,1,1
BRDA:297,73,0,1
BRDA:297,73,1,0
BRDA:297,74,0,1
BRDA:297,74,1,1
BRDA:298,75,0,1
BRDA:298,75,1,0
BRDA:298,76,0,1
BRDA:298,76,1,1
BRDA:324,77,0,1
BRDA:324,77,1,0
BRDA:324,78,0,1
BRDA:324,78,1,1
BRDA:325,79,0,1
BRDA:325,79,1,0
BRDA:325,80,0,1
BRDA:325,80,1,1
BRDA:353,81,0,1
BRDA:353,81,1,0
BRDA:353,82,0,1
BRDA:353,82,1,1
BRDA:354,83,0,1
BRDA:354,83,1,0
BRDA:354,84,0,1
BRDA:354,84,1,1
BRDA:387,85,0,1
BRDA:387,85,1,0
BRDA:387,86,0,1
BRDA:387,86,1,1
BRDA:414,87,0,1
BRDA:414,87,1,0
BRDA:414,88,0,1
BRDA:414,88,1,1
BRDA:432,89,0,1
BRDA:432,89,1,0
BRDA:432,90,0,1
BRDA:432,90,1,1
BRDA:452,91,0,1
BRDA:452,91,1,0
BRDA:452,92,0,1
BRDA:452,92,1,1
BRDA:453,93,0,1
BRDA:453,93,1,0
BRDA:453,94,0,1
BRDA:453,94,1,1
BRDA:484,95,0,1
BRDA:484,95,1,0
BRDA:484,96,0,1
BRDA:484,96,1,1
BRDA:499,97,0,1
BRDA:499,97,1,0
BRDA:499,98,0,1
BRDA:499,98,1,1
BRDA:529,99,0,1
BRDA:529,99,1,0
BRDA:529,100,0,1
BRDA:529,100,1,1
BRDA:539,101,0,1
BRDA:539,101,1,0
BRDA:539,102,0,1
BRDA:539,102,1,1
BRDA:549,103,0,1
BRDA:549,103,1,0
BRDA:549,104,0,1
BRDA:549,104,1,1
BRDA:559,105,0,1
BRDA:559,105,1,0
BRDA:559,106,0,1
BRDA:559,106,1,1
BRDA:569,107,0,1
BRDA:569,107,1,0
BRDA:569,108,0,1
BRDA:569,108,1,1
BRDA:579,109,0,1
BRDA:579,109,1,0
BRDA:579,110,0,1
BRDA:579,110,1,1
BRDA:591,111,0,1
BRDA:591,111,1,0
BRDA:591,112,0,1
BRDA:591,112,1,1
BRDA:606,113,0,1
BRDA:606,113,1,0
BRDA:606,114,0,1
BRDA:606,114,1,1
BRDA:607,115,0,1
BRDA:607,115,1,0
BRDA:607,116,0,1
BRDA:607,116,1,1
BRDA:32,117,0,1
BRDA:32,117,1,0
BRDA:93,118,0,1
BRDA:93,118,1,0
BRDA:93,119,0,1
BRDA:93,119,1,1
BRF:243
BRH:76
end_of_record
TN:
SF:src\infrastructure\messaging\messaging.module.ts
FN:12,(anonymous_1)
FNF:1
FNH:0
FNDA:0,(anonymous_1)
DA:1,0
DA:2,0
DA:3,0
DA:4,0
DA:12,0
DA:23,0
LF:6
LH:0
BRDA:13,0,0,0
BRDA:13,0,1,0
BRF:2
BRH:0
end_of_record
TN:
SF:src\infrastructure\repositories\prisma-game.repository.ts
FN:20,(anonymous_2)
FN:22,(anonymous_3)
FN:59,(anonymous_4)
FN:83,(anonymous_5)
FN:109,(anonymous_6)
FN:125,(anonymous_7)
FN:128,(anonymous_8)
FN:139,(anonymous_9)
FN:142,(anonymous_10)
FN:153,(anonymous_11)
FN:156,(anonymous_12)
FN:162,(anonymous_13)
FN:179,(anonymous_14)
FN:182,(anonymous_15)
FN:190,(anonymous_16)
FN:213,(anonymous_17)
FN:237,(anonymous_18)
FN:252,(anonymous_19)
FN:267,(anonymous_20)
FN:282,(anonymous_21)
FNF:20
FNH:0
FNDA:0,(anonymous_2)
FNDA:0,(anonymous_3)
FNDA:0,(anonymous_4)
FNDA:0,(anonymous_5)
FNDA:0,(anonymous_6)
FNDA:0,(anonymous_7)
FNDA:0,(anonymous_8)
FNDA:0,(anonymous_9)
FNDA:0,(anonymous_10)
FNDA:0,(anonymous_11)
FNDA:0,(anonymous_12)
FNDA:0,(anonymous_13)
FNDA:0,(anonymous_14)
FNDA:0,(anonymous_15)
FNDA:0,(anonymous_16)
FNDA:0,(anonymous_17)
FNDA:0,(anonymous_18)
FNDA:0,(anonymous_19)
FNDA:0,(anonymous_20)
FNDA:0,(anonymous_21)
DA:1,0
DA:2,0
DA:4,0
DA:6,0
DA:19,0
DA:20,0
DA:23,0
DA:56,0
DA:60,0
DA:70,0
DA:71,0
DA:74,0
DA:80,0
DA:84,0
DA:89,0
DA:102,0
DA:106,0
DA:110,0
DA:125,0
DA:129,0
DA:139,0
DA:143,0
DA:153,0
DA:157,0
DA:166,0
DA:179,0
DA:183,0
DA:191,0
DA:195,0
DA:198,0
DA:199,0
DA:200,0
DA:201,0
DA:202,0
DA:206,0
DA:210,0
DA:216,0
DA:219,0
DA:222,0
DA:226,0
DA:234,0
DA:238,0
DA:239,0
DA:249,0
DA:254,0
DA:273,0
DA:285,0
DA:286,0
DA:288,0
DA:290,0
DA:322,0
DA:323,0
DA:327,0
DA:328,0
DA:331,0
LF:55
LH:0
BRDA:70,0,0,0
BRDA:70,0,1,0
BRDA:77,1,0,0
BRDA:77,1,1,0
BRDA:195,2,0,0
BRDA:195,2,1,0
BRDA:198,3,0,0
BRDA:198,3,1,0
BRDA:201,4,0,0
BRDA:201,4,1,0
BRDA:219,5,0,0
BRDA:219,5,1,0
BRDA:222,6,0,0
BRDA:222,6,1,0
BRDA:285,7,0,0
BRDA:285,7,1,0
BRDA:288,8,0,0
BRDA:288,8,1,0
BRDA:299,9,0,0
BRDA:299,9,1,0
BRDA:299,9,2,0
BRDA:301,10,0,0
BRDA:301,10,1,0
BRDA:316,11,0,0
BRDA:316,11,1,0
BRDA:317,12,0,0
BRDA:317,12,1,0
BRDA:322,13,0,0
BRDA:322,13,1,0
BRDA:327,14,0,0
BRDA:327,14,1,0
BRDA:20,15,0,0
BRDA:20,15,1,0
BRDA:20,16,0,0
BRDA:20,16,1,0
BRF:35
BRH:0
end_of_record
TN:
SF:src\infrastructure\repositories\prisma-matchmaking.repository.ts
FN:10,(anonymous_2)
FN:12,(anonymous_3)
FN:37,(anonymous_4)
FN:51,(anonymous_5)
FN:54,(anonymous_6)
FN:59,(anonymous_7)
FN:66,(anonymous_8)
FNF:7
FNH:0
FNDA:0,(anonymous_2)
FNDA:0,(anonymous_3)
FNDA:0,(anonymous_4)
FNDA:0,(anonymous_5)
FNDA:0,(anonymous_6)
FNDA:0,(anonymous_7)
FNDA:0,(anonymous_8)
DA:1,0
DA:2,0
DA:9,0
DA:10,0
DA:15,0
DA:34,0
DA:41,0
DA:48,0
DA:52,0
DA:60,0
DA:61,0
DA:76,0
LF:12
LH:0
BRDA:21,0,0,0
BRDA:21,0,1,0
BRDA:22,1,0,0
BRDA:22,1,1,0
BRDA:23,2,0,0
BRDA:23,2,1,0
BRDA:29,3,0,0
BRDA:29,3,1,0
BRDA:30,4,0,0
BRDA:30,4,1,0
BRDA:31,5,0,0
BRDA:31,5,1,0
BRDA:48,6,0,0
BRDA:48,6,1,0
BRDA:10,7,0,0
BRDA:10,7,1,0
BRDA:10,8,0,0
BRDA:10,8,1,0
BRF:18
BRH:0
end_of_record
TN:
SF:src\infrastructure\repositories\prisma-move.repository.ts
FN:14,(anonymous_2)
FN:16,(anonymous_3)
FN:25,(anonymous_4)
FN:36,(anonymous_5)
FN:48,(anonymous_6)
FN:54,(anonymous_7)
FN:57,(anonymous_8)
FN:69,(anonymous_9)
FN:72,(anonymous_10)
FN:78,(anonymous_11)
FN:91,(anonymous_12)
FN:100,(anonymous_13)
FN:108,(anonymous_14)
FNF:13
FNH:0
FNDA:0,(anonymous_2)
FNDA:0,(anonymous_3)
FNDA:0,(anonymous_4)
FNDA:0,(anonymous_5)
FNDA:0,(anonymous_6)
FNDA:0,(anonymous_7)
FNDA:0,(anonymous_8)
FNDA:0,(anonymous_9)
FNDA:0,(anonymous_10)
FNDA:0,(anonymous_11)
FNDA:0,(anonymous_12)
FNDA:0,(anonymous_13)
FNDA:0,(anonymous_14)
DA:1,0
DA:2,0
DA:4,0
DA:5,0
DA:13,0
DA:14,0
DA:17,0
DA:25,0
DA:33,0
DA:37,0
DA:41,0
DA:42,0
DA:45,0
DA:49,0
DA:54,0
DA:62,0
DA:69,0
DA:73,0
DA:79,0
DA:84,0
DA:85,0
DA:88,0
DA:92,0
DA:101,0
DA:108,0
LF:25
LH:0
BRDA:41,0,0,0
BRDA:41,0,1,0
BRDA:84,1,0,0
BRDA:84,1,1,0
BRDA:14,2,0,0
BRDA:14,2,1,0
BRDA:14,3,0,0
BRDA:14,3,1,0
BRF:8
BRH:0
end_of_record
TN:
SF:src\infrastructure\repositories\repository.module.ts
FNF:0
FNH:0
DA:1,0
DA:2,0
DA:3,0
DA:4,0
DA:5,0
DA:29,0
LF:6
LH:0
BRF:0
BRH:0
end_of_record
TN:
SF:src\infrastructure\sms\beam-africa.service.ts
FN:17,(anonymous_3)
FN:34,(anonymous_4)
FN:101,(anonymous_5)
FNF:3
FNH:0
FNDA:0,(anonymous_3)
FNDA:0,(anonymous_4)
FNDA:0,(anonymous_5)
DA:1,0
DA:2,0
DA:3,0
DA:10,0
DA:11,0
DA:15,0
DA:17,0
DA:18,0
DA:19,0
DA:20,0
DA:23,0
DA:24,0
DA:35,0
DA:37,0
DA:38,0
DA:39,0
DA:42,0
DA:44,0
DA:46,0
DA:68,0
DA:73,0
DA:77,0
DA:78,0
DA:80,0
DA:83,0
DA:86,0
DA:89,0
DA:90,0
DA:91,0
DA:94,0
DA:102,0
DA:103,0
DA:110,0
DA:112,0
DA:113,0
LF:35
LH:0
BRDA:18,0,0,0
BRDA:18,0,1,0
BRDA:19,1,0,0
BRDA:19,1,1,0
BRDA:21,2,0,0
BRDA:21,2,1,0
BRDA:23,3,0,0
BRDA:23,3,1,0
BRDA:23,4,0,0
BRDA:23,4,1,0
BRDA:73,5,0,0
BRDA:73,5,1,0
BRDA:74,6,0,0
BRDA:74,6,1,0
BRDA:89,7,0,0
BRDA:89,7,1,0
BRDA:110,8,0,0
BRDA:110,8,1,0
BRDA:17,9,0,0
BRDA:17,9,1,0
BRDA:17,10,0,0
BRDA:17,10,1,0
BRF:22
BRH:0
end_of_record
TN:
SF:src\infrastructure\tasks\cleanup.service.ts
FN:13,(anonymous_2)
FN:21,(anonymous_3)
FN:44,(anonymous_4)
FNF:3
FNH:0
FNDA:0,(anonymous_2)
FNDA:0,(anonymous_3)
FNDA:0,(anonymous_4)
DA:1,0
DA:2,0
DA:3,0
DA:10,0
DA:11,0
DA:13,0
DA:21,0
DA:22,0
DA:24,0
DA:34,0
DA:35,0
DA:44,0
DA:45,0
DA:47,0
DA:51,0
DA:52,0
LF:16
LH:0
BRDA:34,0,0,0
BRDA:34,0,1,0
BRDA:51,1,0,0
BRDA:51,1,1,0
BRDA:21,2,0,0
BRDA:21,2,1,0
BRDA:21,3,0,0
BRDA:21,3,1,0
BRDA:44,4,0,0
BRDA:44,4,1,0
BRDA:44,5,0,0
BRDA:44,5,1,0
BRDA:13,6,0,0
BRDA:13,6,1,0
BRDA:13,7,0,0
BRDA:13,7,1,0
BRF:16
BRH:0
end_of_record
TN:
SF:src\infrastructure\tasks\tasks.module.ts
FNF:0
FNH:0
DA:1,0
DA:2,0
DA:3,0
DA:9,0
LF:4
LH:0
BRF:0
BRH:0
end_of_record
TN:
SF:src\interface\http\http.module.ts
FNF:0
FNH:0
DA:1,0
DA:2,0
DA:3,0
DA:4,0
DA:5,0
DA:6,0
DA:7,0
DA:8,0
DA:9,0
DA:25,0
LF:10
LH:0
BRF:0
BRH:0
end_of_record
TN:
SF:src\interface\http\controllers\ai.controller.ts
FN:26,(anonymous_4)
FN:32,(anonymous_5)
FNF:2
FNH:0
FNDA:0,(anonymous_4)
FNDA:0,(anonymous_5)
DA:1,0
DA:2,0
DA:3,0
DA:5,0
DA:25,0
DA:26,0
DA:32,0
DA:33,0
DA:41,0
LF:9
LH:0
BRDA:37,0,0,0
BRDA:37,0,1,0
BRDA:38,1,0,0
BRDA:38,1,1,0
BRDA:26,2,0,0
BRDA:26,2,1,0
BRDA:26,3,0,0
BRDA:26,3,1,0
BRF:8
BRH:0
end_of_record
TN:
SF:src\interface\http\controllers\game.controller.ts
FN:41,(anonymous_4)
FN:56,(anonymous_5)
FN:77,(anonymous_6)
FN:98,(anonymous_7)
FN:130,(anonymous_8)
FN:152,(anonymous_9)
FN:169,(anonymous_10)
FN:201,(anonymous_11)
FN:212,(anonymous_12)
FN:231,(anonymous_13)
FN:247,(anonymous_14)
FN:263,(anonymous_15)
FN:281,(anonymous_16)
FNF:13
FNH:0
FNDA:0,(anonymous_4)
FNDA:0,(anonymous_5)
FNDA:0,(anonymous_6)
FNDA:0,(anonymous_7)
FNDA:0,(anonymous_8)
FNDA:0,(anonymous_9)
FNDA:0,(anonymous_10)
FNDA:0,(anonymous_11)
FNDA:0,(anonymous_12)
FNDA:0,(anonymous_13)
FNDA:0,(anonymous_14)
FNDA:0,(anonymous_15)
FNDA:0,(anonymous_16)
DA:1,0
DA:11,0
DA:17,0
DA:18,0
DA:19,0
DA:20,0
DA:21,0
DA:22,0
DA:27,0
DA:28,0
DA:29,0
DA:30,0
DA:40,0
DA:42,0
DA:43,0
DA:44,0
DA:45,0
DA:46,0
DA:56,0
DA:57,0
DA:64,0
DA:77,0
DA:78,0
DA:85,0
DA:98,0
DA:104,0
DA:110,0
DA:117,0
DA:130,0
DA:131,0
DA:137,0
DA:139,0
DA:152,0
DA:153,0
DA:155,0
DA:156,0
DA:169,0
DA:170,0
DA:177,0
DA:179,0
DA:185,0
DA:201,0
DA:202,0
DA:212,0
DA:213,0
DA:215,0
DA:231,0
DA:232,0
DA:233,0
DA:238,0
DA:247,0
DA:248,0
DA:249,0
DA:254,0
DA:263,0
DA:264,0
DA:267,0
DA:272,0
DA:281,0
DA:286,0
DA:292,0
LF:61
LH:0
BRDA:60,0,0,0
BRDA:60,0,1,0
BRDA:61,1,0,0
BRDA:61,1,1,0
BRDA:81,2,0,0
BRDA:81,2,1,0
BRDA:104,3,0,0
BRDA:104,3,1,0
BRDA:105,4,0,0
BRDA:105,4,1,0
BRDA:113,5,0,0
BRDA:113,5,1,0
BRDA:114,6,0,0
BRDA:114,6,1,0
BRDA:173,7,0,0
BRDA:173,7,1,0
BRDA:174,8,0,0
BRDA:174,8,1,0
BRDA:177,9,0,0
BRDA:177,9,1,0
BRDA:189,10,0,0
BRDA:189,10,1,0
BRDA:283,11,0,0
BRDA:284,12,0,0
BRDA:56,13,0,0
BRDA:56,13,1,0
BRDA:56,14,0,0
BRDA:56,14,1,0
BRDA:77,15,0,0
BRDA:77,15,1,0
BRDA:77,16,0,0
BRDA:77,16,1,0
BRDA:100,17,0,0
BRDA:100,17,1,0
BRDA:100,18,0,0
BRDA:100,18,1,0
BRDA:169,19,0,0
BRDA:169,19,1,0
BRDA:169,20,0,0
BRDA:169,20,1,0
BRDA:42,21,0,0
BRDA:42,21,1,0
BRDA:42,22,0,0
BRDA:42,22,1,0
BRDA:42,23,0,0
BRDA:42,23,1,0
BRDA:42,24,0,0
BRDA:42,24,1,0
BRDA:43,25,0,0
BRDA:43,25,1,0
BRDA:43,26,0,0
BRDA:43,26,1,0
BRDA:44,27,0,0
BRDA:44,27,1,0
BRDA:44,28,0,0
BRDA:44,28,1,0
BRDA:45,29,0,0
BRDA:45,29,1,0
BRDA:45,30,0,0
BRDA:45,30,1,0
BRF:60
BRH:0
end_of_record
TN:
SF:src\interface\http\controllers\move.controller.ts
FN:34,(anonymous_4)
FN:48,(anonymous_5)
FN:73,(anonymous_6)
FN:88,(anonymous_7)
FN:110,(anonymous_8)
FN:126,(anonymous_9)
FN:143,(anonymous_10)
FNF:7
FNH:0
FNDA:0,(anonymous_4)
FNDA:0,(anonymous_5)
FNDA:0,(anonymous_6)
FNDA:0,(anonymous_7)
FNDA:0,(anonymous_8)
FNDA:0,(anonymous_9)
FNDA:0,(anonymous_10)
DA:1,0
DA:12,0
DA:18,0
DA:19,0
DA:20,0
DA:21,0
DA:22,0
DA:23,0
DA:33,0
DA:35,0
DA:36,0
DA:37,0
DA:48,0
DA:53,0
DA:61,0
DA:73,0
DA:74,0
DA:76,0
DA:88,0
DA:92,0
DA:97,0
DA:110,0
DA:111,0
DA:113,0
DA:126,0
DA:127,0
DA:129,0
DA:143,0
DA:144,0
DA:146,0
LF:30
LH:0
BRDA:51,0,0,0
BRDA:51,0,1,0
BRDA:51,1,0,0
BRDA:51,1,1,0
BRDA:35,2,0,0
BRDA:35,2,1,0
BRDA:35,3,0,0
BRDA:35,3,1,0
BRDA:35,4,0,0
BRDA:35,4,1,0
BRDA:35,5,0,0
BRDA:35,5,1,0
BRDA:36,6,0,0
BRDA:36,6,1,0
BRDA:36,7,0,0
BRDA:36,7,1,0
BRF:16
BRH:0
end_of_record
TN:
SF:src\interface\http\controllers\support.controller.ts
FN:7,(anonymous_4)
FN:11,(anonymous_5)
FNF:2
FNH:0
FNDA:0,(anonymous_4)
FNDA:0,(anonymous_5)
DA:1,0
DA:2,0
DA:3,0
DA:6,0
DA:7,0
DA:11,0
DA:14,0
DA:16,0
DA:22,0
LF:9
LH:0
BRDA:12,0,0,0
BRDA:12,0,1,0
BRDA:12,1,0,0
BRDA:12,1,1,0
BRDA:7,2,0,0
BRDA:7,2,1,0
BRDA:7,3,0,0
BRDA:7,3,1,0
BRF:8
BRH:0
end_of_record
TN:
SF:src\interface\http\dtos\create-game.dto.ts
FNF:0
FNH:0
DA:1,0
DA:9,0
DA:10,0
DA:18,0
DA:24,0
DA:33,0
DA:39,0
DA:46,0
DA:49,0
DA:53,0
DA:58,0
DA:63,0
DA:69,0
DA:72,0
DA:76,0
DA:81,0
DA:89,0
DA:94,0
LF:18
LH:0
BRDA:76,0,0,0
BRDA:76,0,1,0
BRDA:76,1,0,0
BRDA:76,1,1,0
BRF:4
BRH:0
end_of_record
TN:
SF:src\interface\http\dtos\join-queue.dto.ts
FNF:0
FNH:0
DA:1,0
DA:2,0
DA:5,0
DA:8,0
DA:14,0
DA:19,0
LF:6
LH:0
BRDA:14,0,0,0
BRDA:14,0,1,0
BRDA:14,1,0,0
BRDA:14,1,1,0
BRF:4
BRH:0
end_of_record
TN:
SF:src\interface\http\dtos\make-move.dto.ts
FNF:0
FNH:0
DA:1,0
DA:2,0
DA:7,0
DA:16,0
DA:26,0
DA:35,0
LF:6
LH:0
BRF:0
BRH:0
end_of_record
TN:
SF:src\interface\http\dtos\support.dto.ts
FN:9,(anonymous_2)
FNF:1
FNH:0
FNDA:0,(anonymous_2)
DA:1,0
DA:9,0
DA:10,0
DA:11,0
DA:12,0
DA:13,0
DA:16,0
DA:19,0
DA:23,0
DA:27,0
DA:31,0
LF:11
LH:0
BRDA:9,0,0,0
BRDA:9,0,1,0
BRF:2
BRH:0
end_of_record
TN:
SF:src\shared\constants\game.constants.ts
FN:4,(anonymous_0)
FN:14,(anonymous_1)
FN:23,(anonymous_2)
FN:31,(anonymous_3)
FN:40,(anonymous_4)
FN:59,(anonymous_5)
FN:80,(anonymous_6)
FNF:7
FNH:7
FNDA:5,(anonymous_0)
FNDA:5,(anonymous_1)
FNDA:5,(anonymous_2)
FNDA:5,(anonymous_3)
FNDA:5,(anonymous_4)
FNDA:5,(anonymous_5)
FNDA:5,(anonymous_6)
DA:4,5
DA:5,5
DA:6,5
DA:7,5
DA:8,5
DA:14,5
DA:15,5
DA:16,5
DA:17,5
DA:23,5
DA:24,5
DA:25,5
DA:31,5
DA:32,5
DA:33,5
DA:34,5
DA:40,5
DA:41,5
DA:42,5
DA:43,5
DA:44,5
DA:45,5
DA:46,5
DA:52,5
DA:53,5
DA:54,5
DA:59,5
DA:60,5
DA:61,5
DA:67,5
DA:80,5
DA:81,5
DA:82,5
DA:83,5
DA:89,5
DA:98,5
DA:103,5
LF:37
LH:37
BRDA:4,0,0,5
BRDA:4,0,1,5
BRDA:14,1,0,5
BRDA:14,1,1,5
BRDA:23,2,0,5
BRDA:23,2,1,5
BRDA:31,3,0,5
BRDA:31,3,1,5
BRDA:40,4,0,5
BRDA:40,4,1,5
BRDA:59,5,0,5
BRDA:59,5,1,5
BRDA:80,6,0,5
BRDA:80,6,1,5
BRF:14
BRH:14
end_of_record
TN:
SF:src\shared\utils\phone.util.ts
FN:11,normalizePhoneNumber
FN:36,isValidTanzanianPhone
FN:51,formatPhoneNumber
FNF:3
FNH:0
FNDA:0,normalizePhoneNumber
FNDA:0,isValidTanzanianPhone
FNDA:0,formatPhoneNumber
DA:11,0
DA:13,0
DA:16,0
DA:17,0
DA:20,0
DA:21,0
DA:24,0
DA:25,0
DA:28,0
DA:36,0
DA:37,0
DA:41,0
DA:43,0
DA:51,0
DA:52,0
DA:54,0
DA:55,0
DA:56,0
DA:59,0
LF:19
LH:0
BRDA:16,0,0,0
BRDA:16,0,1,0
BRDA:20,1,0,0
BRDA:20,1,1,0
BRDA:24,2,0,0
BRDA:24,2,1,0
BRDA:24,3,0,0
BRDA:24,3,1,0
BRDA:54,4,0,0
BRDA:54,4,1,0
BRF:10
BRH:0
end_of_record
